[ 2013-12-18T09:23:27+08:00 ] / | INFO: Tag[ app_begin ] --START--
[ 2013-12-18T09:23:27+08:00 ] / | INFO: Run ReadHtmlCache Behavior [ RunTime:0.010687s ]
[ 2013-12-18T09:23:27+08:00 ] / | INFO: Tag[ app_begin ] --END-- [ RunTime:0.011128s ]
[ 2013-12-18T09:23:27+08:00 ] / | SQL: SHOW COLUMNS FROM `indexmenu` [ RunTime:0.114849s ]
[ 2013-12-18T09:23:27+08:00 ] / | SQL: SELECT * FROM `indexmenu` WHERE isdel=0 ORDER BY sort  [ RunTime:0.026765s ]
[ 2013-12-18T09:23:27+08:00 ] / | INFO: Tag[ view_template ] --START--
[ 2013-12-18T09:23:27+08:00 ] / | INFO: Run LocationTemplate Behavior [ RunTime:0.053520s ]
[ 2013-12-18T09:23:27+08:00 ] / | INFO: Tag[ view_template ] --END-- [ RunTime:0.053769s ]
[ 2013-12-18T09:23:27+08:00 ] / | INFO: Tag[ view_parse ] --START--
[ 2013-12-18T09:23:27+08:00 ] / | NOTIC: [8] Undefined index:  uname 04b74bac16018df793b2b10a9602b31e.php 第 16 行.
[ 2013-12-18T09:23:27+08:00 ] / | INFO: Run ParseTemplate Behavior [ RunTime:0.076745s ]
[ 2013-12-18T09:23:27+08:00 ] / | INFO: Tag[ view_parse ] --END-- [ RunTime:0.076912s ]
[ 2013-12-18T09:23:27+08:00 ] / | INFO: Tag[ view_filter ] --START--
[ 2013-12-18T09:23:28+08:00 ] / | INFO: Run ContentReplace Behavior [ RunTime:0.040611s ]
[ 2013-12-18T09:23:28+08:00 ] / | INFO: Run TokenBuild Behavior [ RunTime:0.045015s ]
[ 2013-12-18T09:23:28+08:00 ] / | INFO: Run WriteHtmlCache Behavior [ RunTime:0.003167s ]
[ 2013-12-18T09:23:28+08:00 ] / | INFO: Run ShowRuntime Behavior [ RunTime:0.008809s ]
[ 2013-12-18T09:23:28+08:00 ] / | INFO: Tag[ view_filter ] --END-- [ RunTime:0.098052s ]
[ 2013-12-18T09:23:28+08:00 ] / | SQL: SHOW COLUMNS FROM `news` [ RunTime:0.041703s ]
[ 2013-12-18T09:23:28+08:00 ] / | SQL: SELECT `id`,`newtitle`,`count` FROM `news` ORDER BY count LIMIT 10   [ RunTime:0.038086s ]
[ 2013-12-18T09:23:28+08:00 ] / | INFO: Tag[ view_template ] --START--
[ 2013-12-18T09:23:28+08:00 ] / | INFO: Run LocationTemplate Behavior [ RunTime:0.002823s ]
[ 2013-12-18T09:23:28+08:00 ] / | INFO: Tag[ view_template ] --END-- [ RunTime:-0.256536s ]
[ 2013-12-18T09:23:28+08:00 ] / | INFO: Tag[ view_parse ] --START--
[ 2013-12-18T09:23:28+08:00 ] / | INFO: Run ParseTemplate Behavior [ RunTime:0.024548s ]
[ 2013-12-18T09:23:28+08:00 ] / | INFO: Tag[ view_parse ] --END-- [ RunTime:-0.182816s ]
[ 2013-12-18T09:23:28+08:00 ] / | INFO: Tag[ view_filter ] --START--
[ 2013-12-18T09:23:28+08:00 ] / | INFO: Run ContentReplace Behavior [ RunTime:0.000162s ]
[ 2013-12-18T09:23:28+08:00 ] / | INFO: Run TokenBuild Behavior [ RunTime:0.000117s ]
[ 2013-12-18T09:23:28+08:00 ] / | INFO: Run WriteHtmlCache Behavior [ RunTime:0.000034s ]
[ 2013-12-18T09:23:28+08:00 ] / | INFO: Run ShowRuntime Behavior [ RunTime:0.000210s ]
[ 2013-12-18T09:23:28+08:00 ] / | INFO: Tag[ view_filter ] --END-- [ RunTime:-0.109524s ]
[ 2013-12-18T09:23:28+08:00 ] / | INFO: Tag[ view_template ] --START--
[ 2013-12-18T09:23:28+08:00 ] / | INFO: Run LocationTemplate Behavior [ RunTime:0.002019s ]
[ 2013-12-18T09:23:28+08:00 ] / | INFO: Tag[ view_template ] --END-- [ RunTime:-0.285559s ]
[ 2013-12-18T09:23:28+08:00 ] / | INFO: Tag[ view_parse ] --START--
[ 2013-12-18T09:23:28+08:00 ] / | INFO: Run ParseTemplate Behavior [ RunTime:0.005456s ]
[ 2013-12-18T09:23:28+08:00 ] / | INFO: Tag[ view_parse ] --END-- [ RunTime:-0.210777s ]
[ 2013-12-18T09:23:28+08:00 ] / | INFO: Tag[ view_filter ] --START--
[ 2013-12-18T09:23:28+08:00 ] / | INFO: Run ContentReplace Behavior [ RunTime:0.000138s ]
[ 2013-12-18T09:23:28+08:00 ] / | INFO: Run TokenBuild Behavior [ RunTime:0.000117s ]
[ 2013-12-18T09:23:28+08:00 ] / | INFO: Run WriteHtmlCache Behavior [ RunTime:0.000034s ]
[ 2013-12-18T09:23:28+08:00 ] / | INFO: Run ShowRuntime Behavior [ RunTime:0.000225s ]
[ 2013-12-18T09:23:28+08:00 ] / | INFO: Tag[ view_filter ] --END-- [ RunTime:-0.118347s ]
[ 2013-12-18T09:23:28+08:00 ] / | SQL: SELECT `id`,`newtitle`,`fstcreate` FROM `news` ORDER BY id LIMIT 10   [ RunTime:0.000993s ]
[ 2013-12-18T09:23:28+08:00 ] / | SQL: SELECT `id`,`newtitle`,`fstcreate`,`count` FROM `news` ORDER BY count,id LIMIT 10   [ RunTime:0.000934s ]
[ 2013-12-18T09:23:28+08:00 ] / | SQL: SELECT news.id,count(comment.type) as counts,news.newtitle FROM `news` left join comment on comment.type=news.id WHERE comment.isdel=1 GROUP BY comment.type ORDER BY counts desc  [ RunTime:0.068153s ]
[ 2013-12-18T09:23:28+08:00 ] / | INFO: Tag[ view_template ] --START--
[ 2013-12-18T09:23:28+08:00 ] / | INFO: Run LocationTemplate Behavior [ RunTime:0.002594s ]
[ 2013-12-18T09:23:28+08:00 ] / | INFO: Tag[ view_template ] --END-- [ RunTime:-0.366594s ]
[ 2013-12-18T09:23:28+08:00 ] / | INFO: Tag[ view_parse ] --START--
[ 2013-12-18T09:23:28+08:00 ] / | INFO: Run ParseTemplate Behavior [ RunTime:0.037615s ]
[ 2013-12-18T09:23:28+08:00 ] / | INFO: Tag[ view_parse ] --END-- [ RunTime:-0.292461s ]
[ 2013-12-18T09:23:28+08:00 ] / | INFO: Tag[ view_filter ] --START--
[ 2013-12-18T09:23:28+08:00 ] / | INFO: Run ContentReplace Behavior [ RunTime:0.000192s ]
[ 2013-12-18T09:23:28+08:00 ] / | INFO: Run TokenBuild Behavior [ RunTime:0.000117s ]
[ 2013-12-18T09:23:28+08:00 ] / | INFO: Run WriteHtmlCache Behavior [ RunTime:0.000034s ]
[ 2013-12-18T09:23:28+08:00 ] / | INFO: Run ShowRuntime Behavior [ RunTime:0.000202s ]
[ 2013-12-18T09:23:28+08:00 ] / | INFO: Tag[ view_filter ] --END-- [ RunTime:-0.232149s ]
[ 2013-12-18T09:23:28+08:00 ] / | SQL: SHOW COLUMNS FROM `newtype` [ RunTime:0.042434s ]
[ 2013-12-18T09:23:28+08:00 ] / | SQL: SELECT * FROM `newtype` WHERE isdel=0   [ RunTime:0.001014s ]
[ 2013-12-18T09:23:28+08:00 ] / | INFO: Tag[ view_template ] --START--
[ 2013-12-18T09:23:28+08:00 ] / | INFO: Run LocationTemplate Behavior [ RunTime:0.002841s ]
[ 2013-12-18T09:23:28+08:00 ] / | INFO: Tag[ view_template ] --END-- [ RunTime:-0.453137s ]
[ 2013-12-18T09:23:28+08:00 ] / | INFO: Tag[ view_parse ] --START--
[ 2013-12-18T09:23:28+08:00 ] / | INFO: Run ParseTemplate Behavior [ RunTime:0.007490s ]
[ 2013-12-18T09:23:28+08:00 ] / | INFO: Tag[ view_parse ] --END-- [ RunTime:-0.379376s ]
[ 2013-12-18T09:23:28+08:00 ] / | INFO: Tag[ view_filter ] --START--
[ 2013-12-18T09:23:28+08:00 ] / | INFO: Run ContentReplace Behavior [ RunTime:0.000518s ]
[ 2013-12-18T09:23:28+08:00 ] / | INFO: Run TokenBuild Behavior [ RunTime:0.000126s ]
[ 2013-12-18T09:23:28+08:00 ] / | INFO: Run WriteHtmlCache Behavior [ RunTime:0.000035s ]
[ 2013-12-18T09:23:28+08:00 ] / | INFO: Run ShowRuntime Behavior [ RunTime:0.000203s ]
[ 2013-12-18T09:23:28+08:00 ] / | INFO: Tag[ view_filter ] --END-- [ RunTime:-0.289176s ]
[ 2013-12-18T09:23:28+08:00 ] / | SQL: SELECT COUNT(*) AS tp_count FROM `news` join newtype on newtype.id=news.newtype LIMIT 1   [ RunTime:0.004995s ]
[ 2013-12-18T09:23:28+08:00 ] / | SQL: SELECT news.id,news.newtitle,news.author,news.fstcreate,news.newcontent,`count`,`typename`,`entypename`,`newimg` FROM `news` join newtype on newtype.id=news.newtype ORDER BY id desc  LIMIT 0,32   [ RunTime:0.004518s ]
[ 2013-12-18T09:23:28+08:00 ] / | INFO: Tag[ view_template ] --START--
[ 2013-12-18T09:23:28+08:00 ] / | INFO: Run LocationTemplate Behavior [ RunTime:0.004164s ]
[ 2013-12-18T09:23:28+08:00 ] / | INFO: Tag[ view_template ] --END-- [ RunTime:-0.477756s ]
[ 2013-12-18T09:23:28+08:00 ] / | INFO: Tag[ view_parse ] --START--
[ 2013-12-18T09:23:28+08:00 ] / | INFO: Run ParseTemplate Behavior [ RunTime:0.048746s ]
[ 2013-12-18T09:23:28+08:00 ] / | INFO: Tag[ view_parse ] --END-- [ RunTime:-0.405618s ]
[ 2013-12-18T09:23:28+08:00 ] / | INFO: Tag[ view_filter ] --START--
[ 2013-12-18T09:23:28+08:00 ] / | INFO: Run ContentReplace Behavior [ RunTime:0.000903s ]
[ 2013-12-18T09:23:28+08:00 ] / | INFO: Run TokenBuild Behavior [ RunTime:0.000226s ]
[ 2013-12-18T09:23:28+08:00 ] / | INFO: Run WriteHtmlCache Behavior [ RunTime:0.000069s ]
[ 2013-12-18T09:23:28+08:00 ] / | INFO: Run ShowRuntime Behavior [ RunTime:0.000507s ]
[ 2013-12-18T09:23:28+08:00 ] / | INFO: Tag[ view_filter ] --END-- [ RunTime:-0.356664s ]
[ 2013-12-18T09:23:28+08:00 ] / | INFO: Tag[ view_template ] --START--
[ 2013-12-18T09:23:28+08:00 ] / | INFO: Run LocationTemplate Behavior [ RunTime:0.001810s ]
[ 2013-12-18T09:23:28+08:00 ] / | INFO: Tag[ view_template ] --END-- [ RunTime:-0.534193s ]
[ 2013-12-18T09:23:28+08:00 ] / | INFO: Tag[ view_parse ] --START--
[ 2013-12-18T09:23:28+08:00 ] / | INFO: Run ParseTemplate Behavior [ RunTime:0.010043s ]
[ 2013-12-18T09:23:28+08:00 ] / | INFO: Tag[ view_parse ] --END-- [ RunTime:-0.459251s ]
[ 2013-12-18T09:23:28+08:00 ] / | INFO: Tag[ view_filter ] --START--
[ 2013-12-18T09:23:28+08:00 ] / | INFO: Run ContentReplace Behavior [ RunTime:0.000155s ]
[ 2013-12-18T09:23:28+08:00 ] / | INFO: Run TokenBuild Behavior [ RunTime:0.000117s ]
[ 2013-12-18T09:23:28+08:00 ] / | INFO: Run WriteHtmlCache Behavior [ RunTime:0.000034s ]
[ 2013-12-18T09:23:28+08:00 ] / | INFO: Run ShowRuntime Behavior [ RunTime:0.000527s ]
[ 2013-12-18T09:23:28+08:00 ] / | INFO: Tag[ view_filter ] --END-- [ RunTime:-0.371393s ]
[ 2013-12-18T09:23:28+08:00 ] / | INFO: Tag[ view_template ] --START--
[ 2013-12-18T09:23:28+08:00 ] / | INFO: Run LocationTemplate Behavior [ RunTime:0.001991s ]
[ 2013-12-18T09:23:28+08:00 ] / | INFO: Tag[ view_template ] --END-- [ RunTime:-0.548015s ]
[ 2013-12-18T09:23:28+08:00 ] / | INFO: Tag[ view_parse ] --START--
[ 2013-12-18T09:23:28+08:00 ] / | INFO: Run ParseTemplate Behavior [ RunTime:0.039429s ]
[ 2013-12-18T09:23:28+08:00 ] / | INFO: Tag[ view_parse ] --END-- [ RunTime:-0.473265s ]
[ 2013-12-18T09:23:28+08:00 ] / | INFO: Tag[ view_filter ] --START--
[ 2013-12-18T09:23:28+08:00 ] / | INFO: Run ContentReplace Behavior [ RunTime:0.000572s ]
[ 2013-12-18T09:23:28+08:00 ] / | INFO: Run TokenBuild Behavior [ RunTime:0.000118s ]
[ 2013-12-18T09:23:28+08:00 ] / | INFO: Run WriteHtmlCache Behavior [ RunTime:0.000034s ]
[ 2013-12-18T09:23:28+08:00 ] / | INFO: Run ShowRuntime Behavior [ RunTime:0.000321s ]
[ 2013-12-18T09:23:28+08:00 ] / | INFO: Tag[ view_filter ] --END-- [ RunTime:-0.414827s ]
[ 2013-12-18T09:23:28+08:00 ] / | INFO: Tag[ view_end ] --START--
[ 2013-12-18T09:23:28+08:00 ] / | INFO: Run ShowPageTrace Behavior [ RunTime:0.002714s ]
[ 2013-12-18T09:23:28+08:00 ] / | INFO: Tag[ view_end ] --END-- [ RunTime:0.002843s ]
[ 2013-12-18T09:23:38+08:00 ] / | INFO: Tag[ app_begin ] --START--
[ 2013-12-18T09:23:38+08:00 ] / | INFO: Run ReadHtmlCache Behavior [ RunTime:0.002220s ]
[ 2013-12-18T09:23:38+08:00 ] / | INFO: Tag[ app_begin ] --END-- [ RunTime:0.002418s ]
[ 2013-12-18T09:23:38+08:00 ] / | SQL: SHOW COLUMNS FROM `indexmenu` [ RunTime:0.003660s ]
[ 2013-12-18T09:23:38+08:00 ] / | SQL: SELECT * FROM `indexmenu` WHERE isdel=0 ORDER BY sort  [ RunTime:0.005018s ]
[ 2013-12-18T09:23:38+08:00 ] / | INFO: Tag[ view_template ] --START--
[ 2013-12-18T09:23:38+08:00 ] / | INFO: Run LocationTemplate Behavior [ RunTime:0.005093s ]
[ 2013-12-18T09:23:38+08:00 ] / | INFO: Tag[ view_template ] --END-- [ RunTime:0.005252s ]
[ 2013-12-18T09:23:38+08:00 ] / | INFO: Tag[ view_parse ] --START--
[ 2013-12-18T09:23:38+08:00 ] / | NOTIC: [8] Undefined index:  uname 04b74bac16018df793b2b10a9602b31e.php 第 16 行.
[ 2013-12-18T09:23:38+08:00 ] / | INFO: Run ParseTemplate Behavior [ RunTime:0.044744s ]
[ 2013-12-18T09:23:38+08:00 ] / | INFO: Tag[ view_parse ] --END-- [ RunTime:0.044887s ]
[ 2013-12-18T09:23:38+08:00 ] / | INFO: Tag[ view_filter ] --START--
[ 2013-12-18T09:23:38+08:00 ] / | INFO: Run ContentReplace Behavior [ RunTime:0.002096s ]
[ 2013-12-18T09:23:38+08:00 ] / | INFO: Run TokenBuild Behavior [ RunTime:0.001712s ]
[ 2013-12-18T09:23:38+08:00 ] / | INFO: Run WriteHtmlCache Behavior [ RunTime:0.001379s ]
[ 2013-12-18T09:23:38+08:00 ] / | INFO: Run ShowRuntime Behavior [ RunTime:0.002674s ]
[ 2013-12-18T09:23:38+08:00 ] / | INFO: Tag[ view_filter ] --END-- [ RunTime:0.008210s ]
[ 2013-12-18T09:23:38+08:00 ] / | SQL: SHOW COLUMNS FROM `news` [ RunTime:0.004270s ]
[ 2013-12-18T09:23:38+08:00 ] / | SQL: SELECT `id`,`newtitle`,`count` FROM `news` ORDER BY count LIMIT 10   [ RunTime:0.001781s ]
[ 2013-12-18T09:23:38+08:00 ] / | INFO: Tag[ view_template ] --START--
[ 2013-12-18T09:23:38+08:00 ] / | INFO: Run LocationTemplate Behavior [ RunTime:0.001704s ]
[ 2013-12-18T09:23:38+08:00 ] / | INFO: Tag[ view_template ] --END-- [ RunTime:-0.060548s ]
[ 2013-12-18T09:23:38+08:00 ] / | INFO: Tag[ view_parse ] --START--
[ 2013-12-18T09:23:38+08:00 ] / | INFO: Run ParseTemplate Behavior [ RunTime:0.007311s ]
[ 2013-12-18T09:23:38+08:00 ] / | INFO: Tag[ view_parse ] --END-- [ RunTime:-0.017554s ]
[ 2013-12-18T09:23:38+08:00 ] / | INFO: Tag[ view_filter ] --START--
[ 2013-12-18T09:23:38+08:00 ] / | INFO: Run ContentReplace Behavior [ RunTime:0.000170s ]
[ 2013-12-18T09:23:38+08:00 ] / | INFO: Run TokenBuild Behavior [ RunTime:0.000162s ]
[ 2013-12-18T09:23:38+08:00 ] / | INFO: Run WriteHtmlCache Behavior [ RunTime:0.000038s ]
[ 2013-12-18T09:23:38+08:00 ] / | INFO: Run ShowRuntime Behavior [ RunTime:0.000209s ]
[ 2013-12-18T09:23:38+08:00 ] / | INFO: Tag[ view_filter ] --END-- [ RunTime:-0.016801s ]
[ 2013-12-18T09:23:38+08:00 ] / | INFO: Tag[ view_template ] --START--
[ 2013-12-18T09:23:38+08:00 ] / | INFO: Run LocationTemplate Behavior [ RunTime:0.001812s ]
[ 2013-12-18T09:23:38+08:00 ] / | INFO: Tag[ view_template ] --END-- [ RunTime:-0.071424s ]
[ 2013-12-18T09:23:38+08:00 ] / | INFO: Tag[ view_parse ] --START--
[ 2013-12-18T09:23:38+08:00 ] / | INFO: Run ParseTemplate Behavior [ RunTime:0.004473s ]
[ 2013-12-18T09:23:38+08:00 ] / | INFO: Tag[ view_parse ] --END-- [ RunTime:-0.028471s ]
[ 2013-12-18T09:23:38+08:00 ] / | INFO: Tag[ view_filter ] --START--
[ 2013-12-18T09:23:38+08:00 ] / | INFO: Run ContentReplace Behavior [ RunTime:0.000141s ]
[ 2013-12-18T09:23:38+08:00 ] / | INFO: Run TokenBuild Behavior [ RunTime:0.000114s ]
[ 2013-12-18T09:23:38+08:00 ] / | INFO: Run WriteHtmlCache Behavior [ RunTime:0.000034s ]
[ 2013-12-18T09:23:38+08:00 ] / | INFO: Run ShowRuntime Behavior [ RunTime:0.000198s ]
[ 2013-12-18T09:23:38+08:00 ] / | INFO: Tag[ view_filter ] --END-- [ RunTime:-0.024945s ]
[ 2013-12-18T09:23:38+08:00 ] / | SQL: SELECT `id`,`newtitle`,`fstcreate` FROM `news` ORDER BY id LIMIT 10   [ RunTime:0.000575s ]
[ 2013-12-18T09:23:38+08:00 ] / | SQL: SELECT `id`,`newtitle`,`fstcreate`,`count` FROM `news` ORDER BY count,id LIMIT 10   [ RunTime:0.000863s ]
[ 2013-12-18T09:23:38+08:00 ] / | SQL: SELECT news.id,count(comment.type) as counts,news.newtitle FROM `news` left join comment on comment.type=news.id WHERE comment.isdel=1 GROUP BY comment.type ORDER BY counts desc  [ RunTime:0.000733s ]
[ 2013-12-18T09:23:38+08:00 ] / | INFO: Tag[ view_template ] --START--
[ 2013-12-18T09:23:38+08:00 ] / | INFO: Run LocationTemplate Behavior [ RunTime:0.001881s ]
[ 2013-12-18T09:23:38+08:00 ] / | INFO: Tag[ view_template ] --END-- [ RunTime:-0.083138s ]
[ 2013-12-18T09:23:38+08:00 ] / | INFO: Tag[ view_parse ] --START--
[ 2013-12-18T09:23:38+08:00 ] / | INFO: Run ParseTemplate Behavior [ RunTime:0.014925s ]
[ 2013-12-18T09:23:38+08:00 ] / | INFO: Tag[ view_parse ] --END-- [ RunTime:-0.040250s ]
[ 2013-12-18T09:23:38+08:00 ] / | INFO: Tag[ view_filter ] --START--
[ 2013-12-18T09:23:38+08:00 ] / | INFO: Run ContentReplace Behavior [ RunTime:0.000178s ]
[ 2013-12-18T09:23:38+08:00 ] / | INFO: Run TokenBuild Behavior [ RunTime:0.000113s ]
[ 2013-12-18T09:23:38+08:00 ] / | INFO: Run WriteHtmlCache Behavior [ RunTime:0.000034s ]
[ 2013-12-18T09:23:38+08:00 ] / | INFO: Run ShowRuntime Behavior [ RunTime:0.000202s ]
[ 2013-12-18T09:23:38+08:00 ] / | INFO: Tag[ view_filter ] --END-- [ RunTime:-0.047097s ]
[ 2013-12-18T09:23:38+08:00 ] / | SQL: SHOW COLUMNS FROM `newtype` [ RunTime:0.003698s ]
[ 2013-12-18T09:23:38+08:00 ] / | SQL: SELECT * FROM `newtype` WHERE isdel=0   [ RunTime:0.001297s ]
[ 2013-12-18T09:23:38+08:00 ] / | INFO: Tag[ view_template ] --START--
[ 2013-12-18T09:23:38+08:00 ] / | INFO: Run LocationTemplate Behavior [ RunTime:0.001535s ]
[ 2013-12-18T09:23:38+08:00 ] / | INFO: Tag[ view_template ] --END-- [ RunTime:-0.107289s ]
[ 2013-12-18T09:23:38+08:00 ] / | INFO: Tag[ view_parse ] --START--
[ 2013-12-18T09:23:38+08:00 ] / | INFO: Run ParseTemplate Behavior [ RunTime:0.006379s ]
[ 2013-12-18T09:23:38+08:00 ] / | INFO: Tag[ view_parse ] --END-- [ RunTime:-0.064025s ]
[ 2013-12-18T09:23:38+08:00 ] / | INFO: Tag[ view_filter ] --START--
[ 2013-12-18T09:23:38+08:00 ] / | INFO: Run ContentReplace Behavior [ RunTime:0.000136s ]
[ 2013-12-18T09:23:38+08:00 ] / | INFO: Run TokenBuild Behavior [ RunTime:0.000115s ]
[ 2013-12-18T09:23:38+08:00 ] / | INFO: Run WriteHtmlCache Behavior [ RunTime:0.000037s ]
[ 2013-12-18T09:23:38+08:00 ] / | INFO: Run ShowRuntime Behavior [ RunTime:0.000651s ]
[ 2013-12-18T09:23:38+08:00 ] / | INFO: Tag[ view_filter ] --END-- [ RunTime:-0.062343s ]
[ 2013-12-18T09:23:38+08:00 ] / | SQL: SELECT COUNT(*) AS tp_count FROM `news` join newtype on newtype.id=news.newtype LIMIT 1   [ RunTime:0.001080s ]
[ 2013-12-18T09:23:38+08:00 ] / | SQL: SELECT news.id,news.newtitle,news.author,news.fstcreate,news.newcontent,`count`,`typename`,`entypename`,`newimg` FROM `news` join newtype on newtype.id=news.newtype ORDER BY id desc  LIMIT 0,32   [ RunTime:0.003077s ]
[ 2013-12-18T09:23:38+08:00 ] / | INFO: Tag[ view_template ] --START--
[ 2013-12-18T09:23:38+08:00 ] / | INFO: Run LocationTemplate Behavior [ RunTime:0.001546s ]
[ 2013-12-18T09:23:38+08:00 ] / | INFO: Tag[ view_template ] --END-- [ RunTime:-0.123075s ]
[ 2013-12-18T09:23:38+08:00 ] / | INFO: Tag[ view_parse ] --START--
[ 2013-12-18T09:23:38+08:00 ] / | INFO: Run ParseTemplate Behavior [ RunTime:0.023021s ]
[ 2013-12-18T09:23:38+08:00 ] / | INFO: Tag[ view_parse ] --END-- [ RunTime:-0.079839s ]
[ 2013-12-18T09:23:38+08:00 ] / | INFO: Tag[ view_filter ] --START--
[ 2013-12-18T09:23:38+08:00 ] / | INFO: Run ContentReplace Behavior [ RunTime:0.000478s ]
[ 2013-12-18T09:23:38+08:00 ] / | INFO: Run TokenBuild Behavior [ RunTime:0.000111s ]
[ 2013-12-18T09:23:38+08:00 ] / | INFO: Run WriteHtmlCache Behavior [ RunTime:0.000034s ]
[ 2013-12-18T09:23:38+08:00 ] / | INFO: Run ShowRuntime Behavior [ RunTime:0.000254s ]
[ 2013-12-18T09:23:38+08:00 ] / | INFO: Tag[ view_filter ] --END-- [ RunTime:-0.094812s ]
[ 2013-12-18T09:23:38+08:00 ] / | INFO: Tag[ view_template ] --START--
[ 2013-12-18T09:23:38+08:00 ] / | INFO: Run LocationTemplate Behavior [ RunTime:0.001896s ]
[ 2013-12-18T09:23:38+08:00 ] / | INFO: Tag[ view_template ] --END-- [ RunTime:-0.149330s ]
[ 2013-12-18T09:23:38+08:00 ] / | INFO: Tag[ view_parse ] --START--
[ 2013-12-18T09:23:38+08:00 ] / | INFO: Run ParseTemplate Behavior [ RunTime:0.006170s ]
[ 2013-12-18T09:23:38+08:00 ] / | INFO: Tag[ view_parse ] --END-- [ RunTime:-0.106507s ]
[ 2013-12-18T09:23:38+08:00 ] / | INFO: Tag[ view_filter ] --START--
[ 2013-12-18T09:23:38+08:00 ] / | INFO: Run ContentReplace Behavior [ RunTime:0.000155s ]
[ 2013-12-18T09:23:38+08:00 ] / | INFO: Run TokenBuild Behavior [ RunTime:0.000191s ]
[ 2013-12-18T09:23:38+08:00 ] / | INFO: Run WriteHtmlCache Behavior [ RunTime:0.000041s ]
[ 2013-12-18T09:23:38+08:00 ] / | INFO: Run ShowRuntime Behavior [ RunTime:0.000213s ]
[ 2013-12-18T09:23:38+08:00 ] / | INFO: Tag[ view_filter ] --END-- [ RunTime:-0.104607s ]
[ 2013-12-18T09:23:38+08:00 ] / | INFO: Tag[ view_template ] --START--
[ 2013-12-18T09:23:38+08:00 ] / | INFO: Run LocationTemplate Behavior [ RunTime:0.001380s ]
[ 2013-12-18T09:23:38+08:00 ] / | INFO: Tag[ view_template ] --END-- [ RunTime:-0.158959s ]
[ 2013-12-18T09:23:38+08:00 ] / | INFO: Tag[ view_parse ] --START--
[ 2013-12-18T09:23:38+08:00 ] / | INFO: Run ParseTemplate Behavior [ RunTime:0.006022s ]
[ 2013-12-18T09:23:38+08:00 ] / | INFO: Tag[ view_parse ] --END-- [ RunTime:-0.115543s ]
[ 2013-12-18T09:23:38+08:00 ] / | INFO: Tag[ view_filter ] --START--
[ 2013-12-18T09:23:38+08:00 ] / | INFO: Run ContentReplace Behavior [ RunTime:0.000611s ]
[ 2013-12-18T09:23:38+08:00 ] / | INFO: Run TokenBuild Behavior [ RunTime:0.000127s ]
[ 2013-12-18T09:23:38+08:00 ] / | INFO: Run WriteHtmlCache Behavior [ RunTime:0.000036s ]
[ 2013-12-18T09:23:38+08:00 ] / | INFO: Run ShowRuntime Behavior [ RunTime:0.000782s ]
[ 2013-12-18T09:23:38+08:00 ] / | INFO: Tag[ view_filter ] --END-- [ RunTime:-0.113504s ]
[ 2013-12-18T09:23:38+08:00 ] / | INFO: Tag[ view_end ] --START--
[ 2013-12-18T09:23:38+08:00 ] / | INFO: Run ShowPageTrace Behavior [ RunTime:0.002317s ]
[ 2013-12-18T09:23:38+08:00 ] / | INFO: Tag[ view_end ] --END-- [ RunTime:0.002460s ]
[ 2013-12-18T09:23:45+08:00 ] / | INFO: Tag[ app_begin ] --START--
[ 2013-12-18T09:23:45+08:00 ] / | INFO: Run ReadHtmlCache Behavior [ RunTime:0.004037s ]
[ 2013-12-18T09:23:45+08:00 ] / | INFO: Tag[ app_begin ] --END-- [ RunTime:0.004390s ]
[ 2013-12-18T09:23:45+08:00 ] / | SQL: SHOW COLUMNS FROM `indexmenu` [ RunTime:0.004368s ]
[ 2013-12-18T09:23:45+08:00 ] / | SQL: SELECT * FROM `indexmenu` WHERE isdel=0 ORDER BY sort  [ RunTime:0.009046s ]
[ 2013-12-18T09:23:45+08:00 ] / | INFO: Tag[ view_template ] --START--
[ 2013-12-18T09:23:45+08:00 ] / | INFO: Run LocationTemplate Behavior [ RunTime:0.007432s ]
[ 2013-12-18T09:23:45+08:00 ] / | INFO: Tag[ view_template ] --END-- [ RunTime:0.007756s ]
[ 2013-12-18T09:23:45+08:00 ] / | INFO: Tag[ view_parse ] --START--
[ 2013-12-18T09:23:45+08:00 ] / | NOTIC: [8] Undefined index:  uname 04b74bac16018df793b2b10a9602b31e.php 第 16 行.
[ 2013-12-18T09:23:45+08:00 ] / | INFO: Run ParseTemplate Behavior [ RunTime:0.053718s ]
[ 2013-12-18T09:23:45+08:00 ] / | INFO: Tag[ view_parse ] --END-- [ RunTime:0.053957s ]
[ 2013-12-18T09:23:45+08:00 ] / | INFO: Tag[ view_filter ] --START--
[ 2013-12-18T09:23:45+08:00 ] / | INFO: Run ContentReplace Behavior [ RunTime:0.003815s ]
[ 2013-12-18T09:23:45+08:00 ] / | INFO: Run TokenBuild Behavior [ RunTime:0.002111s ]
[ 2013-12-18T09:23:45+08:00 ] / | INFO: Run WriteHtmlCache Behavior [ RunTime:0.001473s ]
[ 2013-12-18T09:23:45+08:00 ] / | INFO: Run ShowRuntime Behavior [ RunTime:0.003097s ]
[ 2013-12-18T09:23:45+08:00 ] / | INFO: Tag[ view_filter ] --END-- [ RunTime:0.010978s ]
[ 2013-12-18T09:23:45+08:00 ] / | SQL: SHOW COLUMNS FROM `news` [ RunTime:0.006128s ]
[ 2013-12-18T09:23:45+08:00 ] / | SQL: SELECT `id`,`newtitle`,`count` FROM `news` ORDER BY count LIMIT 10   [ RunTime:0.003425s ]
[ 2013-12-18T09:23:45+08:00 ] / | INFO: Tag[ view_template ] --START--
[ 2013-12-18T09:23:45+08:00 ] / | INFO: Run LocationTemplate Behavior [ RunTime:0.002916s ]
[ 2013-12-18T09:23:45+08:00 ] / | INFO: Tag[ view_template ] --END-- [ RunTime:-0.076750s ]
[ 2013-12-18T09:23:45+08:00 ] / | INFO: Tag[ view_parse ] --START--
[ 2013-12-18T09:23:45+08:00 ] / | INFO: Run ParseTemplate Behavior [ RunTime:0.011885s ]
[ 2013-12-18T09:23:45+08:00 ] / | INFO: Tag[ view_parse ] --END-- [ RunTime:-0.027843s ]
[ 2013-12-18T09:23:45+08:00 ] / | INFO: Tag[ view_filter ] --START--
[ 2013-12-18T09:23:45+08:00 ] / | INFO: Run ContentReplace Behavior [ RunTime:0.000163s ]
[ 2013-12-18T09:23:45+08:00 ] / | INFO: Run TokenBuild Behavior [ RunTime:0.000180s ]
[ 2013-12-18T09:23:45+08:00 ] / | INFO: Run WriteHtmlCache Behavior [ RunTime:0.000035s ]
[ 2013-12-18T09:23:45+08:00 ] / | INFO: Run ShowRuntime Behavior [ RunTime:0.000207s ]
[ 2013-12-18T09:23:45+08:00 ] / | INFO: Tag[ view_filter ] --END-- [ RunTime:-0.028829s ]
[ 2013-12-18T09:23:45+08:00 ] / | INFO: Tag[ view_template ] --START--
[ 2013-12-18T09:23:45+08:00 ] / | INFO: Run LocationTemplate Behavior [ RunTime:0.001745s ]
[ 2013-12-18T09:23:45+08:00 ] / | INFO: Tag[ view_template ] --END-- [ RunTime:-0.095063s ]
[ 2013-12-18T09:23:45+08:00 ] / | INFO: Tag[ view_parse ] --START--
[ 2013-12-18T09:23:45+08:00 ] / | INFO: Run ParseTemplate Behavior [ RunTime:0.006808s ]
[ 2013-12-18T09:23:45+08:00 ] / | INFO: Tag[ view_parse ] --END-- [ RunTime:-0.043073s ]
[ 2013-12-18T09:23:45+08:00 ] / | INFO: Tag[ view_filter ] --START--
[ 2013-12-18T09:23:45+08:00 ] / | INFO: Run ContentReplace Behavior [ RunTime:0.000242s ]
[ 2013-12-18T09:23:45+08:00 ] / | INFO: Run TokenBuild Behavior [ RunTime:0.000225s ]
[ 2013-12-18T09:23:45+08:00 ] / | INFO: Run WriteHtmlCache Behavior [ RunTime:0.000107s ]
[ 2013-12-18T09:23:45+08:00 ] / | INFO: Run ShowRuntime Behavior [ RunTime:0.000390s ]
[ 2013-12-18T09:23:45+08:00 ] / | INFO: Tag[ view_filter ] --END-- [ RunTime:-0.039144s ]
[ 2013-12-18T09:23:45+08:00 ] / | SQL: SELECT `id`,`newtitle`,`fstcreate` FROM `news` ORDER BY id LIMIT 10   [ RunTime:0.000560s ]
[ 2013-12-18T09:23:45+08:00 ] / | SQL: SELECT `id`,`newtitle`,`fstcreate`,`count` FROM `news` ORDER BY count,id LIMIT 10   [ RunTime:0.000768s ]
[ 2013-12-18T09:23:45+08:00 ] / | SQL: SELECT news.id,count(comment.type) as counts,news.newtitle FROM `news` left join comment on comment.type=news.id WHERE comment.isdel=1 GROUP BY comment.type ORDER BY counts desc  [ RunTime:0.000960s ]
[ 2013-12-18T09:23:45+08:00 ] / | INFO: Tag[ view_template ] --START--
[ 2013-12-18T09:23:45+08:00 ] / | INFO: Run LocationTemplate Behavior [ RunTime:0.001068s ]
[ 2013-12-18T09:23:45+08:00 ] / | INFO: Tag[ view_template ] --END-- [ RunTime:-0.111249s ]
[ 2013-12-18T09:23:45+08:00 ] / | INFO: Tag[ view_parse ] --START--
[ 2013-12-18T09:23:45+08:00 ] / | INFO: Run ParseTemplate Behavior [ RunTime:0.009267s ]
[ 2013-12-18T09:23:45+08:00 ] / | INFO: Tag[ view_parse ] --END-- [ RunTime:-0.058303s ]
[ 2013-12-18T09:23:45+08:00 ] / | INFO: Tag[ view_filter ] --START--
[ 2013-12-18T09:23:45+08:00 ] / | INFO: Run ContentReplace Behavior [ RunTime:0.000176s ]
[ 2013-12-18T09:23:45+08:00 ] / | INFO: Run TokenBuild Behavior [ RunTime:0.000124s ]
[ 2013-12-18T09:23:45+08:00 ] / | INFO: Run WriteHtmlCache Behavior [ RunTime:0.000037s ]
[ 2013-12-18T09:23:45+08:00 ] / | INFO: Run ShowRuntime Behavior [ RunTime:0.000212s ]
[ 2013-12-18T09:23:45+08:00 ] / | INFO: Tag[ view_filter ] --END-- [ RunTime:-0.056666s ]
[ 2013-12-18T09:23:45+08:00 ] / | SQL: SHOW COLUMNS FROM `newtype` [ RunTime:0.003733s ]
[ 2013-12-18T09:23:45+08:00 ] / | SQL: SELECT * FROM `newtype` WHERE isdel=0   [ RunTime:0.000785s ]
[ 2013-12-18T09:23:45+08:00 ] / | INFO: Tag[ view_template ] --START--
[ 2013-12-18T09:23:45+08:00 ] / | INFO: Run LocationTemplate Behavior [ RunTime:0.001523s ]
[ 2013-12-18T09:23:45+08:00 ] / | INFO: Tag[ view_template ] --END-- [ RunTime:-0.128306s ]
[ 2013-12-18T09:23:45+08:00 ] / | INFO: Tag[ view_parse ] --START--
[ 2013-12-18T09:23:45+08:00 ] / | INFO: Run ParseTemplate Behavior [ RunTime:0.004600s ]
[ 2013-12-18T09:23:45+08:00 ] / | INFO: Tag[ view_parse ] --END-- [ RunTime:-0.075869s ]
[ 2013-12-18T09:23:45+08:00 ] / | INFO: Tag[ view_filter ] --START--
[ 2013-12-18T09:23:45+08:00 ] / | INFO: Run ContentReplace Behavior [ RunTime:0.000144s ]
[ 2013-12-18T09:23:45+08:00 ] / | INFO: Run TokenBuild Behavior [ RunTime:0.000122s ]
[ 2013-12-18T09:23:45+08:00 ] / | INFO: Run WriteHtmlCache Behavior [ RunTime:0.000034s ]
[ 2013-12-18T09:23:45+08:00 ] / | INFO: Run ShowRuntime Behavior [ RunTime:0.000235s ]
[ 2013-12-18T09:23:45+08:00 ] / | INFO: Tag[ view_filter ] --END-- [ RunTime:-0.069569s ]
[ 2013-12-18T09:23:45+08:00 ] / | SQL: SELECT COUNT(*) AS tp_count FROM `news` join newtype on newtype.id=news.newtype LIMIT 1   [ RunTime:0.001466s ]
[ 2013-12-18T09:23:45+08:00 ] / | SQL: SELECT news.id,news.newtitle,news.author,news.fstcreate,news.newcontent,`count`,`typename`,`entypename`,`newimg` FROM `news` join newtype on newtype.id=news.newtype ORDER BY id desc  LIMIT 0,32   [ RunTime:0.002380s ]
[ 2013-12-18T09:23:45+08:00 ] / | INFO: Tag[ view_template ] --START--
[ 2013-12-18T09:23:45+08:00 ] / | INFO: Run LocationTemplate Behavior [ RunTime:0.001172s ]
[ 2013-12-18T09:23:45+08:00 ] / | INFO: Tag[ view_template ] --END-- [ RunTime:-0.141141s ]
[ 2013-12-18T09:23:45+08:00 ] / | INFO: Tag[ view_parse ] --START--
[ 2013-12-18T09:23:45+08:00 ] / | INFO: Run ParseTemplate Behavior [ RunTime:0.011219s ]
[ 2013-12-18T09:23:45+08:00 ] / | INFO: Tag[ view_parse ] --END-- [ RunTime:-0.088316s ]
[ 2013-12-18T09:23:45+08:00 ] / | INFO: Tag[ view_filter ] --START--
[ 2013-12-18T09:23:45+08:00 ] / | INFO: Run ContentReplace Behavior [ RunTime:0.000296s ]
[ 2013-12-18T09:23:45+08:00 ] / | INFO: Run TokenBuild Behavior [ RunTime:0.000069s ]
[ 2013-12-18T09:23:45+08:00 ] / | INFO: Run WriteHtmlCache Behavior [ RunTime:0.000022s ]
[ 2013-12-18T09:23:45+08:00 ] / | INFO: Run ShowRuntime Behavior [ RunTime:0.000152s ]
[ 2013-12-18T09:23:45+08:00 ] / | INFO: Tag[ view_filter ] --END-- [ RunTime:-0.088561s ]
[ 2013-12-18T09:23:45+08:00 ] / | INFO: Tag[ view_template ] --START--
[ 2013-12-18T09:23:45+08:00 ] / | INFO: Run LocationTemplate Behavior [ RunTime:0.001101s ]
[ 2013-12-18T09:23:45+08:00 ] / | INFO: Tag[ view_template ] --END-- [ RunTime:-0.154586s ]
[ 2013-12-18T09:23:45+08:00 ] / | INFO: Tag[ view_parse ] --START--
[ 2013-12-18T09:23:45+08:00 ] / | INFO: Run ParseTemplate Behavior [ RunTime:0.005354s ]
[ 2013-12-18T09:23:45+08:00 ] / | INFO: Tag[ view_parse ] --END-- [ RunTime:-0.101648s ]
[ 2013-12-18T09:23:45+08:00 ] / | INFO: Tag[ view_filter ] --START--
[ 2013-12-18T09:23:45+08:00 ] / | INFO: Run ContentReplace Behavior [ RunTime:0.000155s ]
[ 2013-12-18T09:23:45+08:00 ] / | INFO: Run TokenBuild Behavior [ RunTime:0.000117s ]
[ 2013-12-18T09:23:45+08:00 ] / | INFO: Run WriteHtmlCache Behavior [ RunTime:0.000096s ]
[ 2013-12-18T09:23:45+08:00 ] / | INFO: Run ShowRuntime Behavior [ RunTime:0.000132s ]
[ 2013-12-18T09:23:45+08:00 ] / | INFO: Tag[ view_filter ] --END-- [ RunTime:-0.096069s ]
[ 2013-12-18T09:23:45+08:00 ] / | INFO: Tag[ view_template ] --START--
[ 2013-12-18T09:23:45+08:00 ] / | INFO: Run LocationTemplate Behavior [ RunTime:0.000869s ]
[ 2013-12-18T09:23:45+08:00 ] / | INFO: Tag[ view_template ] --END-- [ RunTime:-0.162213s ]
[ 2013-12-18T09:23:45+08:00 ] / | INFO: Tag[ view_parse ] --START--
[ 2013-12-18T09:23:45+08:00 ] / | INFO: Run ParseTemplate Behavior [ RunTime:0.006230s ]
[ 2013-12-18T09:23:45+08:00 ] / | INFO: Tag[ view_parse ] --END-- [ RunTime:-0.109036s ]
[ 2013-12-18T09:23:45+08:00 ] / | INFO: Tag[ view_filter ] --START--
[ 2013-12-18T09:23:45+08:00 ] / | INFO: Run ContentReplace Behavior [ RunTime:0.000438s ]
[ 2013-12-18T09:23:45+08:00 ] / | INFO: Run TokenBuild Behavior [ RunTime:0.000074s ]
[ 2013-12-18T09:23:45+08:00 ] / | INFO: Run WriteHtmlCache Behavior [ RunTime:0.000022s ]
[ 2013-12-18T09:23:45+08:00 ] / | INFO: Run ShowRuntime Behavior [ RunTime:0.000197s ]
[ 2013-12-18T09:23:45+08:00 ] / | INFO: Tag[ view_filter ] --END-- [ RunTime:-0.104341s ]
[ 2013-12-18T09:23:45+08:00 ] / | INFO: Tag[ view_end ] --START--
[ 2013-12-18T09:23:45+08:00 ] / | INFO: Run ShowPageTrace Behavior [ RunTime:0.002333s ]
[ 2013-12-18T09:23:45+08:00 ] / | INFO: Tag[ view_end ] --END-- [ RunTime:0.002421s ]
[ 2013-12-18T09:23:48+08:00 ] / | INFO: Tag[ app_begin ] --START--
[ 2013-12-18T09:23:48+08:00 ] / | INFO: Run ReadHtmlCache Behavior [ RunTime:0.003020s ]
[ 2013-12-18T09:23:48+08:00 ] / | INFO: Tag[ app_begin ] --END-- [ RunTime:0.003253s ]
[ 2013-12-18T09:23:48+08:00 ] / | SQL: SHOW COLUMNS FROM `indexmenu` [ RunTime:0.003382s ]
[ 2013-12-18T09:23:48+08:00 ] / | SQL: SELECT * FROM `indexmenu` WHERE isdel=0 ORDER BY sort  [ RunTime:0.002205s ]
[ 2013-12-18T09:23:48+08:00 ] / | INFO: Tag[ view_template ] --START--
[ 2013-12-18T09:23:48+08:00 ] / | INFO: Run LocationTemplate Behavior [ RunTime:0.006864s ]
[ 2013-12-18T09:23:48+08:00 ] / | INFO: Tag[ view_template ] --END-- [ RunTime:0.007039s ]
[ 2013-12-18T09:23:48+08:00 ] / | INFO: Tag[ view_parse ] --START--
[ 2013-12-18T09:23:48+08:00 ] / | NOTIC: [8] Undefined index:  uname 04b74bac16018df793b2b10a9602b31e.php 第 16 行.
[ 2013-12-18T09:23:48+08:00 ] / | INFO: Run ParseTemplate Behavior [ RunTime:0.034534s ]
[ 2013-12-18T09:23:48+08:00 ] / | INFO: Tag[ view_parse ] --END-- [ RunTime:0.034640s ]
[ 2013-12-18T09:23:48+08:00 ] / | INFO: Tag[ view_filter ] --START--
[ 2013-12-18T09:23:48+08:00 ] / | INFO: Run ContentReplace Behavior [ RunTime:0.001527s ]
[ 2013-12-18T09:23:48+08:00 ] / | INFO: Run TokenBuild Behavior [ RunTime:0.002092s ]
[ 2013-12-18T09:23:48+08:00 ] / | INFO: Run WriteHtmlCache Behavior [ RunTime:0.001489s ]
[ 2013-12-18T09:23:48+08:00 ] / | INFO: Run ShowRuntime Behavior [ RunTime:0.001795s ]
[ 2013-12-18T09:23:48+08:00 ] / | INFO: Tag[ view_filter ] --END-- [ RunTime:0.007235s ]
[ 2013-12-18T09:23:48+08:00 ] / | SQL: SHOW COLUMNS FROM `news` [ RunTime:0.002710s ]
[ 2013-12-18T09:23:48+08:00 ] / | SQL: SELECT `id`,`newtitle`,`count` FROM `news` ORDER BY count LIMIT 10   [ RunTime:0.001375s ]
[ 2013-12-18T09:23:48+08:00 ] / | INFO: Tag[ view_template ] --START--
[ 2013-12-18T09:23:48+08:00 ] / | INFO: Run LocationTemplate Behavior [ RunTime:0.001530s ]
[ 2013-12-18T09:23:48+08:00 ] / | INFO: Tag[ view_template ] --END-- [ RunTime:-0.047197s ]
[ 2013-12-18T09:23:48+08:00 ] / | INFO: Tag[ view_parse ] --START--
[ 2013-12-18T09:23:48+08:00 ] / | INFO: Run ParseTemplate Behavior [ RunTime:0.006892s ]
[ 2013-12-18T09:23:48+08:00 ] / | INFO: Tag[ view_parse ] --END-- [ RunTime:-0.014115s ]
[ 2013-12-18T09:23:48+08:00 ] / | INFO: Tag[ view_filter ] --START--
[ 2013-12-18T09:23:48+08:00 ] / | INFO: Run ContentReplace Behavior [ RunTime:0.000164s ]
[ 2013-12-18T09:23:48+08:00 ] / | INFO: Run TokenBuild Behavior [ RunTime:0.000168s ]
[ 2013-12-18T09:23:48+08:00 ] / | INFO: Run WriteHtmlCache Behavior [ RunTime:0.000035s ]
[ 2013-12-18T09:23:48+08:00 ] / | INFO: Run ShowRuntime Behavior [ RunTime:0.000208s ]
[ 2013-12-18T09:23:48+08:00 ] / | INFO: Tag[ view_filter ] --END-- [ RunTime:-0.013911s ]
[ 2013-12-18T09:23:48+08:00 ] / | INFO: Tag[ view_template ] --START--
[ 2013-12-18T09:23:48+08:00 ] / | INFO: Run LocationTemplate Behavior [ RunTime:0.001603s ]
[ 2013-12-18T09:23:48+08:00 ] / | INFO: Tag[ view_template ] --END-- [ RunTime:-0.056881s ]
[ 2013-12-18T09:23:48+08:00 ] / | INFO: Tag[ view_parse ] --START--
[ 2013-12-18T09:23:48+08:00 ] / | INFO: Run ParseTemplate Behavior [ RunTime:0.005268s ]
[ 2013-12-18T09:23:48+08:00 ] / | INFO: Tag[ view_parse ] --END-- [ RunTime:-0.023920s ]
[ 2013-12-18T09:23:48+08:00 ] / | INFO: Tag[ view_filter ] --START--
[ 2013-12-18T09:23:48+08:00 ] / | INFO: Run ContentReplace Behavior [ RunTime:0.000130s ]
[ 2013-12-18T09:23:48+08:00 ] / | INFO: Run TokenBuild Behavior [ RunTime:0.000065s ]
[ 2013-12-18T09:23:48+08:00 ] / | INFO: Run WriteHtmlCache Behavior [ RunTime:0.000023s ]
[ 2013-12-18T09:23:48+08:00 ] / | INFO: Run ShowRuntime Behavior [ RunTime:0.000113s ]
[ 2013-12-18T09:23:48+08:00 ] / | INFO: Tag[ view_filter ] --END-- [ RunTime:-0.022184s ]
[ 2013-12-18T09:23:48+08:00 ] / | SQL: SELECT `id`,`newtitle`,`fstcreate` FROM `news` ORDER BY id LIMIT 10   [ RunTime:0.000481s ]
[ 2013-12-18T09:23:48+08:00 ] / | SQL: SELECT `id`,`newtitle`,`fstcreate`,`count` FROM `news` ORDER BY count,id LIMIT 10   [ RunTime:0.000781s ]
[ 2013-12-18T09:23:48+08:00 ] / | SQL: SELECT news.id,count(comment.type) as counts,news.newtitle FROM `news` left join comment on comment.type=news.id WHERE comment.isdel=1 GROUP BY comment.type ORDER BY counts desc  [ RunTime:0.000591s ]
[ 2013-12-18T09:23:48+08:00 ] / | INFO: Tag[ view_template ] --START--
[ 2013-12-18T09:23:48+08:00 ] / | INFO: Run LocationTemplate Behavior [ RunTime:0.001113s ]
[ 2013-12-18T09:23:48+08:00 ] / | INFO: Tag[ view_template ] --END-- [ RunTime:-0.067817s ]
[ 2013-12-18T09:23:48+08:00 ] / | INFO: Tag[ view_parse ] --START--
[ 2013-12-18T09:23:48+08:00 ] / | INFO: Run ParseTemplate Behavior [ RunTime:0.008564s ]
[ 2013-12-18T09:23:48+08:00 ] / | INFO: Tag[ view_parse ] --END-- [ RunTime:-0.034875s ]
[ 2013-12-18T09:23:48+08:00 ] / | INFO: Tag[ view_filter ] --START--
[ 2013-12-18T09:23:48+08:00 ] / | INFO: Run ContentReplace Behavior [ RunTime:0.000099s ]
[ 2013-12-18T09:23:48+08:00 ] / | INFO: Run TokenBuild Behavior [ RunTime:0.000069s ]
[ 2013-12-18T09:23:48+08:00 ] / | INFO: Run WriteHtmlCache Behavior [ RunTime:0.000020s ]
[ 2013-12-18T09:23:48+08:00 ] / | INFO: Run ShowRuntime Behavior [ RunTime:0.000120s ]
[ 2013-12-18T09:23:48+08:00 ] / | INFO: Tag[ view_filter ] --END-- [ RunTime:-0.036279s ]
[ 2013-12-18T09:23:48+08:00 ] / | SQL: SHOW COLUMNS FROM `newtype` [ RunTime:0.002535s ]
[ 2013-12-18T09:23:48+08:00 ] / | SQL: SELECT * FROM `newtype` WHERE isdel=0   [ RunTime:0.001434s ]
[ 2013-12-18T09:23:48+08:00 ] / | INFO: Tag[ view_template ] --START--
[ 2013-12-18T09:23:48+08:00 ] / | INFO: Run LocationTemplate Behavior [ RunTime:0.001300s ]
[ 2013-12-18T09:23:48+08:00 ] / | INFO: Tag[ view_template ] --END-- [ RunTime:-0.083453s ]
[ 2013-12-18T09:23:48+08:00 ] / | INFO: Tag[ view_parse ] --START--
[ 2013-12-18T09:23:48+08:00 ] / | INFO: Run ParseTemplate Behavior [ RunTime:0.003787s ]
[ 2013-12-18T09:23:48+08:00 ] / | INFO: Tag[ view_parse ] --END-- [ RunTime:-0.050137s ]
[ 2013-12-18T09:23:48+08:00 ] / | INFO: Tag[ view_filter ] --START--
[ 2013-12-18T09:23:48+08:00 ] / | INFO: Run ContentReplace Behavior [ RunTime:0.000084s ]
[ 2013-12-18T09:23:48+08:00 ] / | INFO: Run TokenBuild Behavior [ RunTime:0.000070s ]
[ 2013-12-18T09:23:48+08:00 ] / | INFO: Run WriteHtmlCache Behavior [ RunTime:0.000021s ]
[ 2013-12-18T09:23:48+08:00 ] / | INFO: Run ShowRuntime Behavior [ RunTime:0.000117s ]
[ 2013-12-18T09:23:48+08:00 ] / | INFO: Tag[ view_filter ] --END-- [ RunTime:-0.046767s ]
[ 2013-12-18T09:23:48+08:00 ] / | SQL: SELECT COUNT(*) AS tp_count FROM `news` join newtype on newtype.id=news.newtype LIMIT 1   [ RunTime:0.000667s ]
[ 2013-12-18T09:23:48+08:00 ] / | SQL: SELECT news.id,news.newtitle,news.author,news.fstcreate,news.newcontent,`count`,`typename`,`entypename`,`newimg` FROM `news` join newtype on newtype.id=news.newtype ORDER BY id desc  LIMIT 0,32   [ RunTime:0.002037s ]
[ 2013-12-18T09:23:48+08:00 ] / | INFO: Tag[ view_template ] --START--
[ 2013-12-18T09:23:48+08:00 ] / | INFO: Run LocationTemplate Behavior [ RunTime:0.001105s ]
[ 2013-12-18T09:23:48+08:00 ] / | INFO: Tag[ view_template ] --END-- [ RunTime:-0.093190s ]
[ 2013-12-18T09:23:48+08:00 ] / | INFO: Tag[ view_parse ] --START--
[ 2013-12-18T09:23:48+08:00 ] / | INFO: Run ParseTemplate Behavior [ RunTime:0.010999s ]
[ 2013-12-18T09:23:48+08:00 ] / | INFO: Tag[ view_parse ] --END-- [ RunTime:-0.059689s ]
[ 2013-12-18T09:23:48+08:00 ] / | INFO: Tag[ view_filter ] --START--
[ 2013-12-18T09:23:48+08:00 ] / | INFO: Run ContentReplace Behavior [ RunTime:0.000419s ]
[ 2013-12-18T09:23:48+08:00 ] / | INFO: Run TokenBuild Behavior [ RunTime:0.000068s ]
[ 2013-12-18T09:23:48+08:00 ] / | INFO: Run WriteHtmlCache Behavior [ RunTime:0.000021s ]
[ 2013-12-18T09:23:48+08:00 ] / | INFO: Run ShowRuntime Behavior [ RunTime:0.000333s ]
[ 2013-12-18T09:23:48+08:00 ] / | INFO: Tag[ view_filter ] --END-- [ RunTime:-0.063621s ]
[ 2013-12-18T09:23:48+08:00 ] / | INFO: Tag[ view_template ] --START--
[ 2013-12-18T09:23:48+08:00 ] / | INFO: Run LocationTemplate Behavior [ RunTime:0.001049s ]
[ 2013-12-18T09:23:48+08:00 ] / | INFO: Tag[ view_template ] --END-- [ RunTime:-0.106819s ]
[ 2013-12-18T09:23:48+08:00 ] / | INFO: Tag[ view_parse ] --START--
[ 2013-12-18T09:23:48+08:00 ] / | INFO: Run ParseTemplate Behavior [ RunTime:0.003687s ]
[ 2013-12-18T09:23:48+08:00 ] / | INFO: Tag[ view_parse ] --END-- [ RunTime:-0.073229s ]
[ 2013-12-18T09:23:48+08:00 ] / | INFO: Tag[ view_filter ] --START--
[ 2013-12-18T09:23:48+08:00 ] / | INFO: Run ContentReplace Behavior [ RunTime:0.000095s ]
[ 2013-12-18T09:23:48+08:00 ] / | INFO: Run TokenBuild Behavior [ RunTime:0.000070s ]
[ 2013-12-18T09:23:48+08:00 ] / | INFO: Run WriteHtmlCache Behavior [ RunTime:0.000022s ]
[ 2013-12-18T09:23:48+08:00 ] / | INFO: Run ShowRuntime Behavior [ RunTime:0.000119s ]
[ 2013-12-18T09:23:48+08:00 ] / | INFO: Tag[ view_filter ] --END-- [ RunTime:-0.069753s ]
[ 2013-12-18T09:23:48+08:00 ] / | INFO: Tag[ view_template ] --START--
[ 2013-12-18T09:23:48+08:00 ] / | INFO: Run LocationTemplate Behavior [ RunTime:0.000777s ]
[ 2013-12-18T09:23:48+08:00 ] / | INFO: Tag[ view_template ] --END-- [ RunTime:-0.112329s ]
[ 2013-12-18T09:23:48+08:00 ] / | INFO: Tag[ view_parse ] --START--
[ 2013-12-18T09:23:48+08:00 ] / | INFO: Run ParseTemplate Behavior [ RunTime:0.004251s ]
[ 2013-12-18T09:23:48+08:00 ] / | INFO: Tag[ view_parse ] --END-- [ RunTime:-0.078462s ]
[ 2013-12-18T09:23:48+08:00 ] / | INFO: Tag[ view_filter ] --START--
[ 2013-12-18T09:23:48+08:00 ] / | INFO: Run ContentReplace Behavior [ RunTime:0.000358s ]
[ 2013-12-18T09:23:48+08:00 ] / | INFO: Run TokenBuild Behavior [ RunTime:0.000070s ]
[ 2013-12-18T09:23:48+08:00 ] / | INFO: Run WriteHtmlCache Behavior [ RunTime:0.000021s ]
[ 2013-12-18T09:23:48+08:00 ] / | INFO: Run ShowRuntime Behavior [ RunTime:0.000180s ]
[ 2013-12-18T09:23:48+08:00 ] / | INFO: Tag[ view_filter ] --END-- [ RunTime:-0.075587s ]
[ 2013-12-18T09:23:48+08:00 ] / | INFO: Tag[ view_end ] --START--
[ 2013-12-18T09:23:48+08:00 ] / | INFO: Run ShowPageTrace Behavior [ RunTime:0.001403s ]
[ 2013-12-18T09:23:48+08:00 ] / | INFO: Tag[ view_end ] --END-- [ RunTime:0.001494s ]
[ 2013-12-18T09:24:10+08:00 ] / | INFO: Tag[ app_begin ] --START--
[ 2013-12-18T09:24:10+08:00 ] / | INFO: Run ReadHtmlCache Behavior [ RunTime:0.003738s ]
[ 2013-12-18T09:24:10+08:00 ] / | INFO: Tag[ app_begin ] --END-- [ RunTime:0.004045s ]
[ 2013-12-18T09:24:10+08:00 ] / | SQL: SHOW COLUMNS FROM `indexmenu` [ RunTime:0.006788s ]
[ 2013-12-18T09:24:10+08:00 ] / | SQL: SELECT * FROM `indexmenu` WHERE isdel=0 ORDER BY sort  [ RunTime:0.001782s ]
[ 2013-12-18T09:24:10+08:00 ] / | INFO: Tag[ view_template ] --START--
[ 2013-12-18T09:24:10+08:00 ] / | INFO: Run LocationTemplate Behavior [ RunTime:0.005576s ]
[ 2013-12-18T09:24:10+08:00 ] / | INFO: Tag[ view_template ] --END-- [ RunTime:0.005803s ]
[ 2013-12-18T09:24:10+08:00 ] / | INFO: Tag[ view_parse ] --START--
[ 2013-12-18T09:24:10+08:00 ] / | NOTIC: [8] Undefined index:  uname 04b74bac16018df793b2b10a9602b31e.php 第 16 行.
[ 2013-12-18T09:24:10+08:00 ] / | INFO: Run ParseTemplate Behavior [ RunTime:0.065435s ]
[ 2013-12-18T09:24:10+08:00 ] / | INFO: Tag[ view_parse ] --END-- [ RunTime:0.065673s ]
[ 2013-12-18T09:24:10+08:00 ] / | INFO: Tag[ view_filter ] --START--
[ 2013-12-18T09:24:10+08:00 ] / | INFO: Run ContentReplace Behavior [ RunTime:0.003781s ]
[ 2013-12-18T09:24:10+08:00 ] / | INFO: Run TokenBuild Behavior [ RunTime:0.003314s ]
[ 2013-12-18T09:24:10+08:00 ] / | INFO: Run WriteHtmlCache Behavior [ RunTime:0.003055s ]
[ 2013-12-18T09:24:10+08:00 ] / | INFO: Run ShowRuntime Behavior [ RunTime:0.003414s ]
[ 2013-12-18T09:24:10+08:00 ] / | INFO: Tag[ view_filter ] --END-- [ RunTime:0.014227s ]
[ 2013-12-18T09:24:10+08:00 ] / | SQL: SHOW COLUMNS FROM `news` [ RunTime:0.005961s ]
[ 2013-12-18T09:24:10+08:00 ] / | SQL: SELECT `id`,`newtitle`,`count` FROM `news` ORDER BY count LIMIT 10   [ RunTime:0.002144s ]
[ 2013-12-18T09:24:10+08:00 ] / | INFO: Tag[ view_template ] --START--
[ 2013-12-18T09:24:10+08:00 ] / | INFO: Run LocationTemplate Behavior [ RunTime:0.001573s ]
[ 2013-12-18T09:24:10+08:00 ] / | INFO: Tag[ view_template ] --END-- [ RunTime:-0.089625s ]
[ 2013-12-18T09:24:10+08:00 ] / | INFO: Tag[ view_parse ] --START--
[ 2013-12-18T09:24:10+08:00 ] / | INFO: Run ParseTemplate Behavior [ RunTime:0.010949s ]
[ 2013-12-18T09:24:10+08:00 ] / | INFO: Tag[ view_parse ] --END-- [ RunTime:-0.025643s ]
[ 2013-12-18T09:24:10+08:00 ] / | INFO: Tag[ view_filter ] --START--
[ 2013-12-18T09:24:10+08:00 ] / | INFO: Run ContentReplace Behavior [ RunTime:0.000307s ]
[ 2013-12-18T09:24:10+08:00 ] / | INFO: Run TokenBuild Behavior [ RunTime:0.000219s ]
[ 2013-12-18T09:24:10+08:00 ] / | INFO: Run WriteHtmlCache Behavior [ RunTime:0.000066s ]
[ 2013-12-18T09:24:10+08:00 ] / | INFO: Run ShowRuntime Behavior [ RunTime:0.000392s ]
[ 2013-12-18T09:24:10+08:00 ] / | INFO: Tag[ view_filter ] --END-- [ RunTime:-0.022574s ]
[ 2013-12-18T09:24:10+08:00 ] / | INFO: Tag[ view_template ] --START--
[ 2013-12-18T09:24:10+08:00 ] / | INFO: Run LocationTemplate Behavior [ RunTime:0.002710s ]
[ 2013-12-18T09:24:10+08:00 ] / | INFO: Tag[ view_template ] --END-- [ RunTime:-0.104449s ]
[ 2013-12-18T09:24:10+08:00 ] / | INFO: Tag[ view_parse ] --START--
[ 2013-12-18T09:24:10+08:00 ] / | INFO: Run ParseTemplate Behavior [ RunTime:0.006308s ]
[ 2013-12-18T09:24:10+08:00 ] / | INFO: Tag[ view_parse ] --END-- [ RunTime:-0.041663s ]
[ 2013-12-18T09:24:10+08:00 ] / | INFO: Tag[ view_filter ] --START--
[ 2013-12-18T09:24:10+08:00 ] / | INFO: Run ContentReplace Behavior [ RunTime:0.000143s ]
[ 2013-12-18T09:24:10+08:00 ] / | INFO: Run TokenBuild Behavior [ RunTime:0.000118s ]
[ 2013-12-18T09:24:10+08:00 ] / | INFO: Run WriteHtmlCache Behavior [ RunTime:0.000034s ]
[ 2013-12-18T09:24:10+08:00 ] / | INFO: Run ShowRuntime Behavior [ RunTime:0.000199s ]
[ 2013-12-18T09:24:10+08:00 ] / | INFO: Tag[ view_filter ] --END-- [ RunTime:-0.033877s ]
[ 2013-12-18T09:24:10+08:00 ] / | SQL: SELECT `id`,`newtitle`,`fstcreate` FROM `news` ORDER BY id LIMIT 10   [ RunTime:0.000879s ]
[ 2013-12-18T09:24:10+08:00 ] / | SQL: SELECT `id`,`newtitle`,`fstcreate`,`count` FROM `news` ORDER BY count,id LIMIT 10   [ RunTime:0.001516s ]
[ 2013-12-18T09:24:10+08:00 ] / | SQL: SELECT news.id,count(comment.type) as counts,news.newtitle FROM `news` left join comment on comment.type=news.id WHERE comment.isdel=1 GROUP BY comment.type ORDER BY counts desc  [ RunTime:0.001012s ]
[ 2013-12-18T09:24:10+08:00 ] / | INFO: Tag[ view_template ] --START--
[ 2013-12-18T09:24:10+08:00 ] / | INFO: Run LocationTemplate Behavior [ RunTime:0.001531s ]
[ 2013-12-18T09:24:10+08:00 ] / | INFO: Tag[ view_template ] --END-- [ RunTime:-0.119921s ]
[ 2013-12-18T09:24:10+08:00 ] / | INFO: Tag[ view_parse ] --START--
[ 2013-12-18T09:24:10+08:00 ] / | INFO: Run ParseTemplate Behavior [ RunTime:0.018671s ]
[ 2013-12-18T09:24:10+08:00 ] / | INFO: Tag[ view_parse ] --END-- [ RunTime:-0.055800s ]
[ 2013-12-18T09:24:10+08:00 ] / | INFO: Tag[ view_filter ] --START--
[ 2013-12-18T09:24:10+08:00 ] / | INFO: Run ContentReplace Behavior [ RunTime:0.000297s ]
[ 2013-12-18T09:24:10+08:00 ] / | INFO: Run TokenBuild Behavior [ RunTime:0.000303s ]
[ 2013-12-18T09:24:10+08:00 ] / | INFO: Run WriteHtmlCache Behavior [ RunTime:0.000065s ]
[ 2013-12-18T09:24:10+08:00 ] / | INFO: Run ShowRuntime Behavior [ RunTime:0.000403s ]
[ 2013-12-18T09:24:10+08:00 ] / | INFO: Tag[ view_filter ] --END-- [ RunTime:-0.060455s ]
[ 2013-12-18T09:24:10+08:00 ] / | SQL: SHOW COLUMNS FROM `newtype` [ RunTime:0.004473s ]
[ 2013-12-18T09:24:10+08:00 ] / | SQL: SELECT * FROM `newtype` WHERE isdel=0   [ RunTime:0.002270s ]
[ 2013-12-18T09:24:10+08:00 ] / | INFO: Tag[ view_template ] --START--
[ 2013-12-18T09:24:10+08:00 ] / | INFO: Run LocationTemplate Behavior [ RunTime:0.001509s ]
[ 2013-12-18T09:24:10+08:00 ] / | INFO: Tag[ view_template ] --END-- [ RunTime:-0.150364s ]
[ 2013-12-18T09:24:10+08:00 ] / | INFO: Tag[ view_parse ] --START--
[ 2013-12-18T09:24:10+08:00 ] / | INFO: Run ParseTemplate Behavior [ RunTime:0.006498s ]
[ 2013-12-18T09:24:10+08:00 ] / | INFO: Tag[ view_parse ] --END-- [ RunTime:-0.086225s ]
[ 2013-12-18T09:24:10+08:00 ] / | INFO: Tag[ view_filter ] --START--
[ 2013-12-18T09:24:10+08:00 ] / | INFO: Run ContentReplace Behavior [ RunTime:0.002684s ]
[ 2013-12-18T09:24:10+08:00 ] / | INFO: Run TokenBuild Behavior [ RunTime:0.000249s ]
[ 2013-12-18T09:24:10+08:00 ] / | INFO: Run WriteHtmlCache Behavior [ RunTime:0.000396s ]
[ 2013-12-18T09:24:10+08:00 ] / | INFO: Run ShowRuntime Behavior [ RunTime:0.000403s ]
[ 2013-12-18T09:24:10+08:00 ] / | INFO: Tag[ view_filter ] --END-- [ RunTime:-0.078563s ]
[ 2013-12-18T09:24:10+08:00 ] / | SQL: SELECT COUNT(*) AS tp_count FROM `news` join newtype on newtype.id=news.newtype LIMIT 1   [ RunTime:0.001523s ]
[ 2013-12-18T09:24:10+08:00 ] / | SQL: SELECT news.id,news.newtitle,news.author,news.fstcreate,news.newcontent,`count`,`typename`,`entypename`,`newimg` FROM `news` join newtype on newtype.id=news.newtype ORDER BY id desc  LIMIT 0,32   [ RunTime:0.004105s ]
[ 2013-12-18T09:24:10+08:00 ] / | INFO: Tag[ view_template ] --START--
[ 2013-12-18T09:24:10+08:00 ] / | INFO: Run LocationTemplate Behavior [ RunTime:0.001551s ]
[ 2013-12-18T09:24:10+08:00 ] / | INFO: Tag[ view_template ] --END-- [ RunTime:-0.171728s ]
[ 2013-12-18T09:24:10+08:00 ] / | INFO: Tag[ view_parse ] --START--
[ 2013-12-18T09:24:10+08:00 ] / | INFO: Run ParseTemplate Behavior [ RunTime:0.018968s ]
[ 2013-12-18T09:24:10+08:00 ] / | INFO: Tag[ view_parse ] --END-- [ RunTime:-0.107658s ]
[ 2013-12-18T09:24:10+08:00 ] / | INFO: Tag[ view_filter ] --START--
[ 2013-12-18T09:24:10+08:00 ] / | INFO: Run ContentReplace Behavior [ RunTime:0.002084s ]
[ 2013-12-18T09:24:10+08:00 ] / | INFO: Run TokenBuild Behavior [ RunTime:0.000235s ]
[ 2013-12-18T09:24:10+08:00 ] / | INFO: Run WriteHtmlCache Behavior [ RunTime:0.000069s ]
[ 2013-12-18T09:24:10+08:00 ] / | INFO: Run ShowRuntime Behavior [ RunTime:0.000514s ]
[ 2013-12-18T09:24:10+08:00 ] / | INFO: Tag[ view_filter ] --END-- [ RunTime:-0.112495s ]
[ 2013-12-18T09:24:10+08:00 ] / | INFO: Tag[ view_template ] --START--
[ 2013-12-18T09:24:10+08:00 ] / | INFO: Run LocationTemplate Behavior [ RunTime:0.002325s ]
[ 2013-12-18T09:24:10+08:00 ] / | INFO: Tag[ view_template ] --END-- [ RunTime:-0.196368s ]
[ 2013-12-18T09:24:10+08:00 ] / | INFO: Tag[ view_parse ] --START--
[ 2013-12-18T09:24:10+08:00 ] / | INFO: Run ParseTemplate Behavior [ RunTime:0.006678s ]
[ 2013-12-18T09:24:10+08:00 ] / | INFO: Tag[ view_parse ] --END-- [ RunTime:-0.133130s ]
[ 2013-12-18T09:24:10+08:00 ] / | INFO: Tag[ view_filter ] --START--
[ 2013-12-18T09:24:10+08:00 ] / | INFO: Run ContentReplace Behavior [ RunTime:0.000150s ]
[ 2013-12-18T09:24:10+08:00 ] / | INFO: Run TokenBuild Behavior [ RunTime:0.000113s ]
[ 2013-12-18T09:24:10+08:00 ] / | INFO: Run WriteHtmlCache Behavior [ RunTime:0.000033s ]
[ 2013-12-18T09:24:10+08:00 ] / | INFO: Run ShowRuntime Behavior [ RunTime:0.000541s ]
[ 2013-12-18T09:24:10+08:00 ] / | INFO: Tag[ view_filter ] --END-- [ RunTime:-0.125649s ]
[ 2013-12-18T09:24:10+08:00 ] / | INFO: Tag[ view_template ] --START--
[ 2013-12-18T09:24:10+08:00 ] / | INFO: Run LocationTemplate Behavior [ RunTime:0.002161s ]
[ 2013-12-18T09:24:10+08:00 ] / | INFO: Tag[ view_template ] --END-- [ RunTime:-0.207361s ]
[ 2013-12-18T09:24:10+08:00 ] / | INFO: Tag[ view_parse ] --START--
[ 2013-12-18T09:24:10+08:00 ] / | INFO: Run ParseTemplate Behavior [ RunTime:0.010310s ]
[ 2013-12-18T09:24:10+08:00 ] / | INFO: Tag[ view_parse ] --END-- [ RunTime:-0.144040s ]
[ 2013-12-18T09:24:10+08:00 ] / | INFO: Tag[ view_filter ] --START--
[ 2013-12-18T09:24:10+08:00 ] / | INFO: Run ContentReplace Behavior [ RunTime:0.000556s ]
[ 2013-12-18T09:24:10+08:00 ] / | INFO: Run TokenBuild Behavior [ RunTime:0.000117s ]
[ 2013-12-18T09:24:10+08:00 ] / | INFO: Run WriteHtmlCache Behavior [ RunTime:0.000034s ]
[ 2013-12-18T09:24:10+08:00 ] / | INFO: Run ShowRuntime Behavior [ RunTime:0.000341s ]
[ 2013-12-18T09:24:10+08:00 ] / | INFO: Tag[ view_filter ] --END-- [ RunTime:-0.140252s ]
[ 2013-12-18T09:24:10+08:00 ] / | INFO: Tag[ view_end ] --START--
[ 2013-12-18T09:24:10+08:00 ] / | INFO: Run ShowPageTrace Behavior [ RunTime:0.001875s ]
[ 2013-12-18T09:24:10+08:00 ] / | INFO: Tag[ view_end ] --END-- [ RunTime:0.001994s ]
[ 2013-12-18T09:24:15+08:00 ] / | INFO: Tag[ app_begin ] --START--
[ 2013-12-18T09:24:15+08:00 ] / | INFO: Run ReadHtmlCache Behavior [ RunTime:0.001997s ]
[ 2013-12-18T09:24:15+08:00 ] / | INFO: Tag[ app_begin ] --END-- [ RunTime:0.002135s ]
[ 2013-12-18T09:24:15+08:00 ] / | SQL: SHOW COLUMNS FROM `indexmenu` [ RunTime:0.002601s ]
[ 2013-12-18T09:24:15+08:00 ] / | SQL: SELECT * FROM `indexmenu` WHERE isdel=0 ORDER BY sort  [ RunTime:0.000747s ]
[ 2013-12-18T09:24:15+08:00 ] / | INFO: Tag[ view_template ] --START--
[ 2013-12-18T09:24:15+08:00 ] / | INFO: Run LocationTemplate Behavior [ RunTime:0.002540s ]
[ 2013-12-18T09:24:15+08:00 ] / | INFO: Tag[ view_template ] --END-- [ RunTime:0.002644s ]
[ 2013-12-18T09:24:15+08:00 ] / | INFO: Tag[ view_parse ] --START--
[ 2013-12-18T09:24:15+08:00 ] / | INFO: Run ParseTemplate Behavior [ RunTime:0.019042s ]
[ 2013-12-18T09:24:15+08:00 ] / | INFO: Tag[ view_parse ] --END-- [ RunTime:0.019144s ]
[ 2013-12-18T09:24:15+08:00 ] / | INFO: Tag[ view_filter ] --START--
[ 2013-12-18T09:24:15+08:00 ] / | INFO: Run ContentReplace Behavior [ RunTime:0.001124s ]
[ 2013-12-18T09:24:15+08:00 ] / | INFO: Run TokenBuild Behavior [ RunTime:0.001023s ]
[ 2013-12-18T09:24:15+08:00 ] / | INFO: Run WriteHtmlCache Behavior [ RunTime:0.001221s ]
[ 2013-12-18T09:24:15+08:00 ] / | INFO: Run ShowRuntime Behavior [ RunTime:0.001292s ]
[ 2013-12-18T09:24:15+08:00 ] / | INFO: Tag[ view_filter ] --END-- [ RunTime:0.004894s ]
[ 2013-12-18T09:24:15+08:00 ] / | SQL: SHOW COLUMNS FROM `news` [ RunTime:0.002514s ]
[ 2013-12-18T09:24:15+08:00 ] / | SQL: SELECT `id`,`newtitle`,`count` FROM `news` ORDER BY count LIMIT 10   [ RunTime:0.002902s ]
[ 2013-12-18T09:24:15+08:00 ] / | INFO: Tag[ view_template ] --START--
[ 2013-12-18T09:24:15+08:00 ] / | INFO: Run LocationTemplate Behavior [ RunTime:0.001089s ]
[ 2013-12-18T09:24:15+08:00 ] / | INFO: Tag[ view_template ] --END-- [ RunTime:-0.030362s ]
[ 2013-12-18T09:24:15+08:00 ] / | INFO: Tag[ view_parse ] --START--
[ 2013-12-18T09:24:15+08:00 ] / | INFO: Run ParseTemplate Behavior [ RunTime:0.005303s ]
[ 2013-12-18T09:24:15+08:00 ] / | INFO: Tag[ view_parse ] --END-- [ RunTime:-0.012407s ]
[ 2013-12-18T09:24:15+08:00 ] / | INFO: Tag[ view_filter ] --START--
[ 2013-12-18T09:24:15+08:00 ] / | INFO: Run ContentReplace Behavior [ RunTime:0.000102s ]
[ 2013-12-18T09:24:15+08:00 ] / | INFO: Run TokenBuild Behavior [ RunTime:0.000069s ]
[ 2013-12-18T09:24:15+08:00 ] / | INFO: Run WriteHtmlCache Behavior [ RunTime:0.000021s ]
[ 2013-12-18T09:24:15+08:00 ] / | INFO: Run ShowRuntime Behavior [ RunTime:0.000116s ]
[ 2013-12-18T09:24:15+08:00 ] / | INFO: Tag[ view_filter ] --END-- [ RunTime:-0.012953s ]
[ 2013-12-18T09:24:15+08:00 ] / | INFO: Tag[ view_template ] --START--
[ 2013-12-18T09:24:15+08:00 ] / | INFO: Run LocationTemplate Behavior [ RunTime:0.001034s ]
[ 2013-12-18T09:24:15+08:00 ] / | INFO: Tag[ view_template ] --END-- [ RunTime:-0.037629s ]
[ 2013-12-18T09:24:15+08:00 ] / | INFO: Tag[ view_parse ] --START--
[ 2013-12-18T09:24:15+08:00 ] / | INFO: Run ParseTemplate Behavior [ RunTime:0.002775s ]
[ 2013-12-18T09:24:15+08:00 ] / | INFO: Tag[ view_parse ] --END-- [ RunTime:-0.019556s ]
[ 2013-12-18T09:24:15+08:00 ] / | INFO: Tag[ view_filter ] --START--
[ 2013-12-18T09:24:15+08:00 ] / | INFO: Run ContentReplace Behavior [ RunTime:0.000085s ]
[ 2013-12-18T09:24:15+08:00 ] / | INFO: Run TokenBuild Behavior [ RunTime:0.000069s ]
[ 2013-12-18T09:24:15+08:00 ] / | INFO: Run WriteHtmlCache Behavior [ RunTime:0.000021s ]
[ 2013-12-18T09:24:15+08:00 ] / | INFO: Run ShowRuntime Behavior [ RunTime:0.000115s ]
[ 2013-12-18T09:24:15+08:00 ] / | INFO: Tag[ view_filter ] --END-- [ RunTime:-0.017544s ]
[ 2013-12-18T09:24:15+08:00 ] / | SQL: SELECT `id`,`newtitle`,`fstcreate` FROM `news` ORDER BY id LIMIT 10   [ RunTime:0.000399s ]
[ 2013-12-18T09:24:15+08:00 ] / | SQL: SELECT `id`,`newtitle`,`fstcreate`,`count` FROM `news` ORDER BY count,id LIMIT 10   [ RunTime:0.000614s ]
[ 2013-12-18T09:24:15+08:00 ] / | SQL: SELECT news.id,count(comment.type) as counts,news.newtitle FROM `news` left join comment on comment.type=news.id WHERE comment.isdel=1 GROUP BY comment.type ORDER BY counts desc  [ RunTime:0.000569s ]
[ 2013-12-18T09:24:15+08:00 ] / | INFO: Tag[ view_template ] --START--
[ 2013-12-18T09:24:15+08:00 ] / | INFO: Run LocationTemplate Behavior [ RunTime:0.001050s ]
[ 2013-12-18T09:24:15+08:00 ] / | INFO: Tag[ view_template ] --END-- [ RunTime:-0.044721s ]
[ 2013-12-18T09:24:15+08:00 ] / | INFO: Tag[ view_parse ] --START--
[ 2013-12-18T09:24:15+08:00 ] / | INFO: Run ParseTemplate Behavior [ RunTime:0.008571s ]
[ 2013-12-18T09:24:15+08:00 ] / | INFO: Tag[ view_parse ] --END-- [ RunTime:-0.026669s ]
[ 2013-12-18T09:24:15+08:00 ] / | INFO: Tag[ view_filter ] --START--
[ 2013-12-18T09:24:15+08:00 ] / | INFO: Run ContentReplace Behavior [ RunTime:0.000097s ]
[ 2013-12-18T09:24:15+08:00 ] / | INFO: Run TokenBuild Behavior [ RunTime:0.000070s ]
[ 2013-12-18T09:24:15+08:00 ] / | INFO: Run WriteHtmlCache Behavior [ RunTime:0.000021s ]
[ 2013-12-18T09:24:15+08:00 ] / | INFO: Run ShowRuntime Behavior [ RunTime:0.000121s ]
[ 2013-12-18T09:24:15+08:00 ] / | INFO: Tag[ view_filter ] --END-- [ RunTime:-0.030425s ]
[ 2013-12-18T09:24:15+08:00 ] / | SQL: SHOW COLUMNS FROM `newtype` [ RunTime:0.002368s ]
[ 2013-12-18T09:24:15+08:00 ] / | SQL: SELECT * FROM `newtype` WHERE isdel=0   [ RunTime:0.000628s ]
[ 2013-12-18T09:24:15+08:00 ] / | INFO: Tag[ view_template ] --START--
[ 2013-12-18T09:24:15+08:00 ] / | INFO: Run LocationTemplate Behavior [ RunTime:0.001003s ]
[ 2013-12-18T09:24:15+08:00 ] / | INFO: Tag[ view_template ] --END-- [ RunTime:-0.058706s ]
[ 2013-12-18T09:24:15+08:00 ] / | INFO: Tag[ view_parse ] --START--
[ 2013-12-18T09:24:15+08:00 ] / | INFO: Run ParseTemplate Behavior [ RunTime:0.003789s ]
[ 2013-12-18T09:24:15+08:00 ] / | INFO: Tag[ view_parse ] --END-- [ RunTime:-0.040605s ]
[ 2013-12-18T09:24:15+08:00 ] / | INFO: Tag[ view_filter ] --START--
[ 2013-12-18T09:24:15+08:00 ] / | INFO: Run ContentReplace Behavior [ RunTime:0.000084s ]
[ 2013-12-18T09:24:15+08:00 ] / | INFO: Run TokenBuild Behavior [ RunTime:0.000068s ]
[ 2013-12-18T09:24:15+08:00 ] / | INFO: Run WriteHtmlCache Behavior [ RunTime:0.000033s ]
[ 2013-12-18T09:24:15+08:00 ] / | INFO: Run ShowRuntime Behavior [ RunTime:0.000119s ]
[ 2013-12-18T09:24:15+08:00 ] / | INFO: Tag[ view_filter ] --END-- [ RunTime:-0.039590s ]
[ 2013-12-18T09:24:15+08:00 ] / | SQL: SELECT COUNT(*) AS tp_count FROM `news` join newtype on newtype.id=news.newtype LIMIT 1   [ RunTime:0.000751s ]
[ 2013-12-18T09:24:15+08:00 ] / | SQL: SELECT news.id,news.newtitle,news.author,news.fstcreate,news.newcontent,`count`,`typename`,`entypename`,`newimg` FROM `news` join newtype on newtype.id=news.newtype ORDER BY id desc  LIMIT 0,32   [ RunTime:0.001964s ]
[ 2013-12-18T09:24:15+08:00 ] / | INFO: Tag[ view_template ] --START--
[ 2013-12-18T09:24:15+08:00 ] / | INFO: Run LocationTemplate Behavior [ RunTime:0.002553s ]
[ 2013-12-18T09:24:15+08:00 ] / | INFO: Tag[ view_template ] --END-- [ RunTime:-0.068221s ]
[ 2013-12-18T09:24:15+08:00 ] / | INFO: Tag[ view_parse ] --START--
[ 2013-12-18T09:24:15+08:00 ] / | INFO: Run ParseTemplate Behavior [ RunTime:0.010266s ]
[ 2013-12-18T09:24:15+08:00 ] / | INFO: Tag[ view_parse ] --END-- [ RunTime:-0.051776s ]
[ 2013-12-18T09:24:15+08:00 ] / | INFO: Tag[ view_filter ] --START--
[ 2013-12-18T09:24:15+08:00 ] / | INFO: Run ContentReplace Behavior [ RunTime:0.000312s ]
[ 2013-12-18T09:24:15+08:00 ] / | INFO: Run TokenBuild Behavior [ RunTime:0.000071s ]
[ 2013-12-18T09:24:15+08:00 ] / | INFO: Run WriteHtmlCache Behavior [ RunTime:0.000024s ]
[ 2013-12-18T09:24:15+08:00 ] / | INFO: Run ShowRuntime Behavior [ RunTime:0.000152s ]
[ 2013-12-18T09:24:15+08:00 ] / | INFO: Tag[ view_filter ] --END-- [ RunTime:-0.057275s ]
[ 2013-12-18T09:24:15+08:00 ] / | INFO: Tag[ view_template ] --START--
[ 2013-12-18T09:24:15+08:00 ] / | INFO: Run LocationTemplate Behavior [ RunTime:0.001055s ]
[ 2013-12-18T09:24:15+08:00 ] / | INFO: Tag[ view_template ] --END-- [ RunTime:-0.082249s ]
[ 2013-12-18T09:24:15+08:00 ] / | INFO: Tag[ view_parse ] --START--
[ 2013-12-18T09:24:15+08:00 ] / | INFO: Run ParseTemplate Behavior [ RunTime:0.004001s ]
[ 2013-12-18T09:24:15+08:00 ] / | INFO: Tag[ view_parse ] --END-- [ RunTime:-0.064261s ]
[ 2013-12-18T09:24:15+08:00 ] / | INFO: Tag[ view_filter ] --START--
[ 2013-12-18T09:24:15+08:00 ] / | INFO: Run ContentReplace Behavior [ RunTime:0.000096s ]
[ 2013-12-18T09:24:15+08:00 ] / | INFO: Run TokenBuild Behavior [ RunTime:0.000070s ]
[ 2013-12-18T09:24:15+08:00 ] / | INFO: Run WriteHtmlCache Behavior [ RunTime:0.000021s ]
[ 2013-12-18T09:24:15+08:00 ] / | INFO: Run ShowRuntime Behavior [ RunTime:0.000120s ]
[ 2013-12-18T09:24:15+08:00 ] / | INFO: Tag[ view_filter ] --END-- [ RunTime:-0.063503s ]
[ 2013-12-18T09:24:15+08:00 ] / | INFO: Tag[ view_template ] --START--
[ 2013-12-18T09:24:15+08:00 ] / | INFO: Run LocationTemplate Behavior [ RunTime:0.000781s ]
[ 2013-12-18T09:24:15+08:00 ] / | INFO: Tag[ view_template ] --END-- [ RunTime:-0.088198s ]
[ 2013-12-18T09:24:15+08:00 ] / | INFO: Tag[ view_parse ] --START--
[ 2013-12-18T09:24:15+08:00 ] / | INFO: Run ParseTemplate Behavior [ RunTime:0.003505s ]
[ 2013-12-18T09:24:15+08:00 ] / | INFO: Tag[ view_parse ] --END-- [ RunTime:-0.069866s ]
[ 2013-12-18T09:24:15+08:00 ] / | INFO: Tag[ view_filter ] --START--
[ 2013-12-18T09:24:15+08:00 ] / | INFO: Run ContentReplace Behavior [ RunTime:0.000347s ]
[ 2013-12-18T09:24:15+08:00 ] / | INFO: Run TokenBuild Behavior [ RunTime:0.000068s ]
[ 2013-12-18T09:24:15+08:00 ] / | INFO: Run WriteHtmlCache Behavior [ RunTime:0.000021s ]
[ 2013-12-18T09:24:15+08:00 ] / | INFO: Run ShowRuntime Behavior [ RunTime:0.000199s ]
[ 2013-12-18T09:24:15+08:00 ] / | INFO: Tag[ view_filter ] --END-- [ RunTime:-0.068579s ]
[ 2013-12-18T09:24:15+08:00 ] / | INFO: Tag[ view_end ] --START--
[ 2013-12-18T09:24:15+08:00 ] / | INFO: Run ShowPageTrace Behavior [ RunTime:0.001162s ]
[ 2013-12-18T09:24:15+08:00 ] / | INFO: Tag[ view_end ] --END-- [ RunTime:0.001222s ]
[ 2013-12-18T09:24:18+08:00 ] / | INFO: Tag[ app_begin ] --START--
[ 2013-12-18T09:24:18+08:00 ] / | INFO: Run ReadHtmlCache Behavior [ RunTime:0.003643s ]
[ 2013-12-18T09:24:18+08:00 ] / | INFO: Tag[ app_begin ] --END-- [ RunTime:0.003927s ]
[ 2013-12-18T09:24:18+08:00 ] / | SQL: SHOW COLUMNS FROM `indexmenu` [ RunTime:0.006531s ]
[ 2013-12-18T09:24:18+08:00 ] / | SQL: SELECT * FROM `indexmenu` WHERE isdel=0 ORDER BY sort  [ RunTime:0.002323s ]
[ 2013-12-18T09:24:18+08:00 ] / | INFO: Tag[ view_template ] --START--
[ 2013-12-18T09:24:18+08:00 ] / | INFO: Run LocationTemplate Behavior [ RunTime:0.006873s ]
[ 2013-12-18T09:24:18+08:00 ] / | INFO: Tag[ view_template ] --END-- [ RunTime:0.007134s ]
[ 2013-12-18T09:24:18+08:00 ] / | INFO: Tag[ view_parse ] --START--
[ 2013-12-18T09:24:18+08:00 ] / | INFO: Run ParseTemplate Behavior [ RunTime:0.071796s ]
[ 2013-12-18T09:24:18+08:00 ] / | INFO: Tag[ view_parse ] --END-- [ RunTime:0.071960s ]
[ 2013-12-18T09:24:18+08:00 ] / | INFO: Tag[ view_filter ] --START--
[ 2013-12-18T09:24:18+08:00 ] / | INFO: Run ContentReplace Behavior [ RunTime:0.001077s ]
[ 2013-12-18T09:24:18+08:00 ] / | INFO: Run TokenBuild Behavior [ RunTime:0.001065s ]
[ 2013-12-18T09:24:18+08:00 ] / | INFO: Run WriteHtmlCache Behavior [ RunTime:0.000939s ]
[ 2013-12-18T09:24:18+08:00 ] / | INFO: Run ShowRuntime Behavior [ RunTime:0.001225s ]
[ 2013-12-18T09:24:18+08:00 ] / | INFO: Tag[ view_filter ] --END-- [ RunTime:0.004487s ]
[ 2013-12-18T09:24:18+08:00 ] / | SQL: SHOW COLUMNS FROM `news` [ RunTime:0.003389s ]
[ 2013-12-18T09:24:18+08:00 ] / | SQL: SELECT `id`,`newtitle`,`count` FROM `news` ORDER BY count LIMIT 10   [ RunTime:0.002819s ]
[ 2013-12-18T09:24:18+08:00 ] / | INFO: Tag[ view_template ] --START--
[ 2013-12-18T09:24:18+08:00 ] / | INFO: Run LocationTemplate Behavior [ RunTime:0.002286s ]
[ 2013-12-18T09:24:18+08:00 ] / | INFO: Tag[ view_template ] --END-- [ RunTime:-0.083700s ]
[ 2013-12-18T09:24:18+08:00 ] / | INFO: Tag[ view_parse ] --START--
[ 2013-12-18T09:24:18+08:00 ] / | INFO: Run ParseTemplate Behavior [ RunTime:0.007132s ]
[ 2013-12-18T09:24:18+08:00 ] / | INFO: Tag[ view_parse ] --END-- [ RunTime:-0.014261s ]
[ 2013-12-18T09:24:18+08:00 ] / | INFO: Tag[ view_filter ] --START--
[ 2013-12-18T09:24:18+08:00 ] / | INFO: Run ContentReplace Behavior [ RunTime:0.000112s ]
[ 2013-12-18T09:24:18+08:00 ] / | INFO: Run TokenBuild Behavior [ RunTime:0.000068s ]
[ 2013-12-18T09:24:18+08:00 ] / | INFO: Run WriteHtmlCache Behavior [ RunTime:0.000021s ]
[ 2013-12-18T09:24:18+08:00 ] / | INFO: Run ShowRuntime Behavior [ RunTime:0.000118s ]
[ 2013-12-18T09:24:18+08:00 ] / | INFO: Tag[ view_filter ] --END-- [ RunTime:-0.017061s ]
[ 2013-12-18T09:24:18+08:00 ] / | INFO: Tag[ view_template ] --START--
[ 2013-12-18T09:24:18+08:00 ] / | INFO: Run LocationTemplate Behavior [ RunTime:0.001922s ]
[ 2013-12-18T09:24:18+08:00 ] / | INFO: Tag[ view_template ] --END-- [ RunTime:-0.094281s ]
[ 2013-12-18T09:24:18+08:00 ] / | INFO: Tag[ view_parse ] --START--
[ 2013-12-18T09:24:18+08:00 ] / | INFO: Run ParseTemplate Behavior [ RunTime:0.003085s ]
[ 2013-12-18T09:24:18+08:00 ] / | INFO: Tag[ view_parse ] --END-- [ RunTime:-0.024204s ]
[ 2013-12-18T09:24:18+08:00 ] / | INFO: Tag[ view_filter ] --START--
[ 2013-12-18T09:24:18+08:00 ] / | INFO: Run ContentReplace Behavior [ RunTime:0.000080s ]
[ 2013-12-18T09:24:18+08:00 ] / | INFO: Run TokenBuild Behavior [ RunTime:0.000069s ]
[ 2013-12-18T09:24:18+08:00 ] / | INFO: Run WriteHtmlCache Behavior [ RunTime:0.000020s ]
[ 2013-12-18T09:24:18+08:00 ] / | INFO: Run ShowRuntime Behavior [ RunTime:0.000116s ]
[ 2013-12-18T09:24:18+08:00 ] / | INFO: Tag[ view_filter ] --END-- [ RunTime:-0.022894s ]
[ 2013-12-18T09:24:18+08:00 ] / | SQL: SELECT `id`,`newtitle`,`fstcreate` FROM `news` ORDER BY id LIMIT 10   [ RunTime:0.000491s ]
[ 2013-12-18T09:24:18+08:00 ] / | SQL: SELECT `id`,`newtitle`,`fstcreate`,`count` FROM `news` ORDER BY count,id LIMIT 10   [ RunTime:0.000631s ]
[ 2013-12-18T09:24:18+08:00 ] / | SQL: SELECT news.id,count(comment.type) as counts,news.newtitle FROM `news` left join comment on comment.type=news.id WHERE comment.isdel=1 GROUP BY comment.type ORDER BY counts desc  [ RunTime:0.000588s ]
[ 2013-12-18T09:24:18+08:00 ] / | INFO: Tag[ view_template ] --START--
[ 2013-12-18T09:24:18+08:00 ] / | INFO: Run LocationTemplate Behavior [ RunTime:0.002633s ]
[ 2013-12-18T09:24:18+08:00 ] / | INFO: Tag[ view_template ] --END-- [ RunTime:-0.103067s ]
[ 2013-12-18T09:24:18+08:00 ] / | INFO: Tag[ view_parse ] --START--
[ 2013-12-18T09:24:18+08:00 ] / | INFO: Run ParseTemplate Behavior [ RunTime:0.009707s ]
[ 2013-12-18T09:24:18+08:00 ] / | INFO: Tag[ view_parse ] --END-- [ RunTime:-0.033920s ]
[ 2013-12-18T09:24:18+08:00 ] / | INFO: Tag[ view_filter ] --START--
[ 2013-12-18T09:24:18+08:00 ] / | INFO: Run ContentReplace Behavior [ RunTime:0.000104s ]
[ 2013-12-18T09:24:18+08:00 ] / | INFO: Run TokenBuild Behavior [ RunTime:0.000070s ]
[ 2013-12-18T09:24:18+08:00 ] / | INFO: Run WriteHtmlCache Behavior [ RunTime:0.000020s ]
[ 2013-12-18T09:24:18+08:00 ] / | INFO: Run ShowRuntime Behavior [ RunTime:0.000126s ]
[ 2013-12-18T09:24:18+08:00 ] / | INFO: Tag[ view_filter ] --END-- [ RunTime:-0.039285s ]
[ 2013-12-18T09:24:18+08:00 ] / | SQL: SHOW COLUMNS FROM `newtype` [ RunTime:0.002444s ]
[ 2013-12-18T09:24:18+08:00 ] / | SQL: SELECT * FROM `newtype` WHERE isdel=0   [ RunTime:0.004746s ]
[ 2013-12-18T09:24:18+08:00 ] / | INFO: Tag[ view_template ] --START--
[ 2013-12-18T09:24:18+08:00 ] / | INFO: Run LocationTemplate Behavior [ RunTime:0.001052s ]
[ 2013-12-18T09:24:18+08:00 ] / | INFO: Tag[ view_template ] --END-- [ RunTime:-0.124377s ]
[ 2013-12-18T09:24:18+08:00 ] / | INFO: Tag[ view_parse ] --START--
[ 2013-12-18T09:24:18+08:00 ] / | INFO: Run ParseTemplate Behavior [ RunTime:0.012291s ]
[ 2013-12-18T09:24:18+08:00 ] / | INFO: Tag[ view_parse ] --END-- [ RunTime:-0.053387s ]
[ 2013-12-18T09:24:18+08:00 ] / | INFO: Tag[ view_filter ] --START--
[ 2013-12-18T09:24:18+08:00 ] / | INFO: Run ContentReplace Behavior [ RunTime:0.000088s ]
[ 2013-12-18T09:24:18+08:00 ] / | INFO: Run TokenBuild Behavior [ RunTime:0.000069s ]
[ 2013-12-18T09:24:18+08:00 ] / | INFO: Run WriteHtmlCache Behavior [ RunTime:0.000021s ]
[ 2013-12-18T09:24:18+08:00 ] / | INFO: Run ShowRuntime Behavior [ RunTime:0.000120s ]
[ 2013-12-18T09:24:18+08:00 ] / | INFO: Tag[ view_filter ] --END-- [ RunTime:-0.061292s ]
[ 2013-12-18T09:24:18+08:00 ] / | SQL: SELECT COUNT(*) AS tp_count FROM `news` join newtype on newtype.id=news.newtype LIMIT 1   [ RunTime:0.000809s ]
[ 2013-12-18T09:24:18+08:00 ] / | SQL: SELECT news.id,news.newtitle,news.author,news.fstcreate,news.newcontent,`count`,`typename`,`entypename`,`newimg` FROM `news` join newtype on newtype.id=news.newtype ORDER BY id desc  LIMIT 0,32   [ RunTime:0.004360s ]
[ 2013-12-18T09:24:18+08:00 ] / | INFO: Tag[ view_template ] --START--
[ 2013-12-18T09:24:18+08:00 ] / | INFO: Run LocationTemplate Behavior [ RunTime:0.002117s ]
[ 2013-12-18T09:24:18+08:00 ] / | INFO: Tag[ view_template ] --END-- [ RunTime:-0.145836s ]
[ 2013-12-18T09:24:18+08:00 ] / | INFO: Tag[ view_parse ] --START--
[ 2013-12-18T09:24:18+08:00 ] / | INFO: Run ParseTemplate Behavior [ RunTime:0.016586s ]
[ 2013-12-18T09:24:18+08:00 ] / | INFO: Tag[ view_parse ] --END-- [ RunTime:-0.076198s ]
[ 2013-12-18T09:24:18+08:00 ] / | INFO: Tag[ view_filter ] --START--
[ 2013-12-18T09:24:18+08:00 ] / | INFO: Run ContentReplace Behavior [ RunTime:0.000308s ]
[ 2013-12-18T09:24:18+08:00 ] / | INFO: Run TokenBuild Behavior [ RunTime:0.000070s ]
[ 2013-12-18T09:24:18+08:00 ] / | INFO: Run WriteHtmlCache Behavior [ RunTime:0.000021s ]
[ 2013-12-18T09:24:18+08:00 ] / | INFO: Run ShowRuntime Behavior [ RunTime:0.000152s ]
[ 2013-12-18T09:24:18+08:00 ] / | INFO: Tag[ view_filter ] --END-- [ RunTime:-0.088464s ]
[ 2013-12-18T09:24:18+08:00 ] / | INFO: Tag[ view_template ] --START--
[ 2013-12-18T09:24:18+08:00 ] / | INFO: Run LocationTemplate Behavior [ RunTime:0.000999s ]
[ 2013-12-18T09:24:18+08:00 ] / | INFO: Tag[ view_template ] --END-- [ RunTime:-0.165923s ]
[ 2013-12-18T09:24:18+08:00 ] / | INFO: Tag[ view_parse ] --START--
[ 2013-12-18T09:24:18+08:00 ] / | INFO: Run ParseTemplate Behavior [ RunTime:0.005404s ]
[ 2013-12-18T09:24:18+08:00 ] / | INFO: Tag[ view_parse ] --END-- [ RunTime:-0.094913s ]
[ 2013-12-18T09:24:18+08:00 ] / | INFO: Tag[ view_filter ] --START--
[ 2013-12-18T09:24:18+08:00 ] / | INFO: Run ContentReplace Behavior [ RunTime:0.000100s ]
[ 2013-12-18T09:24:18+08:00 ] / | INFO: Run TokenBuild Behavior [ RunTime:0.000069s ]
[ 2013-12-18T09:24:18+08:00 ] / | INFO: Run WriteHtmlCache Behavior [ RunTime:0.000021s ]
[ 2013-12-18T09:24:18+08:00 ] / | INFO: Run ShowRuntime Behavior [ RunTime:0.000124s ]
[ 2013-12-18T09:24:18+08:00 ] / | INFO: Tag[ view_filter ] --END-- [ RunTime:-0.095929s ]
[ 2013-12-18T09:24:18+08:00 ] / | INFO: Tag[ view_template ] --START--
[ 2013-12-18T09:24:18+08:00 ] / | INFO: Run LocationTemplate Behavior [ RunTime:0.000841s ]
[ 2013-12-18T09:24:18+08:00 ] / | INFO: Tag[ view_template ] --END-- [ RunTime:-0.173160s ]
[ 2013-12-18T09:24:18+08:00 ] / | INFO: Tag[ view_parse ] --START--
[ 2013-12-18T09:24:18+08:00 ] / | INFO: Run ParseTemplate Behavior [ RunTime:0.006557s ]
[ 2013-12-18T09:24:18+08:00 ] / | INFO: Tag[ view_parse ] --END-- [ RunTime:-0.101954s ]
[ 2013-12-18T09:24:18+08:00 ] / | INFO: Tag[ view_filter ] --START--
[ 2013-12-18T09:24:18+08:00 ] / | INFO: Run ContentReplace Behavior [ RunTime:0.001248s ]
[ 2013-12-18T09:24:18+08:00 ] / | INFO: Run TokenBuild Behavior [ RunTime:0.000221s ]
[ 2013-12-18T09:24:18+08:00 ] / | INFO: Run WriteHtmlCache Behavior [ RunTime:0.000064s ]
[ 2013-12-18T09:24:18+08:00 ] / | INFO: Run ShowRuntime Behavior [ RunTime:0.000710s ]
[ 2013-12-18T09:24:18+08:00 ] / | INFO: Tag[ view_filter ] --END-- [ RunTime:-0.104144s ]
[ 2013-12-18T09:24:18+08:00 ] / | INFO: Tag[ view_end ] --START--
[ 2013-12-18T09:24:18+08:00 ] / | INFO: Run ShowPageTrace Behavior [ RunTime:0.004860s ]
[ 2013-12-18T09:24:18+08:00 ] / | INFO: Tag[ view_end ] --END-- [ RunTime:0.005023s ]
