[ 2013-12-06T11:07:13+08:00 ] /?search_article=uuu | INFO: Tag[ app_begin ] --START--
[ 2013-12-06T11:07:13+08:00 ] /?search_article=uuu | INFO: Run ReadHtmlCache Behavior [ RunTime:0.004489s ]
[ 2013-12-06T11:07:13+08:00 ] /?search_article=uuu | INFO: Tag[ app_begin ] --END-- [ RunTime:0.005232s ]
[ 2013-12-06T11:07:13+08:00 ] /?search_article=uuu | SQL: SHOW COLUMNS FROM `indexmenu` [ RunTime:0.006861s ]
[ 2013-12-06T11:07:13+08:00 ] /?search_article=uuu | SQL: SELECT * FROM `indexmenu` WHERE isdel=0 ORDER BY sort  [ RunTime:0.001979s ]
[ 2013-12-06T11:07:13+08:00 ] /?search_article=uuu | INFO: Tag[ view_template ] --START--
[ 2013-12-06T11:07:13+08:00 ] /?search_article=uuu | INFO: Run LocationTemplate Behavior [ RunTime:0.003993s ]
[ 2013-12-06T11:07:13+08:00 ] /?search_article=uuu | INFO: Tag[ view_template ] --END-- [ RunTime:0.004161s ]
[ 2013-12-06T11:07:13+08:00 ] /?search_article=uuu | INFO: Tag[ view_parse ] --START--
[ 2013-12-06T11:07:14+08:00 ] /?search_article=uuu | INFO: Run ParseTemplate Behavior [ RunTime:0.023962s ]
[ 2013-12-06T11:07:14+08:00 ] /?search_article=uuu | INFO: Tag[ view_parse ] --END-- [ RunTime:0.024076s ]
[ 2013-12-06T11:07:14+08:00 ] /?search_article=uuu | INFO: Tag[ view_filter ] --START--
[ 2013-12-06T11:07:14+08:00 ] /?search_article=uuu | INFO: Run ContentReplace Behavior [ RunTime:0.001086s ]
[ 2013-12-06T11:07:14+08:00 ] /?search_article=uuu | INFO: Run TokenBuild Behavior [ RunTime:0.001691s ]
[ 2013-12-06T11:07:14+08:00 ] /?search_article=uuu | INFO: Run WriteHtmlCache Behavior [ RunTime:0.001788s ]
[ 2013-12-06T11:07:14+08:00 ] /?search_article=uuu | INFO: Run ShowRuntime Behavior [ RunTime:0.004598s ]
[ 2013-12-06T11:07:14+08:00 ] /?search_article=uuu | INFO: Tag[ view_filter ] --END-- [ RunTime:0.009575s ]
[ 2013-12-06T11:07:14+08:00 ] /?search_article=uuu | SQL: SHOW COLUMNS FROM `news` [ RunTime:0.006232s ]
[ 2013-12-06T11:07:14+08:00 ] /?search_article=uuu | SQL: SELECT `id`,`newtitle`,`count` FROM `news` ORDER BY count LIMIT 10   [ RunTime:0.050795s ]
[ 2013-12-06T11:07:14+08:00 ] /?search_article=uuu | INFO: Tag[ view_template ] --START--
[ 2013-12-06T11:07:14+08:00 ] /?search_article=uuu | INFO: Run LocationTemplate Behavior [ RunTime:0.002409s ]
[ 2013-12-06T11:07:14+08:00 ] /?search_article=uuu | INFO: Tag[ view_template ] --END-- [ RunTime:-0.091992s ]
[ 2013-12-06T11:07:14+08:00 ] /?search_article=uuu | INFO: Tag[ view_parse ] --START--
[ 2013-12-06T11:07:14+08:00 ] /?search_article=uuu | INFO: Run ParseTemplate Behavior [ RunTime:0.006173s ]
[ 2013-12-06T11:07:14+08:00 ] /?search_article=uuu | INFO: Tag[ view_parse ] --END-- [ RunTime:-0.070504s ]
[ 2013-12-06T11:07:14+08:00 ] /?search_article=uuu | INFO: Tag[ view_filter ] --START--
[ 2013-12-06T11:07:14+08:00 ] /?search_article=uuu | INFO: Run ContentReplace Behavior [ RunTime:0.000105s ]
[ 2013-12-06T11:07:14+08:00 ] /?search_article=uuu | INFO: Run TokenBuild Behavior [ RunTime:0.000070s ]
[ 2013-12-06T11:07:14+08:00 ] /?search_article=uuu | INFO: Run WriteHtmlCache Behavior [ RunTime:0.000021s ]
[ 2013-12-06T11:07:14+08:00 ] /?search_article=uuu | INFO: Run ShowRuntime Behavior [ RunTime:0.000123s ]
[ 2013-12-06T11:07:14+08:00 ] /?search_article=uuu | INFO: Tag[ view_filter ] --END-- [ RunTime:-0.067199s ]
[ 2013-12-06T11:07:14+08:00 ] /?search_article=uuu | INFO: Tag[ view_template ] --START--
[ 2013-12-06T11:07:14+08:00 ] /?search_article=uuu | INFO: Run LocationTemplate Behavior [ RunTime:0.000886s ]
[ 2013-12-06T11:07:14+08:00 ] /?search_article=uuu | INFO: Tag[ view_template ] --END-- [ RunTime:-0.101502s ]
[ 2013-12-06T11:07:14+08:00 ] /?search_article=uuu | INFO: Tag[ view_parse ] --START--
[ 2013-12-06T11:07:14+08:00 ] /?search_article=uuu | INFO: Run ParseTemplate Behavior [ RunTime:0.003140s ]
[ 2013-12-06T11:07:14+08:00 ] /?search_article=uuu | INFO: Tag[ view_parse ] --END-- [ RunTime:-0.078359s ]
[ 2013-12-06T11:07:14+08:00 ] /?search_article=uuu | INFO: Tag[ view_filter ] --START--
[ 2013-12-06T11:07:14+08:00 ] /?search_article=uuu | INFO: Run ContentReplace Behavior [ RunTime:0.000248s ]
[ 2013-12-06T11:07:14+08:00 ] /?search_article=uuu | INFO: Run TokenBuild Behavior [ RunTime:0.000221s ]
[ 2013-12-06T11:07:14+08:00 ] /?search_article=uuu | INFO: Run WriteHtmlCache Behavior [ RunTime:0.000069s ]
[ 2013-12-06T11:07:14+08:00 ] /?search_article=uuu | INFO: Run ShowRuntime Behavior [ RunTime:0.000384s ]
[ 2013-12-06T11:07:14+08:00 ] /?search_article=uuu | INFO: Tag[ view_filter ] --END-- [ RunTime:-0.072238s ]
[ 2013-12-06T11:07:14+08:00 ] /?search_article=uuu | SQL: SELECT `id`,`newtitle`,`fstcreate` FROM `news` ORDER BY id LIMIT 10   [ RunTime:0.000871s ]
[ 2013-12-06T11:07:14+08:00 ] /?search_article=uuu | SQL: SELECT `id`,`newtitle`,`fstcreate`,`count` FROM `news` ORDER BY count,id LIMIT 10   [ RunTime:0.001264s ]
[ 2013-12-06T11:07:14+08:00 ] /?search_article=uuu | SQL: SELECT news.id,count(comment.type) as counts,news.newtitle FROM `news` left join comment on comment.type=news.id WHERE comment.isdel=1 GROUP BY comment.type ORDER BY counts desc  [ RunTime:0.002969s ]
[ 2013-12-06T11:07:14+08:00 ] /?search_article=uuu | INFO: Tag[ view_template ] --START--
[ 2013-12-06T11:07:14+08:00 ] /?search_article=uuu | INFO: Run LocationTemplate Behavior [ RunTime:0.000969s ]
[ 2013-12-06T11:07:14+08:00 ] /?search_article=uuu | INFO: Tag[ view_template ] --END-- [ RunTime:-0.115079s ]
[ 2013-12-06T11:07:14+08:00 ] /?search_article=uuu | INFO: Tag[ view_parse ] --START--
[ 2013-12-06T11:07:14+08:00 ] /?search_article=uuu | INFO: Run ParseTemplate Behavior [ RunTime:0.010278s ]
[ 2013-12-06T11:07:14+08:00 ] /?search_article=uuu | INFO: Tag[ view_parse ] --END-- [ RunTime:-0.092024s ]
[ 2013-12-06T11:07:14+08:00 ] /?search_article=uuu | INFO: Tag[ view_filter ] --START--
[ 2013-12-06T11:07:14+08:00 ] /?search_article=uuu | INFO: Run ContentReplace Behavior [ RunTime:0.000096s ]
[ 2013-12-06T11:07:14+08:00 ] /?search_article=uuu | INFO: Run TokenBuild Behavior [ RunTime:0.000075s ]
[ 2013-12-06T11:07:14+08:00 ] /?search_article=uuu | INFO: Run WriteHtmlCache Behavior [ RunTime:0.000021s ]
[ 2013-12-06T11:07:14+08:00 ] /?search_article=uuu | INFO: Run ShowRuntime Behavior [ RunTime:0.000122s ]
[ 2013-12-06T11:07:14+08:00 ] /?search_article=uuu | INFO: Tag[ view_filter ] --END-- [ RunTime:-0.092805s ]
[ 2013-12-06T11:07:14+08:00 ] /?search_article=uuu | SQL: SHOW COLUMNS FROM `newtype` [ RunTime:0.006324s ]
[ 2013-12-06T11:07:14+08:00 ] /?search_article=uuu | SQL: SELECT * FROM `newtype` WHERE isdel=0   [ RunTime:0.001922s ]
[ 2013-12-06T11:07:14+08:00 ] /?search_article=uuu | INFO: Tag[ view_template ] --START--
[ 2013-12-06T11:07:14+08:00 ] /?search_article=uuu | INFO: Run LocationTemplate Behavior [ RunTime:0.000945s ]
[ 2013-12-06T11:07:14+08:00 ] /?search_article=uuu | INFO: Tag[ view_template ] --END-- [ RunTime:-0.136286s ]
[ 2013-12-06T11:07:14+08:00 ] /?search_article=uuu | INFO: Tag[ view_parse ] --START--
[ 2013-12-06T11:07:14+08:00 ] /?search_article=uuu | INFO: Run ParseTemplate Behavior [ RunTime:0.005940s ]
[ 2013-12-06T11:07:14+08:00 ] /?search_article=uuu | INFO: Tag[ view_parse ] --END-- [ RunTime:-0.113203s ]
[ 2013-12-06T11:07:14+08:00 ] /?search_article=uuu | INFO: Tag[ view_filter ] --START--
[ 2013-12-06T11:07:14+08:00 ] /?search_article=uuu | INFO: Run ContentReplace Behavior [ RunTime:0.000092s ]
[ 2013-12-06T11:07:14+08:00 ] /?search_article=uuu | INFO: Run TokenBuild Behavior [ RunTime:0.000066s ]
[ 2013-12-06T11:07:14+08:00 ] /?search_article=uuu | INFO: Run WriteHtmlCache Behavior [ RunTime:0.000022s ]
[ 2013-12-06T11:07:14+08:00 ] /?search_article=uuu | INFO: Run ShowRuntime Behavior [ RunTime:0.000120s ]
[ 2013-12-06T11:07:14+08:00 ] /?search_article=uuu | INFO: Tag[ view_filter ] --END-- [ RunTime:-0.109663s ]
[ 2013-12-06T11:07:14+08:00 ] /?search_article=uuu | SQL: SELECT COUNT(*) AS tp_count FROM `news` join newtype on newtype.id=news.newtype LIMIT 1   [ RunTime:0.001325s ]
[ 2013-12-06T11:07:14+08:00 ] /?search_article=uuu | SQL: SELECT news.id,news.newtitle,news.author,news.fstcreate,news.newcontent,`count`,`typename`,`entypename`,`newimg` FROM `news` join newtype on newtype.id=news.newtype ORDER BY id desc  LIMIT 0,32   [ RunTime:0.003948s ]
[ 2013-12-06T11:07:14+08:00 ] /?search_article=uuu | INFO: Tag[ view_template ] --START--
[ 2013-12-06T11:07:14+08:00 ] /?search_article=uuu | INFO: Run LocationTemplate Behavior [ RunTime:0.000936s ]
[ 2013-12-06T11:07:14+08:00 ] /?search_article=uuu | INFO: Tag[ view_template ] --END-- [ RunTime:-0.151325s ]
[ 2013-12-06T11:07:14+08:00 ] /?search_article=uuu | INFO: Tag[ view_parse ] --START--
[ 2013-12-06T11:07:14+08:00 ] /?search_article=uuu | INFO: Run ParseTemplate Behavior [ RunTime:0.011130s ]
[ 2013-12-06T11:07:14+08:00 ] /?search_article=uuu | INFO: Tag[ view_parse ] --END-- [ RunTime:-0.128249s ]
[ 2013-12-06T11:07:14+08:00 ] /?search_article=uuu | INFO: Tag[ view_filter ] --START--
[ 2013-12-06T11:07:14+08:00 ] /?search_article=uuu | INFO: Run ContentReplace Behavior [ RunTime:0.000298s ]
[ 2013-12-06T11:07:14+08:00 ] /?search_article=uuu | INFO: Run TokenBuild Behavior [ RunTime:0.000071s ]
[ 2013-12-06T11:07:14+08:00 ] /?search_article=uuu | INFO: Run WriteHtmlCache Behavior [ RunTime:0.000022s ]
[ 2013-12-06T11:07:14+08:00 ] /?search_article=uuu | INFO: Run ShowRuntime Behavior [ RunTime:0.000150s ]
[ 2013-12-06T11:07:14+08:00 ] /?search_article=uuu | INFO: Tag[ view_filter ] --END-- [ RunTime:-0.129901s ]
[ 2013-12-06T11:07:14+08:00 ] /?search_article=uuu | INFO: Tag[ view_template ] --START--
[ 2013-12-06T11:07:14+08:00 ] /?search_article=uuu | INFO: Run LocationTemplate Behavior [ RunTime:0.000869s ]
[ 2013-12-06T11:07:14+08:00 ] /?search_article=uuu | INFO: Tag[ view_template ] --END-- [ RunTime:-0.164420s ]
[ 2013-12-06T11:07:14+08:00 ] /?search_article=uuu | INFO: Tag[ view_parse ] --START--
[ 2013-12-06T11:07:14+08:00 ] /?search_article=uuu | INFO: Run ParseTemplate Behavior [ RunTime:0.004652s ]
[ 2013-12-06T11:07:14+08:00 ] /?search_article=uuu | INFO: Tag[ view_parse ] --END-- [ RunTime:-0.141277s ]
[ 2013-12-06T11:07:14+08:00 ] /?search_article=uuu | INFO: Tag[ view_filter ] --START--
[ 2013-12-06T11:07:14+08:00 ] /?search_article=uuu | INFO: Run ContentReplace Behavior [ RunTime:0.000117s ]
[ 2013-12-06T11:07:14+08:00 ] /?search_article=uuu | INFO: Run TokenBuild Behavior [ RunTime:0.000065s ]
[ 2013-12-06T11:07:14+08:00 ] /?search_article=uuu | INFO: Run WriteHtmlCache Behavior [ RunTime:0.000020s ]
[ 2013-12-06T11:07:14+08:00 ] /?search_article=uuu | INFO: Run ShowRuntime Behavior [ RunTime:0.000116s ]
[ 2013-12-06T11:07:14+08:00 ] /?search_article=uuu | INFO: Tag[ view_filter ] --END-- [ RunTime:-0.136436s ]
[ 2013-12-06T11:07:14+08:00 ] /?search_article=uuu | INFO: Tag[ view_template ] --START--
[ 2013-12-06T11:07:14+08:00 ] /?search_article=uuu | INFO: Run LocationTemplate Behavior [ RunTime:0.000687s ]
[ 2013-12-06T11:07:14+08:00 ] /?search_article=uuu | INFO: Tag[ view_template ] --END-- [ RunTime:-0.170743s ]
[ 2013-12-06T11:07:14+08:00 ] /?search_article=uuu | INFO: Tag[ view_parse ] --START--
[ 2013-12-06T11:07:14+08:00 ] /?search_article=uuu | INFO: Run ParseTemplate Behavior [ RunTime:0.004610s ]
[ 2013-12-06T11:07:14+08:00 ] /?search_article=uuu | INFO: Tag[ view_parse ] --END-- [ RunTime:-0.147391s ]
[ 2013-12-06T11:07:14+08:00 ] /?search_article=uuu | INFO: Tag[ view_filter ] --START--
[ 2013-12-06T11:07:14+08:00 ] /?search_article=uuu | INFO: Run ContentReplace Behavior [ RunTime:0.000360s ]
[ 2013-12-06T11:07:14+08:00 ] /?search_article=uuu | INFO: Run TokenBuild Behavior [ RunTime:0.000076s ]
[ 2013-12-06T11:07:14+08:00 ] /?search_article=uuu | INFO: Run WriteHtmlCache Behavior [ RunTime:0.000021s ]
[ 2013-12-06T11:07:14+08:00 ] /?search_article=uuu | INFO: Run ShowRuntime Behavior [ RunTime:0.000198s ]
[ 2013-12-06T11:07:14+08:00 ] /?search_article=uuu | INFO: Tag[ view_filter ] --END-- [ RunTime:-0.142531s ]
[ 2013-12-06T11:07:14+08:00 ] /?search_article=uuu | INFO: Tag[ view_end ] --START--
[ 2013-12-06T11:07:14+08:00 ] /?search_article=uuu | INFO: Run ShowPageTrace Behavior [ RunTime:0.001648s ]
[ 2013-12-06T11:07:14+08:00 ] /?search_article=uuu | INFO: Tag[ view_end ] --END-- [ RunTime:0.001860s ]
[ 2013-12-06T11:09:18+08:00 ] /?search_article=uuu | INFO: Tag[ app_begin ] --START--
[ 2013-12-06T11:09:18+08:00 ] /?search_article=uuu | INFO: Run ReadHtmlCache Behavior [ RunTime:0.004328s ]
[ 2013-12-06T11:09:18+08:00 ] /?search_article=uuu | INFO: Tag[ app_begin ] --END-- [ RunTime:0.004643s ]
[ 2013-12-06T11:09:18+08:00 ] /?search_article=uuu | SQL: SHOW COLUMNS FROM `indexmenu` [ RunTime:0.005530s ]
[ 2013-12-06T11:09:18+08:00 ] /?search_article=uuu | SQL: SELECT * FROM `indexmenu` WHERE isdel=0 ORDER BY sort  [ RunTime:0.004514s ]
[ 2013-12-06T11:09:18+08:00 ] /?search_article=uuu | INFO: Tag[ view_template ] --START--
[ 2013-12-06T11:09:18+08:00 ] /?search_article=uuu | INFO: Run LocationTemplate Behavior [ RunTime:0.006810s ]
[ 2013-12-06T11:09:18+08:00 ] /?search_article=uuu | INFO: Tag[ view_template ] --END-- [ RunTime:0.007010s ]
[ 2013-12-06T11:09:18+08:00 ] /?search_article=uuu | INFO: Tag[ view_parse ] --START--
[ 2013-12-06T11:09:18+08:00 ] /?search_article=uuu | INFO: Run ParseTemplate Behavior [ RunTime:0.042497s ]
[ 2013-12-06T11:09:18+08:00 ] /?search_article=uuu | INFO: Tag[ view_parse ] --END-- [ RunTime:0.042659s ]
[ 2013-12-06T11:09:18+08:00 ] /?search_article=uuu | INFO: Tag[ view_filter ] --START--
[ 2013-12-06T11:09:18+08:00 ] /?search_article=uuu | INFO: Run ContentReplace Behavior [ RunTime:0.000988s ]
[ 2013-12-06T11:09:18+08:00 ] /?search_article=uuu | INFO: Run TokenBuild Behavior [ RunTime:0.001087s ]
[ 2013-12-06T11:09:18+08:00 ] /?search_article=uuu | INFO: Run WriteHtmlCache Behavior [ RunTime:0.000921s ]
[ 2013-12-06T11:09:18+08:00 ] /?search_article=uuu | INFO: Run ShowRuntime Behavior [ RunTime:0.001930s ]
[ 2013-12-06T11:09:18+08:00 ] /?search_article=uuu | INFO: Tag[ view_filter ] --END-- [ RunTime:0.005167s ]
[ 2013-12-06T11:09:18+08:00 ] /?search_article=uuu | SQL: SHOW COLUMNS FROM `news` [ RunTime:0.002680s ]
[ 2013-12-06T11:09:18+08:00 ] /?search_article=uuu | SQL: SELECT `id`,`newtitle`,`count` FROM `news` ORDER BY count LIMIT 10   [ RunTime:0.001480s ]
[ 2013-12-06T11:09:18+08:00 ] /?search_article=uuu | INFO: Tag[ view_template ] --START--
[ 2013-12-06T11:09:18+08:00 ] /?search_article=uuu | INFO: Run LocationTemplate Behavior [ RunTime:0.000898s ]
[ 2013-12-06T11:09:18+08:00 ] /?search_article=uuu | INFO: Tag[ view_template ] --END-- [ RunTime:-0.053071s ]
[ 2013-12-06T11:09:18+08:00 ] /?search_article=uuu | INFO: Tag[ view_parse ] --START--
[ 2013-12-06T11:09:18+08:00 ] /?search_article=uuu | INFO: Run ParseTemplate Behavior [ RunTime:0.004558s ]
[ 2013-12-06T11:09:18+08:00 ] /?search_article=uuu | INFO: Tag[ view_parse ] --END-- [ RunTime:-0.011224s ]
[ 2013-12-06T11:09:18+08:00 ] /?search_article=uuu | INFO: Tag[ view_filter ] --START--
[ 2013-12-06T11:09:18+08:00 ] /?search_article=uuu | INFO: Run ContentReplace Behavior [ RunTime:0.000102s ]
[ 2013-12-06T11:09:18+08:00 ] /?search_article=uuu | INFO: Run TokenBuild Behavior [ RunTime:0.000077s ]
[ 2013-12-06T11:09:18+08:00 ] /?search_article=uuu | INFO: Run WriteHtmlCache Behavior [ RunTime:0.000021s ]
[ 2013-12-06T11:09:18+08:00 ] /?search_article=uuu | INFO: Run ShowRuntime Behavior [ RunTime:0.000121s ]
[ 2013-12-06T11:09:18+08:00 ] /?search_article=uuu | INFO: Tag[ view_filter ] --END-- [ RunTime:-0.010704s ]
[ 2013-12-06T11:09:18+08:00 ] /?search_article=uuu | INFO: Tag[ view_template ] --START--
[ 2013-12-06T11:09:18+08:00 ] /?search_article=uuu | INFO: Run LocationTemplate Behavior [ RunTime:0.000859s ]
[ 2013-12-06T11:09:18+08:00 ] /?search_article=uuu | INFO: Tag[ view_template ] --END-- [ RunTime:-0.059311s ]
[ 2013-12-06T11:09:18+08:00 ] /?search_article=uuu | INFO: Tag[ view_parse ] --START--
[ 2013-12-06T11:09:18+08:00 ] /?search_article=uuu | INFO: Run ParseTemplate Behavior [ RunTime:0.002406s ]
[ 2013-12-06T11:09:18+08:00 ] /?search_article=uuu | INFO: Tag[ view_parse ] --END-- [ RunTime:-0.017413s ]
[ 2013-12-06T11:09:18+08:00 ] /?search_article=uuu | INFO: Tag[ view_filter ] --START--
[ 2013-12-06T11:09:18+08:00 ] /?search_article=uuu | INFO: Run ContentReplace Behavior [ RunTime:0.000097s ]
[ 2013-12-06T11:09:18+08:00 ] /?search_article=uuu | INFO: Run TokenBuild Behavior [ RunTime:0.000067s ]
[ 2013-12-06T11:09:18+08:00 ] /?search_article=uuu | INFO: Run WriteHtmlCache Behavior [ RunTime:0.000021s ]
[ 2013-12-06T11:09:18+08:00 ] /?search_article=uuu | INFO: Run ShowRuntime Behavior [ RunTime:0.000118s ]
[ 2013-12-06T11:09:18+08:00 ] /?search_article=uuu | INFO: Tag[ view_filter ] --END-- [ RunTime:-0.014744s ]
[ 2013-12-06T11:09:18+08:00 ] /?search_article=uuu | SQL: SELECT `id`,`newtitle`,`fstcreate` FROM `news` ORDER BY id LIMIT 10   [ RunTime:0.000404s ]
[ 2013-12-06T11:09:18+08:00 ] /?search_article=uuu | SQL: SELECT `id`,`newtitle`,`fstcreate`,`count` FROM `news` ORDER BY count,id LIMIT 10   [ RunTime:0.000525s ]
[ 2013-12-06T11:09:18+08:00 ] /?search_article=uuu | SQL: SELECT news.id,count(comment.type) as counts,news.newtitle FROM `news` left join comment on comment.type=news.id WHERE comment.isdel=1 GROUP BY comment.type ORDER BY counts desc  [ RunTime:0.000401s ]
[ 2013-12-06T11:09:18+08:00 ] /?search_article=uuu | INFO: Tag[ view_template ] --START--
[ 2013-12-06T11:09:18+08:00 ] /?search_article=uuu | INFO: Run LocationTemplate Behavior [ RunTime:0.000881s ]
[ 2013-12-06T11:09:18+08:00 ] /?search_article=uuu | INFO: Tag[ view_template ] --END-- [ RunTime:-0.065512s ]
[ 2013-12-06T11:09:18+08:00 ] /?search_article=uuu | INFO: Tag[ view_parse ] --START--
[ 2013-12-06T11:09:18+08:00 ] /?search_article=uuu | INFO: Run ParseTemplate Behavior [ RunTime:0.008311s ]
[ 2013-12-06T11:09:18+08:00 ] /?search_article=uuu | INFO: Tag[ view_parse ] --END-- [ RunTime:-0.023642s ]
[ 2013-12-06T11:09:18+08:00 ] /?search_article=uuu | INFO: Tag[ view_filter ] --START--
[ 2013-12-06T11:09:18+08:00 ] /?search_article=uuu | INFO: Run ContentReplace Behavior [ RunTime:0.000094s ]
[ 2013-12-06T11:09:18+08:00 ] /?search_article=uuu | INFO: Run TokenBuild Behavior [ RunTime:0.000068s ]
[ 2013-12-06T11:09:18+08:00 ] /?search_article=uuu | INFO: Run WriteHtmlCache Behavior [ RunTime:0.000020s ]
[ 2013-12-06T11:09:18+08:00 ] /?search_article=uuu | INFO: Run ShowRuntime Behavior [ RunTime:0.000118s ]
[ 2013-12-06T11:09:18+08:00 ] /?search_article=uuu | INFO: Tag[ view_filter ] --END-- [ RunTime:-0.026931s ]
[ 2013-12-06T11:09:18+08:00 ] /?search_article=uuu | SQL: SHOW COLUMNS FROM `newtype` [ RunTime:0.002425s ]
[ 2013-12-06T11:09:18+08:00 ] /?search_article=uuu | SQL: SELECT * FROM `newtype` WHERE isdel=0   [ RunTime:0.001512s ]
[ 2013-12-06T11:09:18+08:00 ] /?search_article=uuu | INFO: Tag[ view_template ] --START--
[ 2013-12-06T11:09:18+08:00 ] /?search_article=uuu | INFO: Run LocationTemplate Behavior [ RunTime:0.000895s ]
[ 2013-12-06T11:09:18+08:00 ] /?search_article=uuu | INFO: Tag[ view_template ] --END-- [ RunTime:-0.080052s ]
[ 2013-12-06T11:09:18+08:00 ] /?search_article=uuu | INFO: Tag[ view_parse ] --START--
[ 2013-12-06T11:09:18+08:00 ] /?search_article=uuu | INFO: Run ParseTemplate Behavior [ RunTime:0.003626s ]
[ 2013-12-06T11:09:18+08:00 ] /?search_article=uuu | INFO: Tag[ view_parse ] --END-- [ RunTime:-0.038198s ]
[ 2013-12-06T11:09:18+08:00 ] /?search_article=uuu | INFO: Tag[ view_filter ] --START--
[ 2013-12-06T11:09:18+08:00 ] /?search_article=uuu | INFO: Run ContentReplace Behavior [ RunTime:0.000083s ]
[ 2013-12-06T11:09:18+08:00 ] /?search_article=uuu | INFO: Run TokenBuild Behavior [ RunTime:0.000069s ]
[ 2013-12-06T11:09:18+08:00 ] /?search_article=uuu | INFO: Run WriteHtmlCache Behavior [ RunTime:0.000020s ]
[ 2013-12-06T11:09:18+08:00 ] /?search_article=uuu | INFO: Run ShowRuntime Behavior [ RunTime:0.000116s ]
[ 2013-12-06T11:09:18+08:00 ] /?search_article=uuu | INFO: Tag[ view_filter ] --END-- [ RunTime:-0.036750s ]
[ 2013-12-06T11:09:18+08:00 ] /?search_article=uuu | SQL: SELECT COUNT(*) AS tp_count FROM `news` join newtype on newtype.id=news.newtype LIMIT 1   [ RunTime:0.000681s ]
[ 2013-12-06T11:09:18+08:00 ] /?search_article=uuu | SQL: SELECT news.id,news.newtitle,news.author,news.fstcreate,news.newcontent,`count`,`typename`,`entypename`,`newimg` FROM `news` join newtype on newtype.id=news.newtype ORDER BY id desc  LIMIT 0,32   [ RunTime:0.002263s ]
[ 2013-12-06T11:09:18+08:00 ] /?search_article=uuu | INFO: Tag[ view_template ] --START--
[ 2013-12-06T11:09:18+08:00 ] /?search_article=uuu | INFO: Run LocationTemplate Behavior [ RunTime:0.000912s ]
[ 2013-12-06T11:09:18+08:00 ] /?search_article=uuu | INFO: Tag[ view_template ] --END-- [ RunTime:-0.089480s ]
[ 2013-12-06T11:09:18+08:00 ] /?search_article=uuu | INFO: Tag[ view_parse ] --START--
[ 2013-12-06T11:09:18+08:00 ] /?search_article=uuu | INFO: Run ParseTemplate Behavior [ RunTime:0.009726s ]
[ 2013-12-06T11:09:18+08:00 ] /?search_article=uuu | INFO: Tag[ view_parse ] --END-- [ RunTime:-0.047661s ]
[ 2013-12-06T11:09:18+08:00 ] /?search_article=uuu | INFO: Tag[ view_filter ] --START--
[ 2013-12-06T11:09:18+08:00 ] /?search_article=uuu | INFO: Run ContentReplace Behavior [ RunTime:0.000289s ]
[ 2013-12-06T11:09:18+08:00 ] /?search_article=uuu | INFO: Run TokenBuild Behavior [ RunTime:0.000068s ]
[ 2013-12-06T11:09:18+08:00 ] /?search_article=uuu | INFO: Run WriteHtmlCache Behavior [ RunTime:0.000020s ]
[ 2013-12-06T11:09:18+08:00 ] /?search_article=uuu | INFO: Run ShowRuntime Behavior [ RunTime:0.000166s ]
[ 2013-12-06T11:09:18+08:00 ] /?search_article=uuu | INFO: Tag[ view_filter ] --END-- [ RunTime:-0.052318s ]
[ 2013-12-06T11:09:18+08:00 ] /?search_article=uuu | INFO: Tag[ view_template ] --START--
[ 2013-12-06T11:09:18+08:00 ] /?search_article=uuu | INFO: Run LocationTemplate Behavior [ RunTime:0.001063s ]
[ 2013-12-06T11:09:18+08:00 ] /?search_article=uuu | INFO: Tag[ view_template ] --END-- [ RunTime:-0.101148s ]
[ 2013-12-06T11:09:18+08:00 ] /?search_article=uuu | INFO: Tag[ view_parse ] --START--
[ 2013-12-06T11:09:18+08:00 ] /?search_article=uuu | INFO: Run ParseTemplate Behavior [ RunTime:0.003592s ]
[ 2013-12-06T11:09:18+08:00 ] /?search_article=uuu | INFO: Tag[ view_parse ] --END-- [ RunTime:-0.059511s ]
[ 2013-12-06T11:09:18+08:00 ] /?search_article=uuu | INFO: Tag[ view_filter ] --START--
[ 2013-12-06T11:09:18+08:00 ] /?search_article=uuu | INFO: Run ContentReplace Behavior [ RunTime:0.000096s ]
[ 2013-12-06T11:09:18+08:00 ] /?search_article=uuu | INFO: Run TokenBuild Behavior [ RunTime:0.000071s ]
[ 2013-12-06T11:09:18+08:00 ] /?search_article=uuu | INFO: Run WriteHtmlCache Behavior [ RunTime:0.000020s ]
[ 2013-12-06T11:09:18+08:00 ] /?search_article=uuu | INFO: Run ShowRuntime Behavior [ RunTime:0.000117s ]
[ 2013-12-06T11:09:18+08:00 ] /?search_article=uuu | INFO: Tag[ view_filter ] --END-- [ RunTime:-0.058021s ]
[ 2013-12-06T11:09:18+08:00 ] /?search_article=uuu | INFO: Tag[ view_template ] --START--
[ 2013-12-06T11:09:18+08:00 ] /?search_article=uuu | INFO: Run LocationTemplate Behavior [ RunTime:0.000662s ]
[ 2013-12-06T11:09:18+08:00 ] /?search_article=uuu | INFO: Tag[ view_template ] --END-- [ RunTime:-0.106634s ]
[ 2013-12-06T11:09:18+08:00 ] /?search_article=uuu | INFO: Tag[ view_parse ] --START--
[ 2013-12-06T11:09:18+08:00 ] /?search_article=uuu | INFO: Run ParseTemplate Behavior [ RunTime:0.004819s ]
[ 2013-12-06T11:09:18+08:00 ] /?search_article=uuu | INFO: Tag[ view_parse ] --END-- [ RunTime:-0.064538s ]
[ 2013-12-06T11:09:18+08:00 ] /?search_article=uuu | INFO: Tag[ view_filter ] --START--
[ 2013-12-06T11:09:18+08:00 ] /?search_article=uuu | INFO: Run ContentReplace Behavior [ RunTime:0.000354s ]
[ 2013-12-06T11:09:18+08:00 ] /?search_article=uuu | INFO: Run TokenBuild Behavior [ RunTime:0.000071s ]
[ 2013-12-06T11:09:18+08:00 ] /?search_article=uuu | INFO: Run WriteHtmlCache Behavior [ RunTime:0.000021s ]
[ 2013-12-06T11:09:18+08:00 ] /?search_article=uuu | INFO: Run ShowRuntime Behavior [ RunTime:0.000197s ]
[ 2013-12-06T11:09:18+08:00 ] /?search_article=uuu | INFO: Tag[ view_filter ] --END-- [ RunTime:-0.064297s ]
[ 2013-12-06T11:09:18+08:00 ] /?search_article=uuu | INFO: Tag[ view_end ] --START--
[ 2013-12-06T11:09:18+08:00 ] /?search_article=uuu | INFO: Run ShowPageTrace Behavior [ RunTime:0.001468s ]
[ 2013-12-06T11:09:18+08:00 ] /?search_article=uuu | INFO: Tag[ view_end ] --END-- [ RunTime:0.001562s ]
