[ 2013-11-27T14:12:08+08:00 ] / | INFO: Tag[ app_begin ] --START--
[ 2013-11-27T14:12:08+08:00 ] / | INFO: Run ReadHtmlCache Behavior [ RunTime:0.028205s ]
[ 2013-11-27T14:12:08+08:00 ] / | INFO: Tag[ app_begin ] --END-- [ RunTime:0.050625s ]
[ 2013-11-27T14:12:08+08:00 ] / | SQL: SHOW COLUMNS FROM `indexmenu` [ RunTime:0.004015s ]
[ 2013-11-27T14:12:08+08:00 ] / | SQL: SELECT * FROM `indexmenu` WHERE isdel=0 ORDER BY sort  [ RunTime:0.001255s ]
[ 2013-11-27T14:12:08+08:00 ] / | INFO: Tag[ view_template ] --START--
[ 2013-11-27T14:12:08+08:00 ] / | INFO: Run LocationTemplate Behavior [ RunTime:0.063413s ]
[ 2013-11-27T14:12:08+08:00 ] / | INFO: Tag[ view_template ] --END-- [ RunTime:0.063553s ]
[ 2013-11-27T14:12:08+08:00 ] / | INFO: Tag[ view_parse ] --START--
[ 2013-11-27T14:12:08+08:00 ] / | INFO: Run ParseTemplate Behavior [ RunTime:0.053180s ]
[ 2013-11-27T14:12:08+08:00 ] / | INFO: Tag[ view_parse ] --END-- [ RunTime:0.053350s ]
[ 2013-11-27T14:12:08+08:00 ] / | INFO: Tag[ view_filter ] --START--
[ 2013-11-27T14:12:08+08:00 ] / | INFO: Run ContentReplace Behavior [ RunTime:0.002832s ]
[ 2013-11-27T14:12:08+08:00 ] / | INFO: Run TokenBuild Behavior [ RunTime:0.004357s ]
[ 2013-11-27T14:12:08+08:00 ] / | INFO: Run WriteHtmlCache Behavior [ RunTime:0.001593s ]
[ 2013-11-27T14:12:08+08:00 ] / | INFO: Run ShowRuntime Behavior [ RunTime:0.002240s ]
[ 2013-11-27T14:12:08+08:00 ] / | INFO: Tag[ view_filter ] --END-- [ RunTime:0.011345s ]
[ 2013-11-27T14:12:08+08:00 ] / | SQL: SHOW COLUMNS FROM `news` [ RunTime:0.004482s ]
[ 2013-11-27T14:12:08+08:00 ] / | SQL: SELECT `id`,`newtitle`,`count` FROM `news` ORDER BY count LIMIT 10   [ RunTime:0.199971s ]
[ 2013-11-27T14:12:08+08:00 ] / | INFO: Tag[ view_template ] --START--
[ 2013-11-27T14:12:08+08:00 ] / | INFO: Run LocationTemplate Behavior [ RunTime:0.002744s ]
[ 2013-11-27T14:12:08+08:00 ] / | INFO: Tag[ view_template ] --END-- [ RunTime:-0.270172s ]
[ 2013-11-27T14:12:08+08:00 ] / | INFO: Tag[ view_parse ] --START--
[ 2013-11-27T14:12:08+08:00 ] / | INFO: Run ParseTemplate Behavior [ RunTime:0.021306s ]
[ 2013-11-27T14:12:08+08:00 ] / | INFO: Tag[ view_parse ] --END-- [ RunTime:-0.219712s ]
[ 2013-11-27T14:12:08+08:00 ] / | INFO: Tag[ view_filter ] --START--
[ 2013-11-27T14:12:08+08:00 ] / | INFO: Run ContentReplace Behavior [ RunTime:0.000157s ]
[ 2013-11-27T14:12:08+08:00 ] / | INFO: Run TokenBuild Behavior [ RunTime:0.000117s ]
[ 2013-11-27T14:12:08+08:00 ] / | INFO: Run WriteHtmlCache Behavior [ RunTime:0.000039s ]
[ 2013-11-27T14:12:08+08:00 ] / | INFO: Run ShowRuntime Behavior [ RunTime:0.000216s ]
[ 2013-11-27T14:12:08+08:00 ] / | INFO: Tag[ view_filter ] --END-- [ RunTime:-0.229841s ]
[ 2013-11-27T14:12:08+08:00 ] / | INFO: Tag[ view_template ] --START--
[ 2013-11-27T14:12:08+08:00 ] / | INFO: Run LocationTemplate Behavior [ RunTime:0.001521s ]
[ 2013-11-27T14:12:08+08:00 ] / | INFO: Tag[ view_template ] --END-- [ RunTime:-0.298167s ]
[ 2013-11-27T14:12:08+08:00 ] / | INFO: Tag[ view_parse ] --START--
[ 2013-11-27T14:12:08+08:00 ] / | INFO: Run ParseTemplate Behavior [ RunTime:0.003389s ]
[ 2013-11-27T14:12:08+08:00 ] / | INFO: Tag[ view_parse ] --END-- [ RunTime:-0.246384s ]
[ 2013-11-27T14:12:08+08:00 ] / | INFO: Tag[ view_filter ] --START--
[ 2013-11-27T14:12:08+08:00 ] / | INFO: Run ContentReplace Behavior [ RunTime:0.001018s ]
[ 2013-11-27T14:12:08+08:00 ] / | INFO: Run TokenBuild Behavior [ RunTime:0.000118s ]
[ 2013-11-27T14:12:08+08:00 ] / | INFO: Run WriteHtmlCache Behavior [ RunTime:0.000035s ]
[ 2013-11-27T14:12:08+08:00 ] / | INFO: Run ShowRuntime Behavior [ RunTime:0.000198s ]
[ 2013-11-27T14:12:08+08:00 ] / | INFO: Tag[ view_filter ] --END-- [ RunTime:-0.238522s ]
[ 2013-11-27T14:12:08+08:00 ] / | SQL: SELECT `id`,`newtitle`,`fstcreate` FROM `news` ORDER BY id LIMIT 10   [ RunTime:0.000607s ]
[ 2013-11-27T14:12:08+08:00 ] / | SQL: SELECT `id`,`newtitle`,`fstcreate`,`count` FROM `news` ORDER BY count,id LIMIT 10   [ RunTime:0.008593s ]
[ 2013-11-27T14:12:08+08:00 ] / | SQL: SELECT news.id,count(comment.type) as counts,news.newtitle FROM `news` left join comment on comment.type=news.id WHERE comment.isdel=1 GROUP BY comment.type ORDER BY counts desc  [ RunTime:0.001974s ]
[ 2013-11-27T14:12:08+08:00 ] / | INFO: Tag[ view_template ] --START--
[ 2013-11-27T14:12:08+08:00 ] / | INFO: Run LocationTemplate Behavior [ RunTime:0.003662s ]
[ 2013-11-27T14:12:08+08:00 ] / | INFO: Tag[ view_template ] --END-- [ RunTime:-0.317596s ]
[ 2013-11-27T14:12:08+08:00 ] / | INFO: Tag[ view_parse ] --START--
[ 2013-11-27T14:12:08+08:00 ] / | INFO: Run ParseTemplate Behavior [ RunTime:0.043480s ]
[ 2013-11-27T14:12:08+08:00 ] / | INFO: Tag[ view_parse ] --END-- [ RunTime:-0.268031s ]
[ 2013-11-27T14:12:08+08:00 ] / | INFO: Tag[ view_filter ] --START--
[ 2013-11-27T14:12:08+08:00 ] / | INFO: Run ContentReplace Behavior [ RunTime:0.000103s ]
[ 2013-11-27T14:12:08+08:00 ] / | INFO: Run TokenBuild Behavior [ RunTime:0.000074s ]
[ 2013-11-27T14:12:08+08:00 ] / | INFO: Run WriteHtmlCache Behavior [ RunTime:0.000021s ]
[ 2013-11-27T14:12:08+08:00 ] / | INFO: Run ShowRuntime Behavior [ RunTime:0.000129s ]
[ 2013-11-27T14:12:08+08:00 ] / | INFO: Tag[ view_filter ] --END-- [ RunTime:-0.300358s ]
[ 2013-11-27T14:12:08+08:00 ] / | SQL: SHOW COLUMNS FROM `newtype` [ RunTime:0.004319s ]
[ 2013-11-27T14:12:08+08:00 ] / | SQL: SELECT * FROM `newtype` WHERE isdel=0   [ RunTime:0.006931s ]
[ 2013-11-27T14:12:08+08:00 ] / | INFO: Tag[ view_template ] --START--
[ 2013-11-27T14:12:08+08:00 ] / | INFO: Run LocationTemplate Behavior [ RunTime:0.001591s ]
[ 2013-11-27T14:12:08+08:00 ] / | INFO: Tag[ view_template ] --END-- [ RunTime:-0.377626s ]
[ 2013-11-27T14:12:08+08:00 ] / | INFO: Tag[ view_parse ] --START--
[ 2013-11-27T14:12:08+08:00 ] / | INFO: Run ParseTemplate Behavior [ RunTime:0.010367s ]
[ 2013-11-27T14:12:08+08:00 ] / | INFO: Tag[ view_parse ] --END-- [ RunTime:-0.325997s ]
[ 2013-11-27T14:12:08+08:00 ] / | INFO: Tag[ view_filter ] --START--
[ 2013-11-27T14:12:08+08:00 ] / | INFO: Run ContentReplace Behavior [ RunTime:0.000137s ]
[ 2013-11-27T14:12:08+08:00 ] / | INFO: Run TokenBuild Behavior [ RunTime:0.000116s ]
[ 2013-11-27T14:12:08+08:00 ] / | INFO: Run WriteHtmlCache Behavior [ RunTime:0.000034s ]
[ 2013-11-27T14:12:08+08:00 ] / | INFO: Run ShowRuntime Behavior [ RunTime:0.000196s ]
[ 2013-11-27T14:12:08+08:00 ] / | INFO: Tag[ view_filter ] --END-- [ RunTime:-0.325204s ]
[ 2013-11-27T14:12:08+08:00 ] / | SQL: SELECT COUNT(*) AS tp_count FROM `news` join newtype on newtype.id=news.newtype LIMIT 1   [ RunTime:0.007164s ]
[ 2013-11-27T14:12:08+08:00 ] / | SQL: SELECT news.id,news.newtitle,news.author,news.fstcreate,news.newcontent,`count`,`typename`,`entypename`,`newimg` FROM `news` join newtype on newtype.id=news.newtype ORDER BY id desc  LIMIT 0,32   [ RunTime:0.002400s ]
[ 2013-11-27T14:12:08+08:00 ] / | INFO: Tag[ view_template ] --START--
[ 2013-11-27T14:12:08+08:00 ] / | INFO: Run LocationTemplate Behavior [ RunTime:0.005493s ]
[ 2013-11-27T14:12:08+08:00 ] / | INFO: Tag[ view_template ] --END-- [ RunTime:-0.402018s ]
[ 2013-11-27T14:12:08+08:00 ] / | INFO: Tag[ view_parse ] --START--
[ 2013-11-27T14:12:08+08:00 ] / | INFO: Run ParseTemplate Behavior [ RunTime:0.052636s ]
[ 2013-11-27T14:12:08+08:00 ] / | INFO: Tag[ view_parse ] --END-- [ RunTime:-0.354322s ]
[ 2013-11-27T14:12:08+08:00 ] / | INFO: Tag[ view_filter ] --START--
[ 2013-11-27T14:12:08+08:00 ] / | INFO: Run ContentReplace Behavior [ RunTime:0.000277s ]
[ 2013-11-27T14:12:08+08:00 ] / | INFO: Run TokenBuild Behavior [ RunTime:0.000068s ]
[ 2013-11-27T14:12:08+08:00 ] / | INFO: Run WriteHtmlCache Behavior [ RunTime:0.000022s ]
[ 2013-11-27T14:12:08+08:00 ] / | INFO: Run ShowRuntime Behavior [ RunTime:0.000153s ]
[ 2013-11-27T14:12:08+08:00 ] / | INFO: Tag[ view_filter ] --END-- [ RunTime:-0.395747s ]
[ 2013-11-27T14:12:08+08:00 ] / | INFO: Tag[ view_template ] --START--
[ 2013-11-27T14:12:08+08:00 ] / | INFO: Run LocationTemplate Behavior [ RunTime:0.002757s ]
[ 2013-11-27T14:12:08+08:00 ] / | INFO: Tag[ view_template ] --END-- [ RunTime:-0.461336s ]
[ 2013-11-27T14:12:08+08:00 ] / | INFO: Tag[ view_parse ] --START--
[ 2013-11-27T14:12:08+08:00 ] / | INFO: Run ParseTemplate Behavior [ RunTime:0.015495s ]
[ 2013-11-27T14:12:08+08:00 ] / | INFO: Tag[ view_parse ] --END-- [ RunTime:-0.410779s ]
[ 2013-11-27T14:12:08+08:00 ] / | INFO: Tag[ view_filter ] --START--
[ 2013-11-27T14:12:08+08:00 ] / | INFO: Run ContentReplace Behavior [ RunTime:0.000094s ]
[ 2013-11-27T14:12:08+08:00 ] / | INFO: Run TokenBuild Behavior [ RunTime:0.000066s ]
[ 2013-11-27T14:12:08+08:00 ] / | INFO: Run WriteHtmlCache Behavior [ RunTime:0.000020s ]
[ 2013-11-27T14:12:08+08:00 ] / | INFO: Run ShowRuntime Behavior [ RunTime:0.000120s ]
[ 2013-11-27T14:12:08+08:00 ] / | INFO: Tag[ view_filter ] --END-- [ RunTime:-0.415018s ]
[ 2013-11-27T14:12:08+08:00 ] / | INFO: Tag[ view_template ] --START--
[ 2013-11-27T14:12:08+08:00 ] / | INFO: Run LocationTemplate Behavior [ RunTime:0.000765s ]
[ 2013-11-27T14:12:08+08:00 ] / | INFO: Tag[ view_template ] --END-- [ RunTime:-0.480406s ]
[ 2013-11-27T14:12:08+08:00 ] / | INFO: Tag[ view_parse ] --START--
[ 2013-11-27T14:12:08+08:00 ] / | INFO: Run ParseTemplate Behavior [ RunTime:0.020433s ]
[ 2013-11-27T14:12:08+08:00 ] / | INFO: Tag[ view_parse ] --END-- [ RunTime:-0.427813s ]
[ 2013-11-27T14:12:08+08:00 ] / | INFO: Tag[ view_filter ] --START--
[ 2013-11-27T14:12:08+08:00 ] / | INFO: Run ContentReplace Behavior [ RunTime:0.000320s ]
[ 2013-11-27T14:12:08+08:00 ] / | INFO: Run TokenBuild Behavior [ RunTime:0.000071s ]
[ 2013-11-27T14:12:08+08:00 ] / | INFO: Run WriteHtmlCache Behavior [ RunTime:0.000021s ]
[ 2013-11-27T14:12:08+08:00 ] / | INFO: Run ShowRuntime Behavior [ RunTime:0.000153s ]
[ 2013-11-27T14:12:08+08:00 ] / | INFO: Tag[ view_filter ] --END-- [ RunTime:-0.437033s ]
[ 2013-11-27T14:12:08+08:00 ] / | INFO: Tag[ view_end ] --START--
[ 2013-11-27T14:12:08+08:00 ] / | INFO: Run ShowPageTrace Behavior [ RunTime:0.002156s ]
[ 2013-11-27T14:12:08+08:00 ] / | INFO: Tag[ view_end ] --END-- [ RunTime:0.002282s ]
