[ 2013-11-12T15:28:23+08:00 ] /?r=User | INFO: Tag[ app_begin ] --START--
[ 2013-11-12T15:28:23+08:00 ] /?r=User | INFO: Run ReadHtmlCache Behavior [ RunTime:0.003601s ]
[ 2013-11-12T15:28:23+08:00 ] /?r=User | INFO: Tag[ app_begin ] --END-- [ RunTime:0.003837s ]
[ 2013-11-12T15:28:23+08:00 ] /?r=User | SQL: SHOW COLUMNS FROM `indexmenu` [ RunTime:0.034073s ]
[ 2013-11-12T15:28:23+08:00 ] /?r=User | SQL: SELECT * FROM `indexmenu` WHERE isdel=0 ORDER BY sort  [ RunTime:0.001455s ]
[ 2013-11-12T15:28:23+08:00 ] /?r=User | INFO: Tag[ view_template ] --START--
[ 2013-11-12T15:28:23+08:00 ] /?r=User | INFO: Run LocationTemplate Behavior [ RunTime:0.004723s ]
[ 2013-11-12T15:28:23+08:00 ] /?r=User | INFO: Tag[ view_template ] --END-- [ RunTime:0.004858s ]
[ 2013-11-12T15:28:23+08:00 ] /?r=User | INFO: Tag[ view_parse ] --START--
[ 2013-11-12T15:28:24+08:00 ] /?r=User | INFO: Run ParseTemplate Behavior [ RunTime:0.073918s ]
[ 2013-11-12T15:28:24+08:00 ] /?r=User | INFO: Tag[ view_parse ] --END-- [ RunTime:0.074061s ]
[ 2013-11-12T15:28:24+08:00 ] /?r=User | INFO: Tag[ view_filter ] --START--
[ 2013-11-12T15:28:24+08:00 ] /?r=User | INFO: Run ContentReplace Behavior [ RunTime:0.003698s ]
[ 2013-11-12T15:28:24+08:00 ] /?r=User | INFO: Run TokenBuild Behavior [ RunTime:0.003568s ]
[ 2013-11-12T15:28:24+08:00 ] /?r=User | INFO: Run WriteHtmlCache Behavior [ RunTime:0.002828s ]
[ 2013-11-12T15:28:24+08:00 ] /?r=User | INFO: Run ShowRuntime Behavior [ RunTime:0.002866s ]
[ 2013-11-12T15:28:24+08:00 ] /?r=User | INFO: Tag[ view_filter ] --END-- [ RunTime:0.013359s ]
[ 2013-11-12T15:28:24+08:00 ] /?r=User | SQL: SHOW COLUMNS FROM `news` [ RunTime:0.022944s ]
[ 2013-11-12T15:28:24+08:00 ] /?r=User | SQL: SELECT `id`,`newtitle`,`count` FROM `news` ORDER BY count LIMIT 10   [ RunTime:0.325808s ]
[ 2013-11-12T15:28:24+08:00 ] /?r=User | INFO: Tag[ view_template ] --START--
[ 2013-11-12T15:28:24+08:00 ] /?r=User | INFO: Run LocationTemplate Behavior [ RunTime:0.015427s ]
[ 2013-11-12T15:28:24+08:00 ] /?r=User | INFO: Tag[ view_template ] --END-- [ RunTime:-0.437517s ]
[ 2013-11-12T15:28:24+08:00 ] /?r=User | INFO: Tag[ view_parse ] --START--
[ 2013-11-12T15:28:24+08:00 ] /?r=User | INFO: Run ParseTemplate Behavior [ RunTime:0.011674s ]
[ 2013-11-12T15:28:24+08:00 ] /?r=User | INFO: Tag[ view_parse ] --END-- [ RunTime:-0.379025s ]
[ 2013-11-12T15:28:24+08:00 ] /?r=User | INFO: Tag[ view_filter ] --START--
[ 2013-11-12T15:28:24+08:00 ] /?r=User | INFO: Run ContentReplace Behavior [ RunTime:0.000127s ]
[ 2013-11-12T15:28:24+08:00 ] /?r=User | INFO: Run TokenBuild Behavior [ RunTime:0.000086s ]
[ 2013-11-12T15:28:24+08:00 ] /?r=User | INFO: Run WriteHtmlCache Behavior [ RunTime:0.000027s ]
[ 2013-11-12T15:28:24+08:00 ] /?r=User | INFO: Run ShowRuntime Behavior [ RunTime:0.000156s ]
[ 2013-11-12T15:28:24+08:00 ] /?r=User | INFO: Tag[ view_filter ] --END-- [ RunTime:-0.377428s ]
[ 2013-11-12T15:28:24+08:00 ] /?r=User | INFO: Tag[ view_template ] --START--
[ 2013-11-12T15:28:24+08:00 ] /?r=User | INFO: Run LocationTemplate Behavior [ RunTime:0.001442s ]
[ 2013-11-12T15:28:24+08:00 ] /?r=User | INFO: Tag[ view_template ] --END-- [ RunTime:-0.465662s ]
[ 2013-11-12T15:28:24+08:00 ] /?r=User | INFO: Tag[ view_parse ] --START--
[ 2013-11-12T15:28:24+08:00 ] /?r=User | INFO: Run ParseTemplate Behavior [ RunTime:0.004560s ]
[ 2013-11-12T15:28:24+08:00 ] /?r=User | INFO: Tag[ view_parse ] --END-- [ RunTime:-0.393101s ]
[ 2013-11-12T15:28:24+08:00 ] /?r=User | INFO: Tag[ view_filter ] --START--
[ 2013-11-12T15:28:24+08:00 ] /?r=User | INFO: Run ContentReplace Behavior [ RunTime:0.000103s ]
[ 2013-11-12T15:28:24+08:00 ] /?r=User | INFO: Run TokenBuild Behavior [ RunTime:0.000089s ]
[ 2013-11-12T15:28:24+08:00 ] /?r=User | INFO: Run WriteHtmlCache Behavior [ RunTime:0.000027s ]
[ 2013-11-12T15:28:24+08:00 ] /?r=User | INFO: Run ShowRuntime Behavior [ RunTime:0.000151s ]
[ 2013-11-12T15:28:24+08:00 ] /?r=User | INFO: Tag[ view_filter ] --END-- [ RunTime:-0.384397s ]
[ 2013-11-12T15:28:24+08:00 ] /?r=User | SQL: SELECT `id`,`newtitle`,`fstcreate` FROM `news` ORDER BY id LIMIT 10   [ RunTime:0.000507s ]
[ 2013-11-12T15:28:24+08:00 ] /?r=User | SQL: SELECT `id`,`newtitle`,`fstcreate`,`count` FROM `news` ORDER BY count,id LIMIT 10   [ RunTime:0.010233s ]
[ 2013-11-12T15:28:24+08:00 ] /?r=User | SQL: SELECT news.id,count(comment.type) as counts,news.newtitle FROM `news` left join comment on comment.type=news.id WHERE comment.isdel=1 GROUP BY comment.type ORDER BY counts desc  [ RunTime:0.020097s ]
[ 2013-11-12T15:28:24+08:00 ] /?r=User | INFO: Tag[ view_template ] --START--
[ 2013-11-12T15:28:24+08:00 ] /?r=User | INFO: Run LocationTemplate Behavior [ RunTime:0.001231s ]
[ 2013-11-12T15:28:24+08:00 ] /?r=User | INFO: Tag[ view_template ] --END-- [ RunTime:-0.504947s ]
[ 2013-11-12T15:28:24+08:00 ] /?r=User | INFO: Tag[ view_parse ] --START--
[ 2013-11-12T15:28:24+08:00 ] /?r=User | INFO: Run ParseTemplate Behavior [ RunTime:0.019421s ]
[ 2013-11-12T15:28:24+08:00 ] /?r=User | INFO: Tag[ view_parse ] --END-- [ RunTime:-0.432181s ]
[ 2013-11-12T15:28:24+08:00 ] /?r=User | INFO: Tag[ view_filter ] --START--
[ 2013-11-12T15:28:24+08:00 ] /?r=User | INFO: Run ContentReplace Behavior [ RunTime:0.000121s ]
[ 2013-11-12T15:28:24+08:00 ] /?r=User | INFO: Run TokenBuild Behavior [ RunTime:0.000104s ]
[ 2013-11-12T15:28:24+08:00 ] /?r=User | INFO: Run WriteHtmlCache Behavior [ RunTime:0.000027s ]
[ 2013-11-12T15:28:24+08:00 ] /?r=User | INFO: Run ShowRuntime Behavior [ RunTime:0.000158s ]
[ 2013-11-12T15:28:24+08:00 ] /?r=User | INFO: Tag[ view_filter ] --END-- [ RunTime:-0.438321s ]
[ 2013-11-12T15:28:24+08:00 ] /?r=User | SQL: SHOW COLUMNS FROM `newtype` [ RunTime:0.024374s ]
[ 2013-11-12T15:28:24+08:00 ] /?r=User | SQL: SELECT * FROM `newtype` WHERE isdel=0   [ RunTime:0.001575s ]
[ 2013-11-12T15:28:24+08:00 ] /?r=User | INFO: Tag[ view_template ] --START--
[ 2013-11-12T15:28:24+08:00 ] /?r=User | INFO: Run LocationTemplate Behavior [ RunTime:0.001519s ]
[ 2013-11-12T15:28:24+08:00 ] /?r=User | INFO: Tag[ view_template ] --END-- [ RunTime:-0.553393s ]
[ 2013-11-12T15:28:24+08:00 ] /?r=User | INFO: Tag[ view_parse ] --START--
[ 2013-11-12T15:28:24+08:00 ] /?r=User | INFO: Run ParseTemplate Behavior [ RunTime:0.006712s ]
[ 2013-11-12T15:28:24+08:00 ] /?r=User | INFO: Tag[ view_parse ] --END-- [ RunTime:-0.480924s ]
[ 2013-11-12T15:28:24+08:00 ] /?r=User | INFO: Tag[ view_filter ] --START--
[ 2013-11-12T15:28:24+08:00 ] /?r=User | INFO: Run ContentReplace Behavior [ RunTime:0.000136s ]
[ 2013-11-12T15:28:24+08:00 ] /?r=User | INFO: Run TokenBuild Behavior [ RunTime:0.000124s ]
[ 2013-11-12T15:28:24+08:00 ] /?r=User | INFO: Run WriteHtmlCache Behavior [ RunTime:0.000035s ]
[ 2013-11-12T15:28:24+08:00 ] /?r=User | INFO: Run ShowRuntime Behavior [ RunTime:0.000200s ]
[ 2013-11-12T15:28:24+08:00 ] /?r=User | INFO: Tag[ view_filter ] --END-- [ RunTime:-0.474408s ]
[ 2013-11-12T15:28:24+08:00 ] /?r=User | SQL: SELECT COUNT(*) AS tp_count FROM `news` join newtype on newtype.id=news.newtype LIMIT 1   [ RunTime:0.006124s ]
[ 2013-11-12T15:28:24+08:00 ] /?r=User | SQL: SELECT news.id,news.newtitle,news.author,news.fstcreate,news.newcontent,`count`,`typename`,`entypename`,`newimg` FROM `news` join newtype on newtype.id=news.newtype ORDER BY id desc  LIMIT 0,32   [ RunTime:0.002195s ]
[ 2013-11-12T15:28:24+08:00 ] /?r=User | INFO: Tag[ view_template ] --START--
[ 2013-11-12T15:28:24+08:00 ] /?r=User | INFO: Run LocationTemplate Behavior [ RunTime:0.002438s ]
[ 2013-11-12T15:28:24+08:00 ] /?r=User | INFO: Tag[ view_template ] --END-- [ RunTime:-0.572819s ]
[ 2013-11-12T15:28:24+08:00 ] /?r=User | INFO: Tag[ view_parse ] --START--
[ 2013-11-12T15:28:24+08:00 ] /?r=User | INFO: Run ParseTemplate Behavior [ RunTime:0.021038s ]
[ 2013-11-12T15:28:24+08:00 ] /?r=User | INFO: Tag[ view_parse ] --END-- [ RunTime:-0.501364s ]
[ 2013-11-12T15:28:24+08:00 ] /?r=User | INFO: Tag[ view_filter ] --START--
[ 2013-11-12T15:28:24+08:00 ] /?r=User | INFO: Run ContentReplace Behavior [ RunTime:0.000480s ]
[ 2013-11-12T15:28:24+08:00 ] /?r=User | INFO: Run TokenBuild Behavior [ RunTime:0.000114s ]
[ 2013-11-12T15:28:24+08:00 ] /?r=User | INFO: Run WriteHtmlCache Behavior [ RunTime:0.000035s ]
[ 2013-11-12T15:28:24+08:00 ] /?r=User | INFO: Run ShowRuntime Behavior [ RunTime:0.000258s ]
[ 2013-11-12T15:28:24+08:00 ] /?r=User | INFO: Tag[ view_filter ] --END-- [ RunTime:-0.509323s ]
[ 2013-11-12T15:28:24+08:00 ] /?r=User | INFO: Tag[ view_template ] --START--
[ 2013-11-12T15:28:24+08:00 ] /?r=User | INFO: Run LocationTemplate Behavior [ RunTime:0.001985s ]
[ 2013-11-12T15:28:24+08:00 ] /?r=User | INFO: Tag[ view_template ] --END-- [ RunTime:-0.598153s ]
[ 2013-11-12T15:28:24+08:00 ] /?r=User | INFO: Tag[ view_parse ] --START--
[ 2013-11-12T15:28:24+08:00 ] /?r=User | INFO: Run ParseTemplate Behavior [ RunTime:0.008125s ]
[ 2013-11-12T15:28:24+08:00 ] /?r=User | INFO: Tag[ view_parse ] --END-- [ RunTime:-0.526179s ]
[ 2013-11-12T15:28:24+08:00 ] /?r=User | INFO: Tag[ view_filter ] --START--
[ 2013-11-12T15:28:24+08:00 ] /?r=User | INFO: Run ContentReplace Behavior [ RunTime:0.000155s ]
[ 2013-11-12T15:28:24+08:00 ] /?r=User | INFO: Run TokenBuild Behavior [ RunTime:0.000128s ]
[ 2013-11-12T15:28:24+08:00 ] /?r=User | INFO: Run WriteHtmlCache Behavior [ RunTime:0.000044s ]
[ 2013-11-12T15:28:24+08:00 ] /?r=User | INFO: Run ShowRuntime Behavior [ RunTime:0.000218s ]
[ 2013-11-12T15:28:24+08:00 ] /?r=User | INFO: Tag[ view_filter ] --END-- [ RunTime:-0.521088s ]
[ 2013-11-12T15:28:24+08:00 ] /?r=User | INFO: Tag[ view_template ] --START--
[ 2013-11-12T15:28:24+08:00 ] /?r=User | INFO: Run LocationTemplate Behavior [ RunTime:0.001431s ]
[ 2013-11-12T15:28:24+08:00 ] /?r=User | INFO: Tag[ view_template ] --END-- [ RunTime:-0.610679s ]
[ 2013-11-12T15:28:24+08:00 ] /?r=User | INFO: Tag[ view_parse ] --START--
[ 2013-11-12T15:28:24+08:00 ] /?r=User | INFO: Run ParseTemplate Behavior [ RunTime:0.010071s ]
[ 2013-11-12T15:28:24+08:00 ] /?r=User | INFO: Tag[ view_parse ] --END-- [ RunTime:-0.538163s ]
[ 2013-11-12T15:28:24+08:00 ] /?r=User | INFO: Tag[ view_filter ] --START--
[ 2013-11-12T15:28:24+08:00 ] /?r=User | INFO: Run ContentReplace Behavior [ RunTime:0.000398s ]
[ 2013-11-12T15:28:24+08:00 ] /?r=User | INFO: Run TokenBuild Behavior [ RunTime:0.000092s ]
[ 2013-11-12T15:28:24+08:00 ] /?r=User | INFO: Run WriteHtmlCache Behavior [ RunTime:0.000026s ]
[ 2013-11-12T15:28:24+08:00 ] /?r=User | INFO: Run ShowRuntime Behavior [ RunTime:0.000204s ]
[ 2013-11-12T15:28:24+08:00 ] /?r=User | INFO: Tag[ view_filter ] --END-- [ RunTime:-0.535000s ]
[ 2013-11-12T15:28:24+08:00 ] /?r=User | INFO: Tag[ view_end ] --START--
[ 2013-11-12T15:28:24+08:00 ] /?r=User | INFO: Run ShowPageTrace Behavior [ RunTime:0.002647s ]
[ 2013-11-12T15:28:24+08:00 ] /?r=User | INFO: Tag[ view_end ] --END-- [ RunTime:0.002738s ]
