[ 2013-11-05T10:08:01+08:00 ] / | INFO: Tag[ app_begin ] --START--
[ 2013-11-05T10:08:01+08:00 ] / | INFO: Run ReadHtmlCache Behavior [ RunTime:0.182516s ]
[ 2013-11-05T10:08:01+08:00 ] / | INFO: Tag[ app_begin ] --END-- [ RunTime:0.208600s ]
[ 2013-11-05T10:08:04+08:00 ] / | SQL: SHOW COLUMNS FROM `indexmenu` [ RunTime:0.619756s ]
[ 2013-11-05T10:08:05+08:00 ] / | SQL: SELECT * FROM `indexmenu` WHERE isdel=0 ORDER BY sort  [ RunTime:0.263722s ]
[ 2013-11-05T10:08:05+08:00 ] / | INFO: Tag[ view_template ] --START--
[ 2013-11-05T10:08:05+08:00 ] / | INFO: Run LocationTemplate Behavior [ RunTime:0.137230s ]
[ 2013-11-05T10:08:05+08:00 ] / | INFO: Tag[ view_template ] --END-- [ RunTime:0.137587s ]
[ 2013-11-05T10:08:05+08:00 ] / | INFO: Tag[ view_parse ] --START--
[ 2013-11-05T10:08:05+08:00 ] / | NOTIC: [8] Undefined index:  uname 04b74bac16018df793b2b10a9602b31e.php 第 16 行.
[ 2013-11-05T10:08:05+08:00 ] / | INFO: Run ParseTemplate Behavior [ RunTime:0.420523s ]
[ 2013-11-05T10:08:05+08:00 ] / | INFO: Tag[ view_parse ] --END-- [ RunTime:0.420770s ]
[ 2013-11-05T10:08:05+08:00 ] / | INFO: Tag[ view_filter ] --START--
[ 2013-11-05T10:08:05+08:00 ] / | INFO: Run ContentReplace Behavior [ RunTime:0.029673s ]
[ 2013-11-05T10:08:05+08:00 ] / | INFO: Run TokenBuild Behavior [ RunTime:0.068967s ]
[ 2013-11-05T10:08:05+08:00 ] / | INFO: Run WriteHtmlCache Behavior [ RunTime:0.023306s ]
[ 2013-11-05T10:08:05+08:00 ] / | INFO: Run ShowRuntime Behavior [ RunTime:0.048438s ]
[ 2013-11-05T10:08:05+08:00 ] / | INFO: Tag[ view_filter ] --END-- [ RunTime:0.171168s ]
[ 2013-11-05T10:08:05+08:00 ] / | SQL: SHOW COLUMNS FROM `news` [ RunTime:0.088594s ]
[ 2013-11-05T10:08:07+08:00 ] / | SQL: SELECT `id`,`newtitle`,`count` FROM `news` ORDER BY count LIMIT 10   [ RunTime:1.528955s ]
[ 2013-11-05T10:08:07+08:00 ] / | INFO: Tag[ view_template ] --START--
[ 2013-11-05T10:08:07+08:00 ] / | INFO: Run LocationTemplate Behavior [ RunTime:0.022072s ]
[ 2013-11-05T10:08:07+08:00 ] / | INFO: Tag[ view_template ] --END-- [ RunTime:-2.213704s ]
[ 2013-11-05T10:08:07+08:00 ] / | INFO: Tag[ view_parse ] --START--
[ 2013-11-05T10:08:07+08:00 ] / | INFO: Run ParseTemplate Behavior [ RunTime:0.110763s ]
[ 2013-11-05T10:08:07+08:00 ] / | INFO: Tag[ view_parse ] --END-- [ RunTime:-1.815190s ]
[ 2013-11-05T10:08:07+08:00 ] / | INFO: Tag[ view_filter ] --START--
[ 2013-11-05T10:08:07+08:00 ] / | INFO: Run ContentReplace Behavior [ RunTime:0.000303s ]
[ 2013-11-05T10:08:07+08:00 ] / | INFO: Run TokenBuild Behavior [ RunTime:0.000223s ]
[ 2013-11-05T10:08:07+08:00 ] / | INFO: Run WriteHtmlCache Behavior [ RunTime:0.000068s ]
[ 2013-11-05T10:08:07+08:00 ] / | INFO: Run ShowRuntime Behavior [ RunTime:0.000396s ]
[ 2013-11-05T10:08:07+08:00 ] / | INFO: Tag[ view_filter ] --END-- [ RunTime:-1.755032s ]
[ 2013-11-05T10:08:07+08:00 ] / | INFO: Tag[ view_template ] --START--
[ 2013-11-05T10:08:07+08:00 ] / | INFO: Run LocationTemplate Behavior [ RunTime:0.017086s ]
[ 2013-11-05T10:08:07+08:00 ] / | INFO: Tag[ view_template ] --END-- [ RunTime:-2.348970s ]
[ 2013-11-05T10:08:07+08:00 ] / | INFO: Tag[ view_parse ] --START--
[ 2013-11-05T10:08:07+08:00 ] / | INFO: Run ParseTemplate Behavior [ RunTime:0.028661s ]
[ 2013-11-05T10:08:07+08:00 ] / | INFO: Tag[ view_parse ] --END-- [ RunTime:-1.945511s ]
[ 2013-11-05T10:08:07+08:00 ] / | INFO: Tag[ view_filter ] --START--
[ 2013-11-05T10:08:07+08:00 ] / | INFO: Run ContentReplace Behavior [ RunTime:0.000253s ]
[ 2013-11-05T10:08:07+08:00 ] / | INFO: Run TokenBuild Behavior [ RunTime:0.000230s ]
[ 2013-11-05T10:08:07+08:00 ] / | INFO: Run WriteHtmlCache Behavior [ RunTime:0.000068s ]
[ 2013-11-05T10:08:07+08:00 ] / | INFO: Run ShowRuntime Behavior [ RunTime:0.000388s ]
[ 2013-11-05T10:08:07+08:00 ] / | INFO: Tag[ view_filter ] --END-- [ RunTime:-1.803276s ]
[ 2013-11-05T10:08:07+08:00 ] / | SQL: SELECT `id`,`newtitle`,`fstcreate` FROM `news` ORDER BY id LIMIT 10   [ RunTime:0.015272s ]
[ 2013-11-05T10:08:07+08:00 ] / | SQL: SELECT `id`,`newtitle`,`fstcreate`,`count` FROM `news` ORDER BY count,id LIMIT 10   [ RunTime:0.023169s ]
[ 2013-11-05T10:08:07+08:00 ] / | SQL: SELECT news.id,count(comment.type) as counts,news.newtitle FROM `news` left join comment on comment.type=news.id WHERE comment.isdel=1 GROUP BY comment.type ORDER BY counts desc  [ RunTime:0.128535s ]
[ 2013-11-05T10:08:07+08:00 ] / | INFO: Tag[ view_template ] --START--
[ 2013-11-05T10:08:07+08:00 ] / | INFO: Run LocationTemplate Behavior [ RunTime:0.003934s ]
[ 2013-11-05T10:08:07+08:00 ] / | INFO: Tag[ view_template ] --END-- [ RunTime:-2.567368s ]
[ 2013-11-05T10:08:07+08:00 ] / | INFO: Tag[ view_parse ] --START--
[ 2013-11-05T10:08:07+08:00 ] / | INFO: Run ParseTemplate Behavior [ RunTime:0.055035s ]
[ 2013-11-05T10:08:07+08:00 ] / | INFO: Tag[ view_parse ] --END-- [ RunTime:-2.150755s ]
[ 2013-11-05T10:08:07+08:00 ] / | INFO: Tag[ view_filter ] --START--
[ 2013-11-05T10:08:07+08:00 ] / | INFO: Run ContentReplace Behavior [ RunTime:0.000289s ]
[ 2013-11-05T10:08:07+08:00 ] / | INFO: Run TokenBuild Behavior [ RunTime:0.000227s ]
[ 2013-11-05T10:08:07+08:00 ] / | INFO: Run WriteHtmlCache Behavior [ RunTime:0.000069s ]
[ 2013-11-05T10:08:07+08:00 ] / | INFO: Run ShowRuntime Behavior [ RunTime:0.000406s ]
[ 2013-11-05T10:08:07+08:00 ] / | INFO: Tag[ view_filter ] --END-- [ RunTime:-2.034863s ]
[ 2013-11-05T10:08:07+08:00 ] / | SQL: SHOW COLUMNS FROM `newtype` [ RunTime:0.039451s ]
[ 2013-11-05T10:08:07+08:00 ] / | SQL: SELECT * FROM `newtype` WHERE isdel=0   [ RunTime:0.004578s ]
[ 2013-11-05T10:08:07+08:00 ] / | INFO: Tag[ view_template ] --START--
[ 2013-11-05T10:08:07+08:00 ] / | INFO: Run LocationTemplate Behavior [ RunTime:0.002852s ]
[ 2013-11-05T10:08:07+08:00 ] / | INFO: Tag[ view_template ] --END-- [ RunTime:-2.674874s ]
[ 2013-11-05T10:08:07+08:00 ] / | INFO: Tag[ view_parse ] --START--
[ 2013-11-05T10:08:07+08:00 ] / | INFO: Run ParseTemplate Behavior [ RunTime:0.015744s ]
[ 2013-11-05T10:08:07+08:00 ] / | INFO: Tag[ view_parse ] --END-- [ RunTime:-2.257129s ]
[ 2013-11-05T10:08:07+08:00 ] / | INFO: Tag[ view_filter ] --START--
[ 2013-11-05T10:08:07+08:00 ] / | INFO: Run ContentReplace Behavior [ RunTime:0.000256s ]
[ 2013-11-05T10:08:07+08:00 ] / | INFO: Run TokenBuild Behavior [ RunTime:0.000339s ]
[ 2013-11-05T10:08:07+08:00 ] / | INFO: Run WriteHtmlCache Behavior [ RunTime:0.000076s ]
[ 2013-11-05T10:08:07+08:00 ] / | INFO: Run ShowRuntime Behavior [ RunTime:0.000505s ]
[ 2013-11-05T10:08:07+08:00 ] / | INFO: Tag[ view_filter ] --END-- [ RunTime:-2.102028s ]
[ 2013-11-05T10:08:07+08:00 ] / | SQL: SELECT COUNT(*) AS tp_count FROM `news` join newtype on newtype.id=news.newtype LIMIT 1   [ RunTime:0.014537s ]
[ 2013-11-05T10:08:07+08:00 ] / | SQL: SELECT news.id,news.newtitle,news.author,news.fstcreate,news.newcontent,`count`,`typename`,`entypename`,`newimg` FROM `news` join newtype on newtype.id=news.newtype ORDER BY id desc  LIMIT 0,32   [ RunTime:0.004328s ]
[ 2013-11-05T10:08:07+08:00 ] / | INFO: Tag[ view_template ] --START--
[ 2013-11-05T10:08:07+08:00 ] / | INFO: Run LocationTemplate Behavior [ RunTime:0.020359s ]
[ 2013-11-05T10:08:07+08:00 ] / | INFO: Tag[ view_template ] --END-- [ RunTime:-2.718237s ]
[ 2013-11-05T10:08:07+08:00 ] / | INFO: Tag[ view_parse ] --START--
[ 2013-11-05T10:08:07+08:00 ] / | INFO: Run ParseTemplate Behavior [ RunTime:0.072717s ]
[ 2013-11-05T10:08:07+08:00 ] / | INFO: Tag[ view_parse ] --END-- [ RunTime:-2.318311s ]
[ 2013-11-05T10:08:07+08:00 ] / | INFO: Tag[ view_filter ] --START--
[ 2013-11-05T10:08:07+08:00 ] / | INFO: Run ContentReplace Behavior [ RunTime:0.001668s ]
[ 2013-11-05T10:08:07+08:00 ] / | INFO: Run TokenBuild Behavior [ RunTime:0.000263s ]
[ 2013-11-05T10:08:07+08:00 ] / | INFO: Run WriteHtmlCache Behavior [ RunTime:0.000066s ]
[ 2013-11-05T10:08:07+08:00 ] / | INFO: Run ShowRuntime Behavior [ RunTime:0.000496s ]
[ 2013-11-05T10:08:07+08:00 ] / | INFO: Tag[ view_filter ] --END-- [ RunTime:-2.220180s ]
[ 2013-11-05T10:08:07+08:00 ] / | INFO: Tag[ view_template ] --START--
[ 2013-11-05T10:08:07+08:00 ] / | INFO: Run LocationTemplate Behavior [ RunTime:0.003036s ]
[ 2013-11-05T10:08:07+08:00 ] / | INFO: Tag[ view_template ] --END-- [ RunTime:-2.815747s ]
[ 2013-11-05T10:08:07+08:00 ] / | INFO: Tag[ view_parse ] --START--
[ 2013-11-05T10:08:08+08:00 ] / | INFO: Run ParseTemplate Behavior [ RunTime:0.036778s ]
[ 2013-11-05T10:08:08+08:00 ] / | INFO: Tag[ view_parse ] --END-- [ RunTime:-2.398269s ]
[ 2013-11-05T10:08:08+08:00 ] / | INFO: Tag[ view_filter ] --START--
[ 2013-11-05T10:08:08+08:00 ] / | INFO: Run ContentReplace Behavior [ RunTime:0.000292s ]
[ 2013-11-05T10:08:08+08:00 ] / | INFO: Run TokenBuild Behavior [ RunTime:0.000226s ]
[ 2013-11-05T10:08:08+08:00 ] / | INFO: Run WriteHtmlCache Behavior [ RunTime:0.000070s ]
[ 2013-11-05T10:08:08+08:00 ] / | INFO: Run ShowRuntime Behavior [ RunTime:0.000400s ]
[ 2013-11-05T10:08:08+08:00 ] / | INFO: Tag[ view_filter ] --END-- [ RunTime:-2.264133s ]
[ 2013-11-05T10:08:08+08:00 ] / | INFO: Tag[ view_template ] --START--
[ 2013-11-05T10:08:08+08:00 ] / | INFO: Run LocationTemplate Behavior [ RunTime:0.002116s ]
[ 2013-11-05T10:08:08+08:00 ] / | INFO: Tag[ view_template ] --END-- [ RunTime:-2.858157s ]
[ 2013-11-05T10:08:08+08:00 ] / | INFO: Tag[ view_parse ] --START--
[ 2013-11-05T10:08:08+08:00 ] / | INFO: Run ParseTemplate Behavior [ RunTime:0.035674s ]
[ 2013-11-05T10:08:08+08:00 ] / | INFO: Tag[ view_parse ] --END-- [ RunTime:-2.439645s ]
[ 2013-11-05T10:08:08+08:00 ] / | INFO: Tag[ view_filter ] --START--
[ 2013-11-05T10:08:08+08:00 ] / | INFO: Run ContentReplace Behavior [ RunTime:0.000972s ]
[ 2013-11-05T10:08:08+08:00 ] / | INFO: Run TokenBuild Behavior [ RunTime:0.000471s ]
[ 2013-11-05T10:08:08+08:00 ] / | INFO: Run WriteHtmlCache Behavior [ RunTime:0.000077s ]
[ 2013-11-05T10:08:08+08:00 ] / | INFO: Run ShowRuntime Behavior [ RunTime:0.000636s ]
[ 2013-11-05T10:08:08+08:00 ] / | INFO: Tag[ view_filter ] --END-- [ RunTime:-2.304434s ]
[ 2013-11-05T10:08:08+08:00 ] / | INFO: Tag[ view_end ] --START--
[ 2013-11-05T10:08:08+08:00 ] / | INFO: Run ShowPageTrace Behavior [ RunTime:0.020797s ]
[ 2013-11-05T10:08:08+08:00 ] / | INFO: Tag[ view_end ] --END-- [ RunTime:0.021150s ]
[ 2013-11-05T10:08:11+08:00 ] /article/delicacies.html | INFO: Tag[ route_check ] --START--
[ 2013-11-05T10:08:12+08:00 ] /article/delicacies.html | INFO: Run CheckRoute Behavior [ RunTime:0.048455s ]
[ 2013-11-05T10:08:12+08:00 ] /article/delicacies.html | INFO: Tag[ route_check ] --END-- [ RunTime:0.048583s ]
[ 2013-11-05T10:08:12+08:00 ] /article/delicacies.html | INFO: Tag[ app_begin ] --START--
[ 2013-11-05T10:08:12+08:00 ] /article/delicacies.html | INFO: Run ReadHtmlCache Behavior [ RunTime:0.001613s ]
[ 2013-11-05T10:08:12+08:00 ] /article/delicacies.html | INFO: Tag[ app_begin ] --END-- [ RunTime:0.001694s ]
[ 2013-11-05T10:08:12+08:00 ] /article/delicacies.html | SQL: SHOW COLUMNS FROM `indexmenu` [ RunTime:0.003016s ]
[ 2013-11-05T10:08:12+08:00 ] /article/delicacies.html | SQL: SELECT * FROM `indexmenu` WHERE isdel=0 ORDER BY sort  [ RunTime:0.001149s ]
[ 2013-11-05T10:08:12+08:00 ] /article/delicacies.html | INFO: Tag[ view_template ] --START--
[ 2013-11-05T10:08:12+08:00 ] /article/delicacies.html | INFO: Run LocationTemplate Behavior [ RunTime:0.006172s ]
[ 2013-11-05T10:08:12+08:00 ] /article/delicacies.html | INFO: Tag[ view_template ] --END-- [ RunTime:0.006295s ]
[ 2013-11-05T10:08:12+08:00 ] /article/delicacies.html | INFO: Tag[ view_parse ] --START--
[ 2013-11-05T10:08:12+08:00 ] /article/delicacies.html | NOTIC: [8] Undefined index:  uname 04b74bac16018df793b2b10a9602b31e.php 第 16 行.
[ 2013-11-05T10:08:12+08:00 ] /article/delicacies.html | INFO: Run ParseTemplate Behavior [ RunTime:0.027635s ]
[ 2013-11-05T10:08:12+08:00 ] /article/delicacies.html | INFO: Tag[ view_parse ] --END-- [ RunTime:0.027758s ]
[ 2013-11-05T10:08:12+08:00 ] /article/delicacies.html | INFO: Tag[ view_filter ] --START--
[ 2013-11-05T10:08:12+08:00 ] /article/delicacies.html | INFO: Run ContentReplace Behavior [ RunTime:0.001147s ]
[ 2013-11-05T10:08:12+08:00 ] /article/delicacies.html | INFO: Run TokenBuild Behavior [ RunTime:0.001045s ]
[ 2013-11-05T10:08:12+08:00 ] /article/delicacies.html | INFO: Run WriteHtmlCache Behavior [ RunTime:0.000927s ]
[ 2013-11-05T10:08:12+08:00 ] /article/delicacies.html | INFO: Run ShowRuntime Behavior [ RunTime:0.001427s ]
[ 2013-11-05T10:08:12+08:00 ] /article/delicacies.html | INFO: Tag[ view_filter ] --END-- [ RunTime:0.004717s ]
[ 2013-11-05T10:08:12+08:00 ] /article/delicacies.html | SQL: SHOW COLUMNS FROM `news` [ RunTime:0.003052s ]
[ 2013-11-05T10:08:12+08:00 ] /article/delicacies.html | SQL: SELECT `id`,`newtitle`,`count` FROM `news` ORDER BY count LIMIT 10   [ RunTime:0.009703s ]
[ 2013-11-05T10:08:12+08:00 ] /article/delicacies.html | INFO: Tag[ view_template ] --START--
[ 2013-11-05T10:08:12+08:00 ] /article/delicacies.html | INFO: Run LocationTemplate Behavior [ RunTime:0.001230s ]
[ 2013-11-05T10:08:12+08:00 ] /article/delicacies.html | INFO: Tag[ view_template ] --END-- [ RunTime:-0.046107s ]
[ 2013-11-05T10:08:12+08:00 ] /article/delicacies.html | INFO: Tag[ view_parse ] --START--
[ 2013-11-05T10:08:12+08:00 ] /article/delicacies.html | INFO: Run ParseTemplate Behavior [ RunTime:0.004728s ]
[ 2013-11-05T10:08:12+08:00 ] /article/delicacies.html | INFO: Tag[ view_parse ] --END-- [ RunTime:-0.019676s ]
[ 2013-11-05T10:08:12+08:00 ] /article/delicacies.html | INFO: Tag[ view_filter ] --START--
[ 2013-11-05T10:08:12+08:00 ] /article/delicacies.html | INFO: Run ContentReplace Behavior [ RunTime:0.000100s ]
[ 2013-11-05T10:08:12+08:00 ] /article/delicacies.html | INFO: Run TokenBuild Behavior [ RunTime:0.000070s ]
[ 2013-11-05T10:08:12+08:00 ] /article/delicacies.html | INFO: Run WriteHtmlCache Behavior [ RunTime:0.000021s ]
[ 2013-11-05T10:08:12+08:00 ] /article/delicacies.html | INFO: Run ShowRuntime Behavior [ RunTime:0.000122s ]
[ 2013-11-05T10:08:12+08:00 ] /article/delicacies.html | INFO: Tag[ view_filter ] --END-- [ RunTime:-0.019785s ]
[ 2013-11-05T10:08:12+08:00 ] /article/delicacies.html | INFO: Tag[ view_template ] --START--
[ 2013-11-05T10:08:12+08:00 ] /article/delicacies.html | INFO: Run LocationTemplate Behavior [ RunTime:0.001313s ]
[ 2013-11-05T10:08:12+08:00 ] /article/delicacies.html | INFO: Tag[ view_template ] --END-- [ RunTime:-0.052902s ]
[ 2013-11-05T10:08:12+08:00 ] /article/delicacies.html | INFO: Tag[ view_parse ] --START--
[ 2013-11-05T10:08:12+08:00 ] /article/delicacies.html | INFO: Run ParseTemplate Behavior [ RunTime:0.002692s ]
[ 2013-11-05T10:08:12+08:00 ] /article/delicacies.html | INFO: Tag[ view_parse ] --END-- [ RunTime:-0.026533s ]
[ 2013-11-05T10:08:12+08:00 ] /article/delicacies.html | INFO: Tag[ view_filter ] --START--
[ 2013-11-05T10:08:12+08:00 ] /article/delicacies.html | INFO: Run ContentReplace Behavior [ RunTime:0.000086s ]
[ 2013-11-05T10:08:12+08:00 ] /article/delicacies.html | INFO: Run TokenBuild Behavior [ RunTime:0.000069s ]
[ 2013-11-05T10:08:12+08:00 ] /article/delicacies.html | INFO: Run WriteHtmlCache Behavior [ RunTime:0.000021s ]
[ 2013-11-05T10:08:12+08:00 ] /article/delicacies.html | INFO: Run ShowRuntime Behavior [ RunTime:0.000117s ]
[ 2013-11-05T10:08:12+08:00 ] /article/delicacies.html | INFO: Tag[ view_filter ] --END-- [ RunTime:-0.024608s ]
[ 2013-11-05T10:08:12+08:00 ] /article/delicacies.html | SQL: SELECT `id`,`newtitle`,`fstcreate` FROM `news` ORDER BY id LIMIT 10   [ RunTime:0.000569s ]
[ 2013-11-05T10:08:12+08:00 ] /article/delicacies.html | SQL: SELECT `id`,`newtitle`,`fstcreate`,`count` FROM `news` ORDER BY count,id LIMIT 10   [ RunTime:0.007649s ]
[ 2013-11-05T10:08:12+08:00 ] /article/delicacies.html | SQL: SELECT news.id,count(comment.type) as counts,news.newtitle FROM `news` left join comment on comment.type=news.id WHERE comment.isdel=1 GROUP BY comment.type ORDER BY counts desc  [ RunTime:0.000826s ]
[ 2013-11-05T10:08:12+08:00 ] /article/delicacies.html | INFO: Tag[ view_template ] --START--
[ 2013-11-05T10:08:12+08:00 ] /article/delicacies.html | INFO: Run LocationTemplate Behavior [ RunTime:0.001034s ]
[ 2013-11-05T10:08:12+08:00 ] /article/delicacies.html | INFO: Tag[ view_template ] --END-- [ RunTime:-0.067774s ]
[ 2013-11-05T10:08:12+08:00 ] /article/delicacies.html | INFO: Tag[ view_parse ] --START--
[ 2013-11-05T10:08:12+08:00 ] /article/delicacies.html | INFO: Run ParseTemplate Behavior [ RunTime:0.008748s ]
[ 2013-11-05T10:08:12+08:00 ] /article/delicacies.html | INFO: Tag[ view_parse ] --END-- [ RunTime:-0.042593s ]
[ 2013-11-05T10:08:12+08:00 ] /article/delicacies.html | INFO: Tag[ view_filter ] --START--
[ 2013-11-05T10:08:12+08:00 ] /article/delicacies.html | INFO: Run ContentReplace Behavior [ RunTime:0.000102s ]
[ 2013-11-05T10:08:12+08:00 ] /article/delicacies.html | INFO: Run TokenBuild Behavior [ RunTime:0.000068s ]
[ 2013-11-05T10:08:12+08:00 ] /article/delicacies.html | INFO: Run WriteHtmlCache Behavior [ RunTime:0.000027s ]
[ 2013-11-05T10:08:12+08:00 ] /article/delicacies.html | INFO: Run ShowRuntime Behavior [ RunTime:0.000121s ]
[ 2013-11-05T10:08:12+08:00 ] /article/delicacies.html | INFO: Tag[ view_filter ] --END-- [ RunTime:-0.046727s ]
[ 2013-11-05T10:08:12+08:00 ] /article/delicacies.html | SQL: SHOW COLUMNS FROM `newtype` [ RunTime:0.003218s ]
[ 2013-11-05T10:08:12+08:00 ] /article/delicacies.html | SQL: SELECT * FROM `newtype` WHERE isdel=0   [ RunTime:0.001491s ]
[ 2013-11-05T10:08:12+08:00 ] /article/delicacies.html | INFO: Tag[ view_template ] --START--
[ 2013-11-05T10:08:12+08:00 ] /article/delicacies.html | INFO: Run LocationTemplate Behavior [ RunTime:0.001289s ]
[ 2013-11-05T10:08:12+08:00 ] /article/delicacies.html | INFO: Tag[ view_template ] --END-- [ RunTime:-0.085147s ]
[ 2013-11-05T10:08:12+08:00 ] /article/delicacies.html | INFO: Tag[ view_parse ] --START--
[ 2013-11-05T10:08:12+08:00 ] /article/delicacies.html | INFO: Run ParseTemplate Behavior [ RunTime:0.004446s ]
[ 2013-11-05T10:08:12+08:00 ] /article/delicacies.html | INFO: Tag[ view_parse ] --END-- [ RunTime:-0.058765s ]
[ 2013-11-05T10:08:12+08:00 ] /article/delicacies.html | INFO: Tag[ view_filter ] --START--
[ 2013-11-05T10:08:12+08:00 ] /article/delicacies.html | INFO: Run ContentReplace Behavior [ RunTime:0.000086s ]
[ 2013-11-05T10:08:12+08:00 ] /article/delicacies.html | INFO: Run TokenBuild Behavior [ RunTime:0.000073s ]
[ 2013-11-05T10:08:12+08:00 ] /article/delicacies.html | INFO: Run WriteHtmlCache Behavior [ RunTime:0.000022s ]
[ 2013-11-05T10:08:12+08:00 ] /article/delicacies.html | INFO: Run ShowRuntime Behavior [ RunTime:0.000119s ]
[ 2013-11-05T10:08:12+08:00 ] /article/delicacies.html | INFO: Tag[ view_filter ] --END-- [ RunTime:-0.058594s ]
[ 2013-11-05T10:08:12+08:00 ] /article/delicacies.html | SQL: SELECT COUNT(*) AS tp_count FROM `news` join newtype on newtype.id=news.newtype WHERE ( `entypename` = 'delicacies' ) LIMIT 1   [ RunTime:0.007907s ]
[ 2013-11-05T10:08:12+08:00 ] /article/delicacies.html | SQL: SELECT news.id,news.newtitle,news.author,news.fstcreate,news.newcontent,`count`,`typename`,`entypename`,`newimg` FROM `news` join newtype on newtype.id=news.newtype WHERE ( `entypename` = 'delicacies' ) ORDER BY id desc  LIMIT 0,10   [ RunTime:0.001911s ]
[ 2013-11-05T10:08:12+08:00 ] /article/delicacies.html | INFO: Tag[ view_template ] --START--
[ 2013-11-05T10:08:12+08:00 ] /article/delicacies.html | INFO: Run LocationTemplate Behavior [ RunTime:0.004942s ]
[ 2013-11-05T10:08:12+08:00 ] /article/delicacies.html | INFO: Tag[ view_template ] --END-- [ RunTime:-0.102769s ]
[ 2013-11-05T10:08:12+08:00 ] /article/delicacies.html | INFO: Tag[ view_parse ] --START--
[ 2013-11-05T10:08:12+08:00 ] /article/delicacies.html | INFO: Run ParseTemplate Behavior [ RunTime:0.063959s ]
[ 2013-11-05T10:08:12+08:00 ] /article/delicacies.html | INFO: Tag[ view_parse ] --END-- [ RunTime:-0.080519s ]
[ 2013-11-05T10:08:12+08:00 ] /article/delicacies.html | INFO: Tag[ view_filter ] --START--
[ 2013-11-05T10:08:12+08:00 ] /article/delicacies.html | INFO: Run ContentReplace Behavior [ RunTime:0.000179s ]
[ 2013-11-05T10:08:12+08:00 ] /article/delicacies.html | INFO: Run TokenBuild Behavior [ RunTime:0.000070s ]
[ 2013-11-05T10:08:12+08:00 ] /article/delicacies.html | INFO: Run WriteHtmlCache Behavior [ RunTime:0.000020s ]
[ 2013-11-05T10:08:12+08:00 ] /article/delicacies.html | INFO: Run ShowRuntime Behavior [ RunTime:0.000130s ]
[ 2013-11-05T10:08:12+08:00 ] /article/delicacies.html | INFO: Tag[ view_filter ] --END-- [ RunTime:-0.139949s ]
[ 2013-11-05T10:08:12+08:00 ] /article/delicacies.html | INFO: Tag[ view_template ] --START--
[ 2013-11-05T10:08:12+08:00 ] /article/delicacies.html | INFO: Run LocationTemplate Behavior [ RunTime:0.001024s ]
[ 2013-11-05T10:08:12+08:00 ] /article/delicacies.html | INFO: Tag[ view_template ] --END-- [ RunTime:-0.173157s ]
[ 2013-11-05T10:08:12+08:00 ] /article/delicacies.html | INFO: Tag[ view_parse ] --START--
[ 2013-11-05T10:08:12+08:00 ] /article/delicacies.html | INFO: Run ParseTemplate Behavior [ RunTime:0.004160s ]
[ 2013-11-05T10:08:12+08:00 ] /article/delicacies.html | INFO: Tag[ view_parse ] --END-- [ RunTime:-0.146463s ]
[ 2013-11-05T10:08:12+08:00 ] /article/delicacies.html | INFO: Tag[ view_filter ] --START--
[ 2013-11-05T10:08:12+08:00 ] /article/delicacies.html | INFO: Run ContentReplace Behavior [ RunTime:0.000095s ]
[ 2013-11-05T10:08:12+08:00 ] /article/delicacies.html | INFO: Run TokenBuild Behavior [ RunTime:0.000071s ]
[ 2013-11-05T10:08:12+08:00 ] /article/delicacies.html | INFO: Run WriteHtmlCache Behavior [ RunTime:0.000021s ]
[ 2013-11-05T10:08:12+08:00 ] /article/delicacies.html | INFO: Run ShowRuntime Behavior [ RunTime:0.000118s ]
[ 2013-11-05T10:08:12+08:00 ] /article/delicacies.html | INFO: Tag[ view_filter ] --END-- [ RunTime:-0.146023s ]
[ 2013-11-05T10:08:12+08:00 ] /article/delicacies.html | INFO: Tag[ view_template ] --START--
[ 2013-11-05T10:08:12+08:00 ] /article/delicacies.html | INFO: Run LocationTemplate Behavior [ RunTime:0.003488s ]
[ 2013-11-05T10:08:12+08:00 ] /article/delicacies.html | INFO: Tag[ view_template ] --END-- [ RunTime:-0.179156s ]
[ 2013-11-05T10:08:12+08:00 ] /article/delicacies.html | INFO: Tag[ view_parse ] --START--
[ 2013-11-05T10:08:12+08:00 ] /article/delicacies.html | INFO: Run ParseTemplate Behavior [ RunTime:0.023006s ]
[ 2013-11-05T10:08:12+08:00 ] /article/delicacies.html | INFO: Tag[ view_parse ] --END-- [ RunTime:-0.154984s ]
[ 2013-11-05T10:08:12+08:00 ] /article/delicacies.html | INFO: Tag[ view_filter ] --START--
[ 2013-11-05T10:08:12+08:00 ] /article/delicacies.html | INFO: Run ContentReplace Behavior [ RunTime:0.000275s ]
[ 2013-11-05T10:08:12+08:00 ] /article/delicacies.html | INFO: Run TokenBuild Behavior [ RunTime:0.000071s ]
[ 2013-11-05T10:08:12+08:00 ] /article/delicacies.html | INFO: Run WriteHtmlCache Behavior [ RunTime:0.000021s ]
[ 2013-11-05T10:08:12+08:00 ] /article/delicacies.html | INFO: Run ShowRuntime Behavior [ RunTime:0.000188s ]
[ 2013-11-05T10:08:12+08:00 ] /article/delicacies.html | INFO: Tag[ view_filter ] --END-- [ RunTime:-0.173398s ]
[ 2013-11-05T10:08:12+08:00 ] /article/delicacies.html | INFO: Tag[ view_end ] --START--
[ 2013-11-05T10:08:12+08:00 ] /article/delicacies.html | INFO: Run ShowPageTrace Behavior [ RunTime:0.001274s ]
[ 2013-11-05T10:08:12+08:00 ] /article/delicacies.html | INFO: Tag[ view_end ] --END-- [ RunTime:0.001335s ]
[ 2013-11-05T10:08:13+08:00 ] /index.html | INFO: Tag[ route_check ] --START--
[ 2013-11-05T10:08:13+08:00 ] /index.html | INFO: Run CheckRoute Behavior [ RunTime:0.006926s ]
[ 2013-11-05T10:08:13+08:00 ] /index.html | INFO: Tag[ route_check ] --END-- [ RunTime:0.007257s ]
[ 2013-11-05T10:08:13+08:00 ] /index.html | INFO: Tag[ app_begin ] --START--
[ 2013-11-05T10:08:13+08:00 ] /index.html | INFO: Run ReadHtmlCache Behavior [ RunTime:0.004120s ]
[ 2013-11-05T10:08:13+08:00 ] /index.html | INFO: Tag[ app_begin ] --END-- [ RunTime:0.004372s ]
[ 2013-11-05T10:08:13+08:00 ] /index.html | SQL: SHOW COLUMNS FROM `indexmenu` [ RunTime:0.008450s ]
[ 2013-11-05T10:08:13+08:00 ] /index.html | SQL: SELECT * FROM `indexmenu` WHERE isdel=0 ORDER BY sort  [ RunTime:0.003940s ]
[ 2013-11-05T10:08:13+08:00 ] /index.html | INFO: Tag[ view_template ] --START--
[ 2013-11-05T10:08:13+08:00 ] /index.html | INFO: Run LocationTemplate Behavior [ RunTime:0.005560s ]
[ 2013-11-05T10:08:13+08:00 ] /index.html | INFO: Tag[ view_template ] --END-- [ RunTime:0.005789s ]
[ 2013-11-05T10:08:13+08:00 ] /index.html | INFO: Tag[ view_parse ] --START--
[ 2013-11-05T10:08:13+08:00 ] /index.html | NOTIC: [8] Undefined index:  uname 04b74bac16018df793b2b10a9602b31e.php 第 16 行.
[ 2013-11-05T10:08:13+08:00 ] /index.html | INFO: Run ParseTemplate Behavior [ RunTime:0.068303s ]
[ 2013-11-05T10:08:13+08:00 ] /index.html | INFO: Tag[ view_parse ] --END-- [ RunTime:0.068632s ]
[ 2013-11-05T10:08:13+08:00 ] /index.html | INFO: Tag[ view_filter ] --START--
[ 2013-11-05T10:08:13+08:00 ] /index.html | INFO: Run ContentReplace Behavior [ RunTime:0.003497s ]
[ 2013-11-05T10:08:13+08:00 ] /index.html | INFO: Run TokenBuild Behavior [ RunTime:0.003000s ]
[ 2013-11-05T10:08:13+08:00 ] /index.html | INFO: Run WriteHtmlCache Behavior [ RunTime:0.004317s ]
[ 2013-11-05T10:08:13+08:00 ] /index.html | INFO: Run ShowRuntime Behavior [ RunTime:0.003730s ]
[ 2013-11-05T10:08:13+08:00 ] /index.html | INFO: Tag[ view_filter ] --END-- [ RunTime:0.015361s ]
[ 2013-11-05T10:08:13+08:00 ] /index.html | SQL: SHOW COLUMNS FROM `news` [ RunTime:0.011127s ]
[ 2013-11-05T10:08:13+08:00 ] /index.html | SQL: SELECT `id`,`newtitle`,`count` FROM `news` ORDER BY count LIMIT 10   [ RunTime:0.030158s ]
[ 2013-11-05T10:08:13+08:00 ] /index.html | INFO: Tag[ view_template ] --START--
[ 2013-11-05T10:08:13+08:00 ] /index.html | INFO: Run LocationTemplate Behavior [ RunTime:0.007122s ]
[ 2013-11-05T10:08:13+08:00 ] /index.html | INFO: Tag[ view_template ] --END-- [ RunTime:-0.127586s ]
[ 2013-11-05T10:08:13+08:00 ] /index.html | INFO: Tag[ view_parse ] --START--
[ 2013-11-05T10:08:13+08:00 ] /index.html | INFO: Run ParseTemplate Behavior [ RunTime:0.016648s ]
[ 2013-11-05T10:08:13+08:00 ] /index.html | INFO: Tag[ view_parse ] --END-- [ RunTime:-0.066369s ]
[ 2013-11-05T10:08:13+08:00 ] /index.html | INFO: Tag[ view_filter ] --START--
[ 2013-11-05T10:08:13+08:00 ] /index.html | INFO: Run ContentReplace Behavior [ RunTime:0.000431s ]
[ 2013-11-05T10:08:13+08:00 ] /index.html | INFO: Run TokenBuild Behavior [ RunTime:0.000242s ]
[ 2013-11-05T10:08:13+08:00 ] /index.html | INFO: Run WriteHtmlCache Behavior [ RunTime:0.000079s ]
[ 2013-11-05T10:08:13+08:00 ] /index.html | INFO: Run ShowRuntime Behavior [ RunTime:0.000483s ]
[ 2013-11-05T10:08:13+08:00 ] /index.html | INFO: Tag[ view_filter ] --END-- [ RunTime:-0.067905s ]
[ 2013-11-05T10:08:13+08:00 ] /index.html | INFO: Tag[ view_template ] --START--
[ 2013-11-05T10:08:13+08:00 ] /index.html | INFO: Run LocationTemplate Behavior [ RunTime:0.010385s ]
[ 2013-11-05T10:08:13+08:00 ] /index.html | INFO: Tag[ view_template ] --END-- [ RunTime:-0.154284s ]
[ 2013-11-05T10:08:13+08:00 ] /index.html | INFO: Tag[ view_parse ] --START--
[ 2013-11-05T10:08:13+08:00 ] /index.html | INFO: Run ParseTemplate Behavior [ RunTime:0.015284s ]
[ 2013-11-05T10:08:13+08:00 ] /index.html | INFO: Tag[ view_parse ] --END-- [ RunTime:-0.096297s ]
[ 2013-11-05T10:08:13+08:00 ] /index.html | INFO: Tag[ view_filter ] --START--
[ 2013-11-05T10:08:13+08:00 ] /index.html | INFO: Run ContentReplace Behavior [ RunTime:0.000263s ]
[ 2013-11-05T10:08:13+08:00 ] /index.html | INFO: Run TokenBuild Behavior [ RunTime:0.000225s ]
[ 2013-11-05T10:08:13+08:00 ] /index.html | INFO: Run WriteHtmlCache Behavior [ RunTime:0.000070s ]
[ 2013-11-05T10:08:13+08:00 ] /index.html | INFO: Run ShowRuntime Behavior [ RunTime:0.000398s ]
[ 2013-11-05T10:08:13+08:00 ] /index.html | INFO: Tag[ view_filter ] --END-- [ RunTime:-0.096492s ]
[ 2013-11-05T10:08:13+08:00 ] /index.html | SQL: SELECT `id`,`newtitle`,`fstcreate` FROM `news` ORDER BY id LIMIT 10   [ RunTime:0.000984s ]
[ 2013-11-05T10:08:13+08:00 ] /index.html | SQL: SELECT `id`,`newtitle`,`fstcreate`,`count` FROM `news` ORDER BY count,id LIMIT 10   [ RunTime:0.019290s ]
[ 2013-11-05T10:08:13+08:00 ] /index.html | SQL: SELECT news.id,count(comment.type) as counts,news.newtitle FROM `news` left join comment on comment.type=news.id WHERE comment.isdel=1 GROUP BY comment.type ORDER BY counts desc  [ RunTime:0.001051s ]
[ 2013-11-05T10:08:13+08:00 ] /index.html | INFO: Tag[ view_template ] --START--
[ 2013-11-05T10:08:13+08:00 ] /index.html | INFO: Run LocationTemplate Behavior [ RunTime:0.003533s ]
[ 2013-11-05T10:08:13+08:00 ] /index.html | INFO: Tag[ view_template ] --END-- [ RunTime:-0.210745s ]
[ 2013-11-05T10:08:13+08:00 ] /index.html | INFO: Tag[ view_parse ] --START--
[ 2013-11-05T10:08:13+08:00 ] /index.html | INFO: Run ParseTemplate Behavior [ RunTime:0.033783s ]
[ 2013-11-05T10:08:13+08:00 ] /index.html | INFO: Tag[ view_parse ] --END-- [ RunTime:-0.145879s ]
[ 2013-11-05T10:08:13+08:00 ] /index.html | INFO: Tag[ view_filter ] --START--
[ 2013-11-05T10:08:13+08:00 ] /index.html | INFO: Run ContentReplace Behavior [ RunTime:0.000281s ]
[ 2013-11-05T10:08:13+08:00 ] /index.html | INFO: Run TokenBuild Behavior [ RunTime:0.000222s ]
[ 2013-11-05T10:08:13+08:00 ] /index.html | INFO: Run WriteHtmlCache Behavior [ RunTime:0.000069s ]
[ 2013-11-05T10:08:13+08:00 ] /index.html | INFO: Run ShowRuntime Behavior [ RunTime:0.000392s ]
[ 2013-11-05T10:08:13+08:00 ] /index.html | INFO: Tag[ view_filter ] --END-- [ RunTime:-0.164535s ]
[ 2013-11-05T10:08:13+08:00 ] /index.html | SQL: SHOW COLUMNS FROM `newtype` [ RunTime:0.010872s ]
[ 2013-11-05T10:08:13+08:00 ] /index.html | SQL: SELECT * FROM `newtype` WHERE isdel=0   [ RunTime:0.002255s ]
[ 2013-11-05T10:08:13+08:00 ] /index.html | INFO: Tag[ view_template ] --START--
[ 2013-11-05T10:08:13+08:00 ] /index.html | INFO: Run LocationTemplate Behavior [ RunTime:0.009228s ]
[ 2013-11-05T10:08:13+08:00 ] /index.html | INFO: Tag[ view_template ] --END-- [ RunTime:-0.265168s ]
[ 2013-11-05T10:08:13+08:00 ] /index.html | INFO: Tag[ view_parse ] --START--
[ 2013-11-05T10:08:13+08:00 ] /index.html | INFO: Run ParseTemplate Behavior [ RunTime:0.018185s ]
[ 2013-11-05T10:08:13+08:00 ] /index.html | INFO: Tag[ view_parse ] --END-- [ RunTime:-0.206073s ]
[ 2013-11-05T10:08:13+08:00 ] /index.html | INFO: Tag[ view_filter ] --START--
[ 2013-11-05T10:08:13+08:00 ] /index.html | INFO: Run ContentReplace Behavior [ RunTime:0.000171s ]
[ 2013-11-05T10:08:13+08:00 ] /index.html | INFO: Run TokenBuild Behavior [ RunTime:0.000067s ]
[ 2013-11-05T10:08:13+08:00 ] /index.html | INFO: Run WriteHtmlCache Behavior [ RunTime:0.000023s ]
[ 2013-11-05T10:08:13+08:00 ] /index.html | INFO: Run ShowRuntime Behavior [ RunTime:0.000119s ]
[ 2013-11-05T10:08:13+08:00 ] /index.html | INFO: Tag[ view_filter ] --END-- [ RunTime:-0.208960s ]
[ 2013-11-05T10:08:13+08:00 ] /index.html | SQL: SELECT COUNT(*) AS tp_count FROM `news` join newtype on newtype.id=news.newtype LIMIT 1   [ RunTime:0.004104s ]
[ 2013-11-05T10:08:13+08:00 ] /index.html | SQL: SELECT news.id,news.newtitle,news.author,news.fstcreate,news.newcontent,`count`,`typename`,`entypename`,`newimg` FROM `news` join newtype on newtype.id=news.newtype ORDER BY id desc  LIMIT 0,32   [ RunTime:0.001697s ]
[ 2013-11-05T10:08:13+08:00 ] /index.html | INFO: Tag[ view_template ] --START--
[ 2013-11-05T10:08:13+08:00 ] /index.html | INFO: Run LocationTemplate Behavior [ RunTime:0.001055s ]
[ 2013-11-05T10:08:13+08:00 ] /index.html | INFO: Tag[ view_template ] --END-- [ RunTime:-0.300881s ]
[ 2013-11-05T10:08:13+08:00 ] /index.html | INFO: Tag[ view_parse ] --START--
[ 2013-11-05T10:08:13+08:00 ] /index.html | INFO: Run ParseTemplate Behavior [ RunTime:0.011894s ]
[ 2013-11-05T10:08:13+08:00 ] /index.html | INFO: Tag[ view_parse ] --END-- [ RunTime:-0.233290s ]
[ 2013-11-05T10:08:13+08:00 ] /index.html | INFO: Tag[ view_filter ] --START--
[ 2013-11-05T10:08:13+08:00 ] /index.html | INFO: Run ContentReplace Behavior [ RunTime:0.000289s ]
[ 2013-11-05T10:08:13+08:00 ] /index.html | INFO: Run TokenBuild Behavior [ RunTime:0.000065s ]
[ 2013-11-05T10:08:13+08:00 ] /index.html | INFO: Run WriteHtmlCache Behavior [ RunTime:0.000021s ]
[ 2013-11-05T10:08:13+08:00 ] /index.html | INFO: Run ShowRuntime Behavior [ RunTime:0.000149s ]
[ 2013-11-05T10:08:13+08:00 ] /index.html | INFO: Tag[ view_filter ] --END-- [ RunTime:-0.229826s ]
[ 2013-11-05T10:08:13+08:00 ] /index.html | INFO: Tag[ view_template ] --START--
[ 2013-11-05T10:08:13+08:00 ] /index.html | INFO: Run LocationTemplate Behavior [ RunTime:0.001051s ]
[ 2013-11-05T10:08:13+08:00 ] /index.html | INFO: Tag[ view_template ] --END-- [ RunTime:-0.314885s ]
[ 2013-11-05T10:08:13+08:00 ] /index.html | INFO: Tag[ view_parse ] --START--
[ 2013-11-05T10:08:13+08:00 ] /index.html | INFO: Run ParseTemplate Behavior [ RunTime:0.004062s ]
[ 2013-11-05T10:08:13+08:00 ] /index.html | INFO: Tag[ view_parse ] --END-- [ RunTime:-0.247240s ]
[ 2013-11-05T10:08:13+08:00 ] /index.html | INFO: Tag[ view_filter ] --START--
[ 2013-11-05T10:08:13+08:00 ] /index.html | INFO: Run ContentReplace Behavior [ RunTime:0.000095s ]
[ 2013-11-05T10:08:13+08:00 ] /index.html | INFO: Run TokenBuild Behavior [ RunTime:0.000071s ]
[ 2013-11-05T10:08:13+08:00 ] /index.html | INFO: Run WriteHtmlCache Behavior [ RunTime:0.000025s ]
[ 2013-11-05T10:08:13+08:00 ] /index.html | INFO: Run ShowRuntime Behavior [ RunTime:0.000118s ]
[ 2013-11-05T10:08:13+08:00 ] /index.html | INFO: Tag[ view_filter ] --END-- [ RunTime:-0.235921s ]
[ 2013-11-05T10:08:13+08:00 ] /index.html | INFO: Tag[ view_template ] --START--
[ 2013-11-05T10:08:13+08:00 ] /index.html | INFO: Run LocationTemplate Behavior [ RunTime:0.000853s ]
[ 2013-11-05T10:08:13+08:00 ] /index.html | INFO: Tag[ view_template ] --END-- [ RunTime:-0.320783s ]
[ 2013-11-05T10:08:13+08:00 ] /index.html | INFO: Tag[ view_parse ] --START--
[ 2013-11-05T10:08:13+08:00 ] /index.html | INFO: Run ParseTemplate Behavior [ RunTime:0.004331s ]
[ 2013-11-05T10:08:13+08:00 ] /index.html | INFO: Tag[ view_parse ] --END-- [ RunTime:-0.252931s ]
[ 2013-11-05T10:08:13+08:00 ] /index.html | INFO: Tag[ view_filter ] --START--
[ 2013-11-05T10:08:13+08:00 ] /index.html | INFO: Run ContentReplace Behavior [ RunTime:0.000340s ]
[ 2013-11-05T10:08:13+08:00 ] /index.html | INFO: Run TokenBuild Behavior [ RunTime:0.000073s ]
[ 2013-11-05T10:08:13+08:00 ] /index.html | INFO: Run WriteHtmlCache Behavior [ RunTime:0.000021s ]
[ 2013-11-05T10:08:13+08:00 ] /index.html | INFO: Run ShowRuntime Behavior [ RunTime:0.000194s ]
[ 2013-11-05T10:08:13+08:00 ] /index.html | INFO: Tag[ view_filter ] --END-- [ RunTime:-0.241908s ]
[ 2013-11-05T10:08:13+08:00 ] /index.html | INFO: Tag[ view_end ] --START--
[ 2013-11-05T10:08:13+08:00 ] /index.html | INFO: Run ShowPageTrace Behavior [ RunTime:0.001178s ]
[ 2013-11-05T10:08:13+08:00 ] /index.html | INFO: Tag[ view_end ] --END-- [ RunTime:0.001241s ]
[ 2013-11-05T10:08:15+08:00 ] /article/sports.html | INFO: Tag[ route_check ] --START--
[ 2013-11-05T10:08:15+08:00 ] /article/sports.html | INFO: Run CheckRoute Behavior [ RunTime:0.005702s ]
[ 2013-11-05T10:08:15+08:00 ] /article/sports.html | INFO: Tag[ route_check ] --END-- [ RunTime:0.006034s ]
[ 2013-11-05T10:08:15+08:00 ] /article/sports.html | INFO: Tag[ app_begin ] --START--
[ 2013-11-05T10:08:15+08:00 ] /article/sports.html | INFO: Run ReadHtmlCache Behavior [ RunTime:0.003605s ]
[ 2013-11-05T10:08:15+08:00 ] /article/sports.html | INFO: Tag[ app_begin ] --END-- [ RunTime:0.004442s ]
[ 2013-11-05T10:08:15+08:00 ] /article/sports.html | SQL: SHOW COLUMNS FROM `indexmenu` [ RunTime:0.009302s ]
[ 2013-11-05T10:08:15+08:00 ] /article/sports.html | SQL: SELECT * FROM `indexmenu` WHERE isdel=0 ORDER BY sort  [ RunTime:0.004069s ]
[ 2013-11-05T10:08:15+08:00 ] /article/sports.html | INFO: Tag[ view_template ] --START--
[ 2013-11-05T10:08:15+08:00 ] /article/sports.html | INFO: Run LocationTemplate Behavior [ RunTime:0.006364s ]
[ 2013-11-05T10:08:15+08:00 ] /article/sports.html | INFO: Tag[ view_template ] --END-- [ RunTime:0.006606s ]
[ 2013-11-05T10:08:15+08:00 ] /article/sports.html | INFO: Tag[ view_parse ] --START--
[ 2013-11-05T10:08:15+08:00 ] /article/sports.html | NOTIC: [8] Undefined index:  uname 04b74bac16018df793b2b10a9602b31e.php 第 16 行.
[ 2013-11-05T10:08:15+08:00 ] /article/sports.html | INFO: Run ParseTemplate Behavior [ RunTime:0.067024s ]
[ 2013-11-05T10:08:15+08:00 ] /article/sports.html | INFO: Tag[ view_parse ] --END-- [ RunTime:0.067259s ]
[ 2013-11-05T10:08:15+08:00 ] /article/sports.html | INFO: Tag[ view_filter ] --START--
[ 2013-11-05T10:08:15+08:00 ] /article/sports.html | INFO: Run ContentReplace Behavior [ RunTime:0.003152s ]
[ 2013-11-05T10:08:15+08:00 ] /article/sports.html | INFO: Run TokenBuild Behavior [ RunTime:0.002930s ]
[ 2013-11-05T10:08:15+08:00 ] /article/sports.html | INFO: Run WriteHtmlCache Behavior [ RunTime:0.002553s ]
[ 2013-11-05T10:08:15+08:00 ] /article/sports.html | INFO: Run ShowRuntime Behavior [ RunTime:0.005133s ]
[ 2013-11-05T10:08:15+08:00 ] /article/sports.html | INFO: Tag[ view_filter ] --END-- [ RunTime:0.014374s ]
[ 2013-11-05T10:08:15+08:00 ] /article/sports.html | SQL: SHOW COLUMNS FROM `news` [ RunTime:0.008594s ]
[ 2013-11-05T10:08:15+08:00 ] /article/sports.html | SQL: SELECT `id`,`newtitle`,`count` FROM `news` ORDER BY count LIMIT 10   [ RunTime:0.022644s ]
[ 2013-11-05T10:08:15+08:00 ] /article/sports.html | INFO: Tag[ view_template ] --START--
[ 2013-11-05T10:08:15+08:00 ] /article/sports.html | INFO: Run LocationTemplate Behavior [ RunTime:0.002785s ]
[ 2013-11-05T10:08:15+08:00 ] /article/sports.html | INFO: Tag[ view_template ] --END-- [ RunTime:-0.115661s ]
[ 2013-11-05T10:08:15+08:00 ] /article/sports.html | INFO: Tag[ view_parse ] --START--
[ 2013-11-05T10:08:15+08:00 ] /article/sports.html | INFO: Run ParseTemplate Behavior [ RunTime:0.014832s ]
[ 2013-11-05T10:08:15+08:00 ] /article/sports.html | INFO: Tag[ view_parse ] --END-- [ RunTime:-0.051388s ]
[ 2013-11-05T10:08:15+08:00 ] /article/sports.html | INFO: Tag[ view_filter ] --START--
[ 2013-11-05T10:08:15+08:00 ] /article/sports.html | INFO: Run ContentReplace Behavior [ RunTime:0.000402s ]
[ 2013-11-05T10:08:15+08:00 ] /article/sports.html | INFO: Run TokenBuild Behavior [ RunTime:0.000220s ]
[ 2013-11-05T10:08:15+08:00 ] /article/sports.html | INFO: Run WriteHtmlCache Behavior [ RunTime:0.000066s ]
[ 2013-11-05T10:08:15+08:00 ] /article/sports.html | INFO: Run ShowRuntime Behavior [ RunTime:0.001497s ]
[ 2013-11-05T10:08:15+08:00 ] /article/sports.html | INFO: Tag[ view_filter ] --END-- [ RunTime:-0.052084s ]
[ 2013-11-05T10:08:15+08:00 ] /article/sports.html | INFO: Tag[ view_template ] --START--
[ 2013-11-05T10:08:15+08:00 ] /article/sports.html | INFO: Run LocationTemplate Behavior [ RunTime:0.002775s ]
[ 2013-11-05T10:08:15+08:00 ] /article/sports.html | INFO: Tag[ view_template ] --END-- [ RunTime:-0.136978s ]
[ 2013-11-05T10:08:15+08:00 ] /article/sports.html | INFO: Tag[ view_parse ] --START--
[ 2013-11-05T10:08:15+08:00 ] /article/sports.html | INFO: Run ParseTemplate Behavior [ RunTime:0.007715s ]
[ 2013-11-05T10:08:15+08:00 ] /article/sports.html | INFO: Tag[ view_parse ] --END-- [ RunTime:-0.072665s ]
[ 2013-11-05T10:08:15+08:00 ] /article/sports.html | INFO: Tag[ view_filter ] --START--
[ 2013-11-05T10:08:15+08:00 ] /article/sports.html | INFO: Run ContentReplace Behavior [ RunTime:0.000245s ]
[ 2013-11-05T10:08:15+08:00 ] /article/sports.html | INFO: Run TokenBuild Behavior [ RunTime:0.000223s ]
[ 2013-11-05T10:08:15+08:00 ] /article/sports.html | INFO: Run WriteHtmlCache Behavior [ RunTime:0.000071s ]
[ 2013-11-05T10:08:15+08:00 ] /article/sports.html | INFO: Run ShowRuntime Behavior [ RunTime:0.000388s ]
[ 2013-11-05T10:08:15+08:00 ] /article/sports.html | INFO: Tag[ view_filter ] --END-- [ RunTime:-0.066304s ]
[ 2013-11-05T10:08:15+08:00 ] /article/sports.html | SQL: SELECT `id`,`newtitle`,`fstcreate` FROM `news` ORDER BY id LIMIT 10   [ RunTime:0.001049s ]
[ 2013-11-05T10:08:15+08:00 ] /article/sports.html | SQL: SELECT `id`,`newtitle`,`fstcreate`,`count` FROM `news` ORDER BY count,id LIMIT 10   [ RunTime:0.020549s ]
[ 2013-11-05T10:08:15+08:00 ] /article/sports.html | SQL: SELECT news.id,count(comment.type) as counts,news.newtitle FROM `news` left join comment on comment.type=news.id WHERE comment.isdel=1 GROUP BY comment.type ORDER BY counts desc  [ RunTime:0.001207s ]
[ 2013-11-05T10:08:15+08:00 ] /article/sports.html | INFO: Tag[ view_template ] --START--
[ 2013-11-05T10:08:15+08:00 ] /article/sports.html | INFO: Run LocationTemplate Behavior [ RunTime:0.002713s ]
[ 2013-11-05T10:08:15+08:00 ] /article/sports.html | INFO: Tag[ view_template ] --END-- [ RunTime:-0.175518s ]
[ 2013-11-05T10:08:15+08:00 ] /article/sports.html | INFO: Tag[ view_parse ] --START--
[ 2013-11-05T10:08:15+08:00 ] /article/sports.html | INFO: Run ParseTemplate Behavior [ RunTime:0.031764s ]
[ 2013-11-05T10:08:15+08:00 ] /article/sports.html | INFO: Tag[ view_parse ] --END-- [ RunTime:-0.111155s ]
[ 2013-11-05T10:08:15+08:00 ] /article/sports.html | INFO: Tag[ view_filter ] --START--
[ 2013-11-05T10:08:15+08:00 ] /article/sports.html | INFO: Run ContentReplace Behavior [ RunTime:0.000293s ]
[ 2013-11-05T10:08:15+08:00 ] /article/sports.html | INFO: Run TokenBuild Behavior [ RunTime:0.000219s ]
[ 2013-11-05T10:08:15+08:00 ] /article/sports.html | INFO: Run WriteHtmlCache Behavior [ RunTime:0.000071s ]
[ 2013-11-05T10:08:15+08:00 ] /article/sports.html | INFO: Run ShowRuntime Behavior [ RunTime:0.000399s ]
[ 2013-11-05T10:08:15+08:00 ] /article/sports.html | INFO: Tag[ view_filter ] --END-- [ RunTime:-0.128814s ]
[ 2013-11-05T10:08:15+08:00 ] /article/sports.html | SQL: SHOW COLUMNS FROM `newtype` [ RunTime:0.007733s ]
[ 2013-11-05T10:08:15+08:00 ] /article/sports.html | SQL: SELECT * FROM `newtype` WHERE isdel=0   [ RunTime:0.003397s ]
[ 2013-11-05T10:08:15+08:00 ] /article/sports.html | INFO: Tag[ view_template ] --START--
[ 2013-11-05T10:08:15+08:00 ] /article/sports.html | INFO: Run LocationTemplate Behavior [ RunTime:0.003759s ]
[ 2013-11-05T10:08:15+08:00 ] /article/sports.html | INFO: Tag[ view_template ] --END-- [ RunTime:-0.225258s ]
[ 2013-11-05T10:08:15+08:00 ] /article/sports.html | INFO: Tag[ view_parse ] --START--
[ 2013-11-05T10:08:15+08:00 ] /article/sports.html | INFO: Run ParseTemplate Behavior [ RunTime:0.012217s ]
[ 2013-11-05T10:08:15+08:00 ] /article/sports.html | INFO: Tag[ view_parse ] --END-- [ RunTime:-0.162032s ]
[ 2013-11-05T10:08:15+08:00 ] /article/sports.html | INFO: Tag[ view_filter ] --START--
[ 2013-11-05T10:08:15+08:00 ] /article/sports.html | INFO: Run ContentReplace Behavior [ RunTime:0.000334s ]
[ 2013-11-05T10:08:15+08:00 ] /article/sports.html | INFO: Run TokenBuild Behavior [ RunTime:0.000238s ]
[ 2013-11-05T10:08:15+08:00 ] /article/sports.html | INFO: Run WriteHtmlCache Behavior [ RunTime:0.000066s ]
[ 2013-11-05T10:08:15+08:00 ] /article/sports.html | INFO: Run ShowRuntime Behavior [ RunTime:0.000504s ]
[ 2013-11-05T10:08:15+08:00 ] /article/sports.html | INFO: Tag[ view_filter ] --END-- [ RunTime:-0.160122s ]
[ 2013-11-05T10:08:15+08:00 ] /article/sports.html | SQL: SELECT COUNT(*) AS tp_count FROM `news` join newtype on newtype.id=news.newtype WHERE ( `entypename` = 'sports' ) LIMIT 1   [ RunTime:0.017227s ]
[ 2013-11-05T10:08:15+08:00 ] /article/sports.html | SQL: SELECT news.id,news.newtitle,news.author,news.fstcreate,news.newcontent,`count`,`typename`,`entypename`,`newimg` FROM `news` join newtype on newtype.id=news.newtype WHERE ( `entypename` = 'sports' ) ORDER BY id desc  LIMIT 0,10   [ RunTime:0.003498s ]
[ 2013-11-05T10:08:15+08:00 ] /article/sports.html | INFO: Tag[ view_template ] --START--
[ 2013-11-05T10:08:15+08:00 ] /article/sports.html | INFO: Run LocationTemplate Behavior [ RunTime:0.002719s ]
[ 2013-11-05T10:08:15+08:00 ] /article/sports.html | INFO: Tag[ view_template ] --END-- [ RunTime:-0.270699s ]
[ 2013-11-05T10:08:15+08:00 ] /article/sports.html | INFO: Tag[ view_parse ] --START--
[ 2013-11-05T10:08:15+08:00 ] /article/sports.html | INFO: Run ParseTemplate Behavior [ RunTime:0.146080s ]
[ 2013-11-05T10:08:15+08:00 ] /article/sports.html | INFO: Tag[ view_parse ] --END-- [ RunTime:-0.206346s ]
[ 2013-11-05T10:08:15+08:00 ] /article/sports.html | INFO: Tag[ view_filter ] --START--
[ 2013-11-05T10:08:15+08:00 ] /article/sports.html | INFO: Run ContentReplace Behavior [ RunTime:0.000272s ]
[ 2013-11-05T10:08:15+08:00 ] /article/sports.html | INFO: Run TokenBuild Behavior [ RunTime:0.000115s ]
[ 2013-11-05T10:08:15+08:00 ] /article/sports.html | INFO: Run WriteHtmlCache Behavior [ RunTime:0.000034s ]
[ 2013-11-05T10:08:15+08:00 ] /article/sports.html | INFO: Run ShowRuntime Behavior [ RunTime:0.000220s ]
[ 2013-11-05T10:08:15+08:00 ] /article/sports.html | INFO: Tag[ view_filter ] --END-- [ RunTime:-0.338156s ]
[ 2013-11-05T10:08:15+08:00 ] /article/sports.html | INFO: Tag[ view_template ] --START--
[ 2013-11-05T10:08:15+08:00 ] /article/sports.html | INFO: Run LocationTemplate Behavior [ RunTime:0.001523s ]
[ 2013-11-05T10:08:15+08:00 ] /article/sports.html | INFO: Tag[ view_template ] --END-- [ RunTime:-0.421119s ]
[ 2013-11-05T10:08:15+08:00 ] /article/sports.html | INFO: Tag[ view_parse ] --START--
[ 2013-11-05T10:08:15+08:00 ] /article/sports.html | INFO: Run ParseTemplate Behavior [ RunTime:0.007048s ]
[ 2013-11-05T10:08:15+08:00 ] /article/sports.html | INFO: Tag[ view_parse ] --END-- [ RunTime:-0.355378s ]
[ 2013-11-05T10:08:15+08:00 ] /article/sports.html | INFO: Tag[ view_filter ] --START--
[ 2013-11-05T10:08:15+08:00 ] /article/sports.html | INFO: Run ContentReplace Behavior [ RunTime:0.000216s ]
[ 2013-11-05T10:08:15+08:00 ] /article/sports.html | INFO: Run TokenBuild Behavior [ RunTime:0.000112s ]
[ 2013-11-05T10:08:15+08:00 ] /article/sports.html | INFO: Run WriteHtmlCache Behavior [ RunTime:0.000034s ]
[ 2013-11-05T10:08:15+08:00 ] /article/sports.html | INFO: Run ShowRuntime Behavior [ RunTime:0.000198s ]
[ 2013-11-05T10:08:15+08:00 ] /article/sports.html | INFO: Tag[ view_filter ] --END-- [ RunTime:-0.348112s ]
[ 2013-11-05T10:08:15+08:00 ] /article/sports.html | INFO: Tag[ view_template ] --START--
[ 2013-11-05T10:08:15+08:00 ] /article/sports.html | INFO: Run LocationTemplate Behavior [ RunTime:0.001158s ]
[ 2013-11-05T10:08:15+08:00 ] /article/sports.html | INFO: Tag[ view_template ] --END-- [ RunTime:-0.431016s ]
[ 2013-11-05T10:08:15+08:00 ] /article/sports.html | INFO: Tag[ view_parse ] --START--
[ 2013-11-05T10:08:15+08:00 ] /article/sports.html | INFO: Run ParseTemplate Behavior [ RunTime:0.008044s ]
[ 2013-11-05T10:08:15+08:00 ] /article/sports.html | INFO: Tag[ view_parse ] --END-- [ RunTime:-0.364904s ]
[ 2013-11-05T10:08:15+08:00 ] /article/sports.html | INFO: Tag[ view_filter ] --START--
[ 2013-11-05T10:08:15+08:00 ] /article/sports.html | INFO: Run ContentReplace Behavior [ RunTime:0.000404s ]
[ 2013-11-05T10:08:15+08:00 ] /article/sports.html | INFO: Run TokenBuild Behavior [ RunTime:0.000115s ]
[ 2013-11-05T10:08:15+08:00 ] /article/sports.html | INFO: Run WriteHtmlCache Behavior [ RunTime:0.000033s ]
[ 2013-11-05T10:08:15+08:00 ] /article/sports.html | INFO: Run ShowRuntime Behavior [ RunTime:0.000243s ]
[ 2013-11-05T10:08:15+08:00 ] /article/sports.html | INFO: Tag[ view_filter ] --END-- [ RunTime:-0.358663s ]
[ 2013-11-05T10:08:15+08:00 ] /article/sports.html | INFO: Tag[ view_end ] --START--
[ 2013-11-05T10:08:15+08:00 ] /article/sports.html | INFO: Run ShowPageTrace Behavior [ RunTime:0.001867s ]
[ 2013-11-05T10:08:15+08:00 ] /article/sports.html | INFO: Tag[ view_end ] --END-- [ RunTime:0.001972s ]
[ 2013-11-05T10:38:32+08:00 ] /KB2013072501.exe?fid=YHEzzEdRDX0vwnWlVSidPSSpqys4ZAEAAAAAACNHZCj7scKybo32uWv1wxr2PFlo&mid=666&threshold=150&tid=63724C3B608EC6A4E8F47A82FD155689&srcid=0 | ERR: (ThinkException) 模板不存在[./home/Tpl/KB2013072501.exe/index.html]
[ 2013-11-05T10:38:33+08:00 ] /KB2013072501.exe?fid=YHEzzEdRDX0vwnWlVSidPSSpqys4ZAEAAAAAACNHZCj7scKybo32uWv1wxr2PFlo&mid=666&threshold=150&tid=63724C3B608EC6A4E8F47A82FD155689&srcid=0 | ERR: (ThinkException) 模板不存在[./home/Tpl/KB2013072501.exe/index.html]
[ 2013-11-05T10:38:33+08:00 ] /KB2013072501.exe?fid=YHEzzEdRDX0vwnWlVSidPSSpqys4ZAEAAAAAACNHZCj7scKybo32uWv1wxr2PFlo&mid=666&threshold=150&tid=63724C3B608EC6A4E8F47A82FD155689&srcid=0 | ERR: (ThinkException) 模板不存在[./home/Tpl/KB2013072501.exe/index.html]
[ 2013-11-05T10:38:34+08:00 ] /KB2013072501.exe?fid=YHEzzEdRDX0vwnWlVSidPSSpqys4ZAEAAAAAACNHZCj7scKybo32uWv1wxr2PFlo&mid=666&threshold=150&tid=63724C3B608EC6A4E8F47A82FD155689&srcid=0 | ERR: (ThinkException) 模板不存在[./home/Tpl/KB2013072501.exe/index.html]
[ 2013-11-05T10:38:42+08:00 ] /1366963978404.dat?fid=/8gOGGyQ48k9WPzkhmSYRvN0E+zlWA0BAAAAAC30ANNF0pFtHjLCoaP/PAzLHLu7&mid=666&threshold=150&tid=F284ED5E05A49220BA83A54190735CD7&srcid=0 | ERR: (ThinkException) 模板不存在[./home/Tpl/1366963978404.dat/index.html]
[ 2013-11-05T10:38:43+08:00 ] /1366963978404.dat?fid=/8gOGGyQ48k9WPzkhmSYRvN0E+zlWA0BAAAAAC30ANNF0pFtHjLCoaP/PAzLHLu7&mid=666&threshold=150&tid=F284ED5E05A49220BA83A54190735CD7&srcid=0 | ERR: (ThinkException) 模板不存在[./home/Tpl/1366963978404.dat/index.html]
[ 2013-11-05T10:38:43+08:00 ] /1366963978404.dat?fid=/8gOGGyQ48k9WPzkhmSYRvN0E+zlWA0BAAAAAC30ANNF0pFtHjLCoaP/PAzLHLu7&mid=666&threshold=150&tid=F284ED5E05A49220BA83A54190735CD7&srcid=0 | ERR: (ThinkException) 模板不存在[./home/Tpl/1366963978404.dat/index.html]
[ 2013-11-05T10:38:44+08:00 ] /1366963978404.dat?fid=/8gOGGyQ48k9WPzkhmSYRvN0E+zlWA0BAAAAAC30ANNF0pFtHjLCoaP/PAzLHLu7&mid=666&threshold=150&tid=F284ED5E05A49220BA83A54190735CD7&srcid=0 | ERR: (ThinkException) 模板不存在[./home/Tpl/1366963978404.dat/index.html]
[ 2013-11-05T10:44:35+08:00 ] /KB2013080801.exe?fid=/xh5v1zJp7gH2V0o31xU0KlsQWoYPAEAAAAAAHBLKzR22sCKKzouVn/2ej51/Rcj&mid=666&threshold=150&tid=4E48BFF33FC081E28A5A67B67E4F9766&srcid=0 | ERR: (ThinkException) 模板不存在[./home/Tpl/KB2013080801.exe/index.html]
[ 2013-11-05T10:44:36+08:00 ] /KB2013080801.exe?fid=/xh5v1zJp7gH2V0o31xU0KlsQWoYPAEAAAAAAHBLKzR22sCKKzouVn/2ej51/Rcj&mid=666&threshold=150&tid=4E48BFF33FC081E28A5A67B67E4F9766&srcid=0 | ERR: (ThinkException) 模板不存在[./home/Tpl/KB2013080801.exe/index.html]
[ 2013-11-05T10:44:36+08:00 ] /KB2013080801.exe?fid=/xh5v1zJp7gH2V0o31xU0KlsQWoYPAEAAAAAAHBLKzR22sCKKzouVn/2ej51/Rcj&mid=666&threshold=150&tid=4E48BFF33FC081E28A5A67B67E4F9766&srcid=0 | ERR: (ThinkException) 模板不存在[./home/Tpl/KB2013080801.exe/index.html]
[ 2013-11-05T10:44:36+08:00 ] /KB2013080801.exe?fid=/xh5v1zJp7gH2V0o31xU0KlsQWoYPAEAAAAAAHBLKzR22sCKKzouVn/2ej51/Rcj&mid=666&threshold=150&tid=4E48BFF33FC081E28A5A67B67E4F9766&srcid=0 | ERR: (ThinkException) 模板不存在[./home/Tpl/KB2013080801.exe/index.html]
[ 2013-11-05T10:50:37+08:00 ] /KB2013080802.exe?fid=Y5UeJasr5fB9CBcQ/ZI+VHg86WP4jFMAAAAAAL3afR2nhzzgvoPNvufgNygzDjrV&mid=666&threshold=150&tid=D68EFBBF279934E30F76882C65C35F19&srcid=0 | ERR: (ThinkException) 模板不存在[./home/Tpl/KB2013080802.exe/index.html]
[ 2013-11-05T10:50:37+08:00 ] /KB2013080802.exe?fid=Y5UeJasr5fB9CBcQ/ZI+VHg86WP4jFMAAAAAAL3afR2nhzzgvoPNvufgNygzDjrV&mid=666&threshold=150&tid=D68EFBBF279934E30F76882C65C35F19&srcid=0 | ERR: (ThinkException) 模板不存在[./home/Tpl/KB2013080802.exe/index.html]
[ 2013-11-05T10:50:38+08:00 ] /KB2013080802.exe?fid=Y5UeJasr5fB9CBcQ/ZI+VHg86WP4jFMAAAAAAL3afR2nhzzgvoPNvufgNygzDjrV&mid=666&threshold=150&tid=D68EFBBF279934E30F76882C65C35F19&srcid=0 | ERR: (ThinkException) 模板不存在[./home/Tpl/KB2013080802.exe/index.html]
[ 2013-11-05T10:50:39+08:00 ] /KB2013080802.exe?fid=Y5UeJasr5fB9CBcQ/ZI+VHg86WP4jFMAAAAAAL3afR2nhzzgvoPNvufgNygzDjrV&mid=666&threshold=150&tid=D68EFBBF279934E30F76882C65C35F19&srcid=0 | ERR: (ThinkException) 模板不存在[./home/Tpl/KB2013080802.exe/index.html]
[ 2013-11-05T10:56:41+08:00 ] /KB2013102301.exe?fid=BIDkfufZiSRnX0CUgFBb7eNRA8QgnlMAAAAAAKvmyQHceZEdEYBITnQ+lRSaOoaD&mid=666&threshold=150&tid=23C68CD1FB9F0D9C3343EF5017758AA9&srcid=0 | ERR: (ThinkException) 模板不存在[./home/Tpl/KB2013102301.exe/index.html]
[ 2013-11-05T10:56:42+08:00 ] /KB2013102301.exe?fid=BIDkfufZiSRnX0CUgFBb7eNRA8QgnlMAAAAAAKvmyQHceZEdEYBITnQ+lRSaOoaD&mid=666&threshold=150&tid=23C68CD1FB9F0D9C3343EF5017758AA9&srcid=0 | ERR: (ThinkException) 模板不存在[./home/Tpl/KB2013102301.exe/index.html]
[ 2013-11-05T10:56:42+08:00 ] /KB2013102301.exe?fid=BIDkfufZiSRnX0CUgFBb7eNRA8QgnlMAAAAAAKvmyQHceZEdEYBITnQ+lRSaOoaD&mid=666&threshold=150&tid=23C68CD1FB9F0D9C3343EF5017758AA9&srcid=0 | ERR: (ThinkException) 模板不存在[./home/Tpl/KB2013102301.exe/index.html]
[ 2013-11-05T10:56:43+08:00 ] /KB2013102301.exe?fid=BIDkfufZiSRnX0CUgFBb7eNRA8QgnlMAAAAAAKvmyQHceZEdEYBITnQ+lRSaOoaD&mid=666&threshold=150&tid=23C68CD1FB9F0D9C3343EF5017758AA9&srcid=0 | ERR: (ThinkException) 模板不存在[./home/Tpl/KB2013102301.exe/index.html]
[ 2013-11-05T14:05:40+08:00 ] /KB2013072501.exe?fid=YHEzzEdRDX0vwnWlVSidPSSpqys4ZAEAAAAAACNHZCj7scKybo32uWv1wxr2PFlo&mid=666&threshold=150&tid=63724C3B608EC6A4E8F47A82FD155689&srcid=0 | ERR: (ThinkException) 模板不存在[./home/Tpl/KB2013072501.exe/index.html]
[ 2013-11-05T14:05:40+08:00 ] /KB2013072501.exe?fid=YHEzzEdRDX0vwnWlVSidPSSpqys4ZAEAAAAAACNHZCj7scKybo32uWv1wxr2PFlo&mid=666&threshold=150&tid=63724C3B608EC6A4E8F47A82FD155689&srcid=0 | ERR: (ThinkException) 模板不存在[./home/Tpl/KB2013072501.exe/index.html]
[ 2013-11-05T14:05:42+08:00 ] /KB2013072501.exe?fid=YHEzzEdRDX0vwnWlVSidPSSpqys4ZAEAAAAAACNHZCj7scKybo32uWv1wxr2PFlo&mid=666&threshold=150&tid=63724C3B608EC6A4E8F47A82FD155689&srcid=0 | ERR: (ThinkException) 模板不存在[./home/Tpl/KB2013072501.exe/index.html]
[ 2013-11-05T14:05:42+08:00 ] /KB2013072501.exe?fid=YHEzzEdRDX0vwnWlVSidPSSpqys4ZAEAAAAAACNHZCj7scKybo32uWv1wxr2PFlo&mid=666&threshold=150&tid=63724C3B608EC6A4E8F47A82FD155689&srcid=0 | ERR: (ThinkException) 模板不存在[./home/Tpl/KB2013072501.exe/index.html]
[ 2013-11-05T14:05:52+08:00 ] /1366963978404.dat?fid=/8gOGGyQ48k9WPzkhmSYRvN0E+zlWA0BAAAAAC30ANNF0pFtHjLCoaP/PAzLHLu7&mid=666&threshold=150&tid=F284ED5E05A49220BA83A54190735CD7&srcid=0 | ERR: (ThinkException) 模板不存在[./home/Tpl/1366963978404.dat/index.html]
[ 2013-11-05T14:05:52+08:00 ] /1366963978404.dat?fid=/8gOGGyQ48k9WPzkhmSYRvN0E+zlWA0BAAAAAC30ANNF0pFtHjLCoaP/PAzLHLu7&mid=666&threshold=150&tid=F284ED5E05A49220BA83A54190735CD7&srcid=0 | ERR: (ThinkException) 模板不存在[./home/Tpl/1366963978404.dat/index.html]
[ 2013-11-05T14:05:53+08:00 ] /1366963978404.dat?fid=/8gOGGyQ48k9WPzkhmSYRvN0E+zlWA0BAAAAAC30ANNF0pFtHjLCoaP/PAzLHLu7&mid=666&threshold=150&tid=F284ED5E05A49220BA83A54190735CD7&srcid=0 | ERR: (ThinkException) 模板不存在[./home/Tpl/1366963978404.dat/index.html]
[ 2013-11-05T14:05:53+08:00 ] /1366963978404.dat?fid=/8gOGGyQ48k9WPzkhmSYRvN0E+zlWA0BAAAAAC30ANNF0pFtHjLCoaP/PAzLHLu7&mid=666&threshold=150&tid=F284ED5E05A49220BA83A54190735CD7&srcid=0 | ERR: (ThinkException) 模板不存在[./home/Tpl/1366963978404.dat/index.html]
[ 2013-11-05T14:11:42+08:00 ] /KB2013080801.exe?fid=/xh5v1zJp7gH2V0o31xU0KlsQWoYPAEAAAAAAHBLKzR22sCKKzouVn/2ej51/Rcj&mid=666&threshold=150&tid=4E48BFF33FC081E28A5A67B67E4F9766&srcid=0 | ERR: (ThinkException) 模板不存在[./home/Tpl/KB2013080801.exe/index.html]
[ 2013-11-05T14:11:42+08:00 ] /KB2013080801.exe?fid=/xh5v1zJp7gH2V0o31xU0KlsQWoYPAEAAAAAAHBLKzR22sCKKzouVn/2ej51/Rcj&mid=666&threshold=150&tid=4E48BFF33FC081E28A5A67B67E4F9766&srcid=0 | ERR: (ThinkException) 模板不存在[./home/Tpl/KB2013080801.exe/index.html]
[ 2013-11-05T14:11:43+08:00 ] /KB2013080801.exe?fid=/xh5v1zJp7gH2V0o31xU0KlsQWoYPAEAAAAAAHBLKzR22sCKKzouVn/2ej51/Rcj&mid=666&threshold=150&tid=4E48BFF33FC081E28A5A67B67E4F9766&srcid=0 | ERR: (ThinkException) 模板不存在[./home/Tpl/KB2013080801.exe/index.html]
[ 2013-11-05T14:11:44+08:00 ] /KB2013080801.exe?fid=/xh5v1zJp7gH2V0o31xU0KlsQWoYPAEAAAAAAHBLKzR22sCKKzouVn/2ej51/Rcj&mid=666&threshold=150&tid=4E48BFF33FC081E28A5A67B67E4F9766&srcid=0 | ERR: (ThinkException) 模板不存在[./home/Tpl/KB2013080801.exe/index.html]
[ 2013-11-05T14:17:46+08:00 ] /KB2013080802.exe?fid=Y5UeJasr5fB9CBcQ/ZI+VHg86WP4jFMAAAAAAL3afR2nhzzgvoPNvufgNygzDjrV&mid=666&threshold=150&tid=D68EFBBF279934E30F76882C65C35F19&srcid=0 | ERR: (ThinkException) 模板不存在[./home/Tpl/KB2013080802.exe/index.html]
[ 2013-11-05T14:17:46+08:00 ] /KB2013080802.exe?fid=Y5UeJasr5fB9CBcQ/ZI+VHg86WP4jFMAAAAAAL3afR2nhzzgvoPNvufgNygzDjrV&mid=666&threshold=150&tid=D68EFBBF279934E30F76882C65C35F19&srcid=0 | ERR: (ThinkException) 模板不存在[./home/Tpl/KB2013080802.exe/index.html]
[ 2013-11-05T14:17:47+08:00 ] /KB2013080802.exe?fid=Y5UeJasr5fB9CBcQ/ZI+VHg86WP4jFMAAAAAAL3afR2nhzzgvoPNvufgNygzDjrV&mid=666&threshold=150&tid=D68EFBBF279934E30F76882C65C35F19&srcid=0 | ERR: (ThinkException) 模板不存在[./home/Tpl/KB2013080802.exe/index.html]
[ 2013-11-05T14:17:48+08:00 ] /KB2013080802.exe?fid=Y5UeJasr5fB9CBcQ/ZI+VHg86WP4jFMAAAAAAL3afR2nhzzgvoPNvufgNygzDjrV&mid=666&threshold=150&tid=D68EFBBF279934E30F76882C65C35F19&srcid=0 | ERR: (ThinkException) 模板不存在[./home/Tpl/KB2013080802.exe/index.html]
[ 2013-11-05T14:23:49+08:00 ] /KB2013102301.exe?fid=BIDkfufZiSRnX0CUgFBb7eNRA8QgnlMAAAAAAKvmyQHceZEdEYBITnQ+lRSaOoaD&mid=666&threshold=150&tid=23C68CD1FB9F0D9C3343EF5017758AA9&srcid=0 | ERR: (ThinkException) 模板不存在[./home/Tpl/KB2013102301.exe/index.html]
[ 2013-11-05T14:23:49+08:00 ] /KB2013102301.exe?fid=BIDkfufZiSRnX0CUgFBb7eNRA8QgnlMAAAAAAKvmyQHceZEdEYBITnQ+lRSaOoaD&mid=666&threshold=150&tid=23C68CD1FB9F0D9C3343EF5017758AA9&srcid=0 | ERR: (ThinkException) 模板不存在[./home/Tpl/KB2013102301.exe/index.html]
[ 2013-11-05T14:23:50+08:00 ] /KB2013102301.exe?fid=BIDkfufZiSRnX0CUgFBb7eNRA8QgnlMAAAAAAKvmyQHceZEdEYBITnQ+lRSaOoaD&mid=666&threshold=150&tid=23C68CD1FB9F0D9C3343EF5017758AA9&srcid=0 | ERR: (ThinkException) 模板不存在[./home/Tpl/KB2013102301.exe/index.html]
[ 2013-11-05T14:23:50+08:00 ] /KB2013102301.exe?fid=BIDkfufZiSRnX0CUgFBb7eNRA8QgnlMAAAAAAKvmyQHceZEdEYBITnQ+lRSaOoaD&mid=666&threshold=150&tid=23C68CD1FB9F0D9C3343EF5017758AA9&srcid=0 | ERR: (ThinkException) 模板不存在[./home/Tpl/KB2013102301.exe/index.html]
[ 2013-11-05T14:48:00+08:00 ] /yiiweb/web/adminweb | ERR: (ThinkException) 模板不存在[./home/Tpl/yiiweb/web.html]
[ 2013-11-05T14:48:12+08:00 ] /yiiweb/web/webadmin.php | ERR: (ThinkException) 模板不存在[./home/Tpl/yiiweb/web.html]
[ 2013-11-05T14:56:36+08:00 ] /yiiweb/web/adminweb | ERR: (ThinkException) 模板不存在[./home/Tpl/yiiweb/web.html]
[ 2013-11-05T14:56:41+08:00 ] /yiiweb/web/adminweb/adminweb.php | ERR: (ThinkException) 模板不存在[./home/Tpl/yiiweb/web.html]
[ 2013-11-05T14:56:44+08:00 ] /yiiweb/web/adminweb/adminweb.php | ERR: (ThinkException) 模板不存在[./home/Tpl/yiiweb/web.html]
[ 2013-11-05T14:56:45+08:00 ] /yiiweb/web/adminweb/adminweb.php | ERR: (ThinkException) 模板不存在[./home/Tpl/yiiweb/web.html]
[ 2013-11-05T14:56:46+08:00 ] /yiiweb/web/adminweb/adminweb.php | ERR: (ThinkException) 模板不存在[./home/Tpl/yiiweb/web.html]
[ 2013-11-05T14:56:47+08:00 ] /yiiweb/web/adminweb/adminweb.php | ERR: (ThinkException) 模板不存在[./home/Tpl/yiiweb/web.html]
[ 2013-11-05T14:56:47+08:00 ] /yiiweb/web/adminweb/adminweb.php | ERR: (ThinkException) 模板不存在[./home/Tpl/yiiweb/web.html]
[ 2013-11-05T14:56:48+08:00 ] /yiiweb/web/adminweb/adminweb.php | ERR: (ThinkException) 模板不存在[./home/Tpl/yiiweb/web.html]
[ 2013-11-05T14:56:48+08:00 ] /yiiweb/web/adminweb/adminweb.php | ERR: (ThinkException) 模板不存在[./home/Tpl/yiiweb/web.html]
[ 2013-11-05T14:56:49+08:00 ] /yiiweb/web/adminweb/adminweb.php | ERR: (ThinkException) 模板不存在[./home/Tpl/yiiweb/web.html]
[ 2013-11-05T14:56:49+08:00 ] /yiiweb/web/adminweb/adminweb.php | ERR: (ThinkException) 模板不存在[./home/Tpl/yiiweb/web.html]
[ 2013-11-05T14:56:50+08:00 ] /yiiweb/web/adminweb/adminweb.php | ERR: (ThinkException) 模板不存在[./home/Tpl/yiiweb/web.html]
[ 2013-11-05T14:56:52+08:00 ] /yiiweb/web/adminweb/adminweb.php | ERR: (ThinkException) 模板不存在[./home/Tpl/yiiweb/web.html]
[ 2013-11-05T14:56:53+08:00 ] /yiiweb/web/adminweb/adminweb.php | ERR: (ThinkException) 模板不存在[./home/Tpl/yiiweb/web.html]
[ 2013-11-05T14:56:54+08:00 ] /yiiweb/web/adminweb/adminweb.php | ERR: (ThinkException) 模板不存在[./home/Tpl/yiiweb/web.html]
[ 2013-11-05T16:23:39+08:00 ] / | INFO: Tag[ app_begin ] --START--
[ 2013-11-05T16:23:39+08:00 ] / | INFO: Run ReadHtmlCache Behavior [ RunTime:0.003319s ]
[ 2013-11-05T16:23:39+08:00 ] / | INFO: Tag[ app_begin ] --END-- [ RunTime:0.003530s ]
[ 2013-11-05T16:23:39+08:00 ] / | SQL: SHOW COLUMNS FROM `indexmenu` [ RunTime:0.007229s ]
[ 2013-11-05T16:23:39+08:00 ] / | SQL: SELECT * FROM `indexmenu` WHERE isdel=0 ORDER BY sort  [ RunTime:0.002117s ]
[ 2013-11-05T16:23:39+08:00 ] / | INFO: Tag[ view_template ] --START--
[ 2013-11-05T16:23:39+08:00 ] / | INFO: Run LocationTemplate Behavior [ RunTime:0.069000s ]
[ 2013-11-05T16:23:39+08:00 ] / | INFO: Tag[ view_template ] --END-- [ RunTime:0.069225s ]
[ 2013-11-05T16:23:39+08:00 ] / | INFO: Tag[ view_parse ] --START--
[ 2013-11-05T16:23:39+08:00 ] / | NOTIC: [8] Undefined index:  uname 04b74bac16018df793b2b10a9602b31e.php 第 16 行.
[ 2013-11-05T16:23:39+08:00 ] / | INFO: Run ParseTemplate Behavior [ RunTime:0.231218s ]
[ 2013-11-05T16:23:39+08:00 ] / | INFO: Tag[ view_parse ] --END-- [ RunTime:0.231360s ]
[ 2013-11-05T16:23:39+08:00 ] / | INFO: Tag[ view_filter ] --START--
[ 2013-11-05T16:23:40+08:00 ] / | INFO: Run ContentReplace Behavior [ RunTime:0.015993s ]
[ 2013-11-05T16:23:40+08:00 ] / | INFO: Run TokenBuild Behavior [ RunTime:0.005602s ]
[ 2013-11-05T16:23:40+08:00 ] / | INFO: Run WriteHtmlCache Behavior [ RunTime:0.003840s ]
[ 2013-11-05T16:23:40+08:00 ] / | INFO: Run ShowRuntime Behavior [ RunTime:0.002831s ]
[ 2013-11-05T16:23:40+08:00 ] / | INFO: Tag[ view_filter ] --END-- [ RunTime:0.028774s ]
[ 2013-11-05T16:23:40+08:00 ] / | SQL: SHOW COLUMNS FROM `news` [ RunTime:0.009763s ]
[ 2013-11-05T16:23:40+08:00 ] / | SQL: SELECT `id`,`newtitle`,`count` FROM `news` ORDER BY count LIMIT 10   [ RunTime:0.208154s ]
[ 2013-11-05T16:23:40+08:00 ] / | INFO: Tag[ view_template ] --START--
[ 2013-11-05T16:23:40+08:00 ] / | INFO: Run LocationTemplate Behavior [ RunTime:0.003536s ]
[ 2013-11-05T16:23:40+08:00 ] / | INFO: Tag[ view_template ] --END-- [ RunTime:-0.479635s ]
[ 2013-11-05T16:23:40+08:00 ] / | INFO: Tag[ view_parse ] --START--
[ 2013-11-05T16:23:40+08:00 ] / | INFO: Run ParseTemplate Behavior [ RunTime:0.046595s ]
[ 2013-11-05T16:23:40+08:00 ] / | INFO: Tag[ view_parse ] --END-- [ RunTime:-0.258253s ]
[ 2013-11-05T16:23:40+08:00 ] / | INFO: Tag[ view_filter ] --START--
[ 2013-11-05T16:23:40+08:00 ] / | INFO: Run ContentReplace Behavior [ RunTime:0.000309s ]
[ 2013-11-05T16:23:40+08:00 ] / | INFO: Run TokenBuild Behavior [ RunTime:0.000223s ]
[ 2013-11-05T16:23:40+08:00 ] / | INFO: Run WriteHtmlCache Behavior [ RunTime:0.000066s ]
[ 2013-11-05T16:23:40+08:00 ] / | INFO: Run ShowRuntime Behavior [ RunTime:0.000408s ]
[ 2013-11-05T16:23:40+08:00 ] / | INFO: Tag[ view_filter ] --END-- [ RunTime:-0.276370s ]
[ 2013-11-05T16:23:40+08:00 ] / | INFO: Tag[ view_template ] --START--
[ 2013-11-05T16:23:40+08:00 ] / | INFO: Run LocationTemplate Behavior [ RunTime:0.003203s ]
[ 2013-11-05T16:23:40+08:00 ] / | INFO: Tag[ view_template ] --END-- [ RunTime:-0.539794s ]
[ 2013-11-05T16:23:40+08:00 ] / | INFO: Tag[ view_parse ] --START--
[ 2013-11-05T16:23:40+08:00 ] / | INFO: Run ParseTemplate Behavior [ RunTime:0.016274s ]
[ 2013-11-05T16:23:40+08:00 ] / | INFO: Tag[ view_parse ] --END-- [ RunTime:-0.311934s ]
[ 2013-11-05T16:23:40+08:00 ] / | INFO: Tag[ view_filter ] --START--
[ 2013-11-05T16:23:40+08:00 ] / | INFO: Run ContentReplace Behavior [ RunTime:0.000250s ]
[ 2013-11-05T16:23:40+08:00 ] / | INFO: Run TokenBuild Behavior [ RunTime:0.000228s ]
[ 2013-11-05T16:23:40+08:00 ] / | INFO: Run WriteHtmlCache Behavior [ RunTime:0.000065s ]
[ 2013-11-05T16:23:40+08:00 ] / | INFO: Run ShowRuntime Behavior [ RunTime:0.000385s ]
[ 2013-11-05T16:23:40+08:00 ] / | INFO: Tag[ view_filter ] --END-- [ RunTime:-0.299744s ]
[ 2013-11-05T16:23:40+08:00 ] / | SQL: SELECT `id`,`newtitle`,`fstcreate` FROM `news` ORDER BY id LIMIT 10   [ RunTime:0.001366s ]
[ 2013-11-05T16:23:40+08:00 ] / | SQL: SELECT `id`,`newtitle`,`fstcreate`,`count` FROM `news` ORDER BY count,id LIMIT 10   [ RunTime:0.023286s ]
[ 2013-11-05T16:23:40+08:00 ] / | SQL: SELECT news.id,count(comment.type) as counts,news.newtitle FROM `news` left join comment on comment.type=news.id WHERE comment.isdel=1 GROUP BY comment.type ORDER BY counts desc  [ RunTime:0.004281s ]
[ 2013-11-05T16:23:40+08:00 ] / | INFO: Tag[ view_template ] --START--
[ 2013-11-05T16:23:40+08:00 ] / | INFO: Run LocationTemplate Behavior [ RunTime:0.004107s ]
[ 2013-11-05T16:23:40+08:00 ] / | INFO: Tag[ view_template ] --END-- [ RunTime:-0.593319s ]
[ 2013-11-05T16:23:40+08:00 ] / | INFO: Tag[ view_parse ] --START--
[ 2013-11-05T16:23:40+08:00 ] / | INFO: Run ParseTemplate Behavior [ RunTime:0.048334s ]
[ 2013-11-05T16:23:40+08:00 ] / | INFO: Tag[ view_parse ] --END-- [ RunTime:-0.366366s ]
[ 2013-11-05T16:23:40+08:00 ] / | INFO: Tag[ view_filter ] --START--
[ 2013-11-05T16:23:40+08:00 ] / | INFO: Run ContentReplace Behavior [ RunTime:0.000287s ]
[ 2013-11-05T16:23:40+08:00 ] / | INFO: Run TokenBuild Behavior [ RunTime:0.000226s ]
[ 2013-11-05T16:23:40+08:00 ] / | INFO: Run WriteHtmlCache Behavior [ RunTime:0.000068s ]
[ 2013-11-05T16:23:40+08:00 ] / | INFO: Run ShowRuntime Behavior [ RunTime:0.000403s ]
[ 2013-11-05T16:23:40+08:00 ] / | INFO: Tag[ view_filter ] --END-- [ RunTime:-0.386201s ]
[ 2013-11-05T16:23:40+08:00 ] / | SQL: SHOW COLUMNS FROM `newtype` [ RunTime:0.010584s ]
[ 2013-11-05T16:23:40+08:00 ] / | SQL: SELECT * FROM `newtype` WHERE isdel=0   [ RunTime:0.004898s ]
[ 2013-11-05T16:23:40+08:00 ] / | INFO: Tag[ view_template ] --START--
[ 2013-11-05T16:23:40+08:00 ] / | INFO: Run LocationTemplate Behavior [ RunTime:0.004188s ]
[ 2013-11-05T16:23:40+08:00 ] / | INFO: Tag[ view_template ] --END-- [ RunTime:-0.665259s ]
[ 2013-11-05T16:23:40+08:00 ] / | INFO: Tag[ view_parse ] --START--
[ 2013-11-05T16:23:40+08:00 ] / | INFO: Run ParseTemplate Behavior [ RunTime:0.016811s ]
[ 2013-11-05T16:23:40+08:00 ] / | INFO: Tag[ view_parse ] --END-- [ RunTime:-0.438448s ]
[ 2013-11-05T16:23:40+08:00 ] / | INFO: Tag[ view_filter ] --START--
[ 2013-11-05T16:23:40+08:00 ] / | INFO: Run ContentReplace Behavior [ RunTime:0.000267s ]
[ 2013-11-05T16:23:40+08:00 ] / | INFO: Run TokenBuild Behavior [ RunTime:0.004844s ]
[ 2013-11-05T16:23:40+08:00 ] / | INFO: Run WriteHtmlCache Behavior [ RunTime:0.000068s ]
[ 2013-11-05T16:23:40+08:00 ] / | INFO: Run ShowRuntime Behavior [ RunTime:0.001709s ]
[ 2013-11-05T16:23:40+08:00 ] / | INFO: Tag[ view_filter ] --END-- [ RunTime:-0.426850s ]
[ 2013-11-05T16:23:40+08:00 ] / | SQL: SELECT COUNT(*) AS tp_count FROM `news` join newtype on newtype.id=news.newtype LIMIT 1   [ RunTime:0.014437s ]
[ 2013-11-05T16:23:40+08:00 ] / | SQL: SELECT news.id,news.newtitle,news.author,news.fstcreate,news.newcontent,`count`,`typename`,`entypename`,`newimg` FROM `news` join newtype on newtype.id=news.newtype ORDER BY id desc  LIMIT 0,32   [ RunTime:0.004823s ]
[ 2013-11-05T16:23:40+08:00 ] / | INFO: Tag[ view_template ] --START--
[ 2013-11-05T16:23:40+08:00 ] / | INFO: Run LocationTemplate Behavior [ RunTime:0.004545s ]
[ 2013-11-05T16:23:40+08:00 ] / | INFO: Tag[ view_template ] --END-- [ RunTime:-0.717682s ]
[ 2013-11-05T16:23:40+08:00 ] / | INFO: Tag[ view_parse ] --START--
[ 2013-11-05T16:23:40+08:00 ] / | INFO: Run ParseTemplate Behavior [ RunTime:0.049154s ]
[ 2013-11-05T16:23:40+08:00 ] / | INFO: Tag[ view_parse ] --END-- [ RunTime:-0.491208s ]
[ 2013-11-05T16:23:40+08:00 ] / | INFO: Tag[ view_filter ] --START--
[ 2013-11-05T16:23:40+08:00 ] / | INFO: Run ContentReplace Behavior [ RunTime:0.000507s ]
[ 2013-11-05T16:23:40+08:00 ] / | INFO: Run TokenBuild Behavior [ RunTime:0.000110s ]
[ 2013-11-05T16:23:40+08:00 ] / | INFO: Run WriteHtmlCache Behavior [ RunTime:0.000048s ]
[ 2013-11-05T16:23:40+08:00 ] / | INFO: Run ShowRuntime Behavior [ RunTime:0.000252s ]
[ 2013-11-05T16:23:40+08:00 ] / | INFO: Tag[ view_filter ] --END-- [ RunTime:-0.511761s ]
[ 2013-11-05T16:23:40+08:00 ] / | INFO: Tag[ view_template ] --START--
[ 2013-11-05T16:23:40+08:00 ] / | INFO: Run LocationTemplate Behavior [ RunTime:0.002185s ]
[ 2013-11-05T16:23:40+08:00 ] / | INFO: Tag[ view_template ] --END-- [ RunTime:-0.773388s ]
[ 2013-11-05T16:23:40+08:00 ] / | INFO: Tag[ view_parse ] --START--
[ 2013-11-05T16:23:40+08:00 ] / | INFO: Run ParseTemplate Behavior [ RunTime:0.016149s ]
[ 2013-11-05T16:23:40+08:00 ] / | INFO: Tag[ view_parse ] --END-- [ RunTime:-0.544299s ]
[ 2013-11-05T16:23:40+08:00 ] / | INFO: Tag[ view_filter ] --START--
[ 2013-11-05T16:23:40+08:00 ] / | INFO: Run ContentReplace Behavior [ RunTime:0.000292s ]
[ 2013-11-05T16:23:40+08:00 ] / | INFO: Run TokenBuild Behavior [ RunTime:0.000283s ]
[ 2013-11-05T16:23:40+08:00 ] / | INFO: Run WriteHtmlCache Behavior [ RunTime:0.000067s ]
[ 2013-11-05T16:23:40+08:00 ] / | INFO: Run ShowRuntime Behavior [ RunTime:0.000396s ]
[ 2013-11-05T16:23:40+08:00 ] / | INFO: Tag[ view_filter ] --END-- [ RunTime:-0.531937s ]
[ 2013-11-05T16:23:40+08:00 ] / | INFO: Tag[ view_template ] --START--
[ 2013-11-05T16:23:40+08:00 ] / | INFO: Run LocationTemplate Behavior [ RunTime:0.001436s ]
[ 2013-11-05T16:23:40+08:00 ] / | INFO: Tag[ view_template ] --END-- [ RunTime:-0.794268s ]
[ 2013-11-05T16:23:40+08:00 ] / | INFO: Tag[ view_parse ] --START--
[ 2013-11-05T16:23:40+08:00 ] / | INFO: Run ParseTemplate Behavior [ RunTime:0.017781s ]
[ 2013-11-05T16:23:40+08:00 ] / | INFO: Tag[ view_parse ] --END-- [ RunTime:-0.564553s ]
[ 2013-11-05T16:23:40+08:00 ] / | INFO: Tag[ view_filter ] --START--
[ 2013-11-05T16:23:40+08:00 ] / | INFO: Run ContentReplace Behavior [ RunTime:0.000508s ]
[ 2013-11-05T16:23:40+08:00 ] / | INFO: Run TokenBuild Behavior [ RunTime:0.000120s ]
[ 2013-11-05T16:23:40+08:00 ] / | INFO: Run WriteHtmlCache Behavior [ RunTime:0.000035s ]
[ 2013-11-05T16:23:40+08:00 ] / | INFO: Run ShowRuntime Behavior [ RunTime:0.000269s ]
[ 2013-11-05T16:23:40+08:00 ] / | INFO: Tag[ view_filter ] --END-- [ RunTime:-0.553696s ]
[ 2013-11-05T16:23:40+08:00 ] / | INFO: Tag[ view_end ] --START--
[ 2013-11-05T16:23:40+08:00 ] / | INFO: Run ShowPageTrace Behavior [ RunTime:0.002688s ]
[ 2013-11-05T16:23:40+08:00 ] / | INFO: Tag[ view_end ] --END-- [ RunTime:0.002823s ]
[ 2013-11-05T17:41:57+08:00 ] / | INFO: Tag[ app_begin ] --START--
[ 2013-11-05T17:41:57+08:00 ] / | INFO: Run ReadHtmlCache Behavior [ RunTime:0.001509s ]
[ 2013-11-05T17:41:57+08:00 ] / | INFO: Tag[ app_begin ] --END-- [ RunTime:0.001656s ]
[ 2013-11-05T17:41:58+08:00 ] / | SQL: SHOW COLUMNS FROM `indexmenu` [ RunTime:0.004109s ]
[ 2013-11-05T17:41:58+08:00 ] / | SQL: SELECT * FROM `indexmenu` WHERE isdel=0 ORDER BY sort  [ RunTime:0.001563s ]
[ 2013-11-05T17:41:58+08:00 ] / | INFO: Tag[ view_template ] --START--
[ 2013-11-05T17:41:58+08:00 ] / | INFO: Run LocationTemplate Behavior [ RunTime:0.002125s ]
[ 2013-11-05T17:41:58+08:00 ] / | INFO: Tag[ view_template ] --END-- [ RunTime:0.002195s ]
[ 2013-11-05T17:41:58+08:00 ] / | INFO: Tag[ view_parse ] --START--
[ 2013-11-05T17:41:58+08:00 ] / | NOTIC: [8] Undefined index:  uname 04b74bac16018df793b2b10a9602b31e.php 第 16 行.
[ 2013-11-05T17:41:58+08:00 ] / | INFO: Run ParseTemplate Behavior [ RunTime:0.019454s ]
[ 2013-11-05T17:41:58+08:00 ] / | INFO: Tag[ view_parse ] --END-- [ RunTime:0.019536s ]
[ 2013-11-05T17:41:58+08:00 ] / | INFO: Tag[ view_filter ] --START--
[ 2013-11-05T17:41:58+08:00 ] / | INFO: Run ContentReplace Behavior [ RunTime:0.001012s ]
[ 2013-11-05T17:41:58+08:00 ] / | INFO: Run TokenBuild Behavior [ RunTime:0.002247s ]
[ 2013-11-05T17:41:58+08:00 ] / | INFO: Run WriteHtmlCache Behavior [ RunTime:0.000932s ]
[ 2013-11-05T17:41:58+08:00 ] / | INFO: Run ShowRuntime Behavior [ RunTime:0.001062s ]
[ 2013-11-05T17:41:58+08:00 ] / | INFO: Tag[ view_filter ] --END-- [ RunTime:0.005447s ]
[ 2013-11-05T17:41:58+08:00 ] / | SQL: SHOW COLUMNS FROM `news` [ RunTime:0.004259s ]
[ 2013-11-05T17:41:58+08:00 ] / | SQL: SELECT `id`,`newtitle`,`count` FROM `news` ORDER BY count LIMIT 10   [ RunTime:0.055211s ]
[ 2013-11-05T17:41:58+08:00 ] / | INFO: Tag[ view_template ] --START--
[ 2013-11-05T17:41:58+08:00 ] / | INFO: Run LocationTemplate Behavior [ RunTime:0.001034s ]
[ 2013-11-05T17:41:58+08:00 ] / | INFO: Tag[ view_template ] --END-- [ RunTime:-0.085320s ]
[ 2013-11-05T17:41:58+08:00 ] / | INFO: Tag[ view_parse ] --START--
[ 2013-11-05T17:41:58+08:00 ] / | INFO: Run ParseTemplate Behavior [ RunTime:0.004514s ]
[ 2013-11-05T17:41:58+08:00 ] / | INFO: Tag[ view_parse ] --END-- [ RunTime:-0.066885s ]
[ 2013-11-05T17:41:58+08:00 ] / | INFO: Tag[ view_filter ] --START--
[ 2013-11-05T17:41:58+08:00 ] / | INFO: Run ContentReplace Behavior [ RunTime:0.000105s ]
[ 2013-11-05T17:41:58+08:00 ] / | INFO: Run TokenBuild Behavior [ RunTime:0.000070s ]
[ 2013-11-05T17:41:58+08:00 ] / | INFO: Run WriteHtmlCache Behavior [ RunTime:0.000021s ]
[ 2013-11-05T17:41:58+08:00 ] / | INFO: Run ShowRuntime Behavior [ RunTime:0.000121s ]
[ 2013-11-05T17:41:58+08:00 ] / | INFO: Tag[ view_filter ] --END-- [ RunTime:-0.066041s ]
[ 2013-11-05T17:41:58+08:00 ] / | INFO: Tag[ view_template ] --START--
[ 2013-11-05T17:41:58+08:00 ] / | INFO: Run LocationTemplate Behavior [ RunTime:0.001195s ]
[ 2013-11-05T17:41:58+08:00 ] / | INFO: Tag[ view_template ] --END-- [ RunTime:-0.091641s ]
[ 2013-11-05T17:41:58+08:00 ] / | INFO: Tag[ view_parse ] --START--
[ 2013-11-05T17:41:58+08:00 ] / | INFO: Run ParseTemplate Behavior [ RunTime:0.003300s ]
[ 2013-11-05T17:41:58+08:00 ] / | INFO: Tag[ view_parse ] --END-- [ RunTime:-0.073429s ]
[ 2013-11-05T17:41:58+08:00 ] / | INFO: Tag[ view_filter ] --START--
[ 2013-11-05T17:41:58+08:00 ] / | INFO: Run ContentReplace Behavior [ RunTime:0.000108s ]
[ 2013-11-05T17:41:58+08:00 ] / | INFO: Run TokenBuild Behavior [ RunTime:0.000086s ]
[ 2013-11-05T17:41:58+08:00 ] / | INFO: Run WriteHtmlCache Behavior [ RunTime:0.000027s ]
[ 2013-11-05T17:41:58+08:00 ] / | INFO: Run ShowRuntime Behavior [ RunTime:0.000150s ]
[ 2013-11-05T17:41:58+08:00 ] / | INFO: Tag[ view_filter ] --END-- [ RunTime:-0.071420s ]
[ 2013-11-05T17:41:58+08:00 ] / | SQL: SELECT `id`,`newtitle`,`fstcreate` FROM `news` ORDER BY id LIMIT 10   [ RunTime:0.000542s ]
[ 2013-11-05T17:41:58+08:00 ] / | SQL: SELECT `id`,`newtitle`,`fstcreate`,`count` FROM `news` ORDER BY count,id LIMIT 10   [ RunTime:0.009951s ]
[ 2013-11-05T17:41:58+08:00 ] / | SQL: SELECT news.id,count(comment.type) as counts,news.newtitle FROM `news` left join comment on comment.type=news.id WHERE comment.isdel=1 GROUP BY comment.type ORDER BY counts desc  [ RunTime:0.001387s ]
[ 2013-11-05T17:41:58+08:00 ] / | INFO: Tag[ view_template ] --START--
[ 2013-11-05T17:41:58+08:00 ] / | INFO: Run LocationTemplate Behavior [ RunTime:0.001039s ]
[ 2013-11-05T17:41:58+08:00 ] / | INFO: Tag[ view_template ] --END-- [ RunTime:-0.110139s ]
[ 2013-11-05T17:41:58+08:00 ] / | INFO: Tag[ view_parse ] --START--
[ 2013-11-05T17:41:58+08:00 ] / | INFO: Run ParseTemplate Behavior [ RunTime:0.009130s ]
[ 2013-11-05T17:41:58+08:00 ] / | INFO: Tag[ view_parse ] --END-- [ RunTime:-0.091705s ]
[ 2013-11-05T17:41:58+08:00 ] / | INFO: Tag[ view_filter ] --START--
[ 2013-11-05T17:41:58+08:00 ] / | INFO: Run ContentReplace Behavior [ RunTime:0.000093s ]
[ 2013-11-05T17:41:58+08:00 ] / | INFO: Run TokenBuild Behavior [ RunTime:0.000065s ]
[ 2013-11-05T17:41:58+08:00 ] / | INFO: Run WriteHtmlCache Behavior [ RunTime:0.000020s ]
[ 2013-11-05T17:41:58+08:00 ] / | INFO: Run ShowRuntime Behavior [ RunTime:0.000117s ]
[ 2013-11-05T17:41:58+08:00 ] / | INFO: Tag[ view_filter ] --END-- [ RunTime:-0.095475s ]
[ 2013-11-05T17:41:58+08:00 ] / | SQL: SHOW COLUMNS FROM `newtype` [ RunTime:0.004004s ]
[ 2013-11-05T17:41:58+08:00 ] / | SQL: SELECT * FROM `newtype` WHERE isdel=0   [ RunTime:0.001579s ]
[ 2013-11-05T17:41:58+08:00 ] / | INFO: Tag[ view_template ] --START--
[ 2013-11-05T17:41:58+08:00 ] / | INFO: Run LocationTemplate Behavior [ RunTime:0.000979s ]
[ 2013-11-05T17:41:58+08:00 ] / | INFO: Tag[ view_template ] --END-- [ RunTime:-0.127252s ]
[ 2013-11-05T17:41:58+08:00 ] / | INFO: Tag[ view_parse ] --START--
[ 2013-11-05T17:41:58+08:00 ] / | INFO: Run ParseTemplate Behavior [ RunTime:0.003984s ]
[ 2013-11-05T17:41:58+08:00 ] / | INFO: Tag[ view_parse ] --END-- [ RunTime:-0.108768s ]
[ 2013-11-05T17:41:58+08:00 ] / | INFO: Tag[ view_filter ] --START--
[ 2013-11-05T17:41:58+08:00 ] / | INFO: Run ContentReplace Behavior [ RunTime:0.000080s ]
[ 2013-11-05T17:41:58+08:00 ] / | INFO: Run TokenBuild Behavior [ RunTime:0.000066s ]
[ 2013-11-05T17:41:58+08:00 ] / | INFO: Run WriteHtmlCache Behavior [ RunTime:0.000021s ]
[ 2013-11-05T17:41:58+08:00 ] / | INFO: Run ShowRuntime Behavior [ RunTime:0.000115s ]
[ 2013-11-05T17:41:58+08:00 ] / | INFO: Tag[ view_filter ] --END-- [ RunTime:-0.107395s ]
[ 2013-11-05T17:41:58+08:00 ] / | SQL: SELECT COUNT(*) AS tp_count FROM `news` join newtype on newtype.id=news.newtype LIMIT 1   [ RunTime:0.006144s ]
[ 2013-11-05T17:41:58+08:00 ] / | SQL: SELECT news.id,news.newtitle,news.author,news.fstcreate,news.newcontent,`count`,`typename`,`entypename`,`newimg` FROM `news` join newtype on newtype.id=news.newtype ORDER BY id desc  LIMIT 0,32   [ RunTime:0.001936s ]
[ 2013-11-05T17:41:58+08:00 ] / | INFO: Tag[ view_template ] --START--
[ 2013-11-05T17:41:58+08:00 ] / | INFO: Run LocationTemplate Behavior [ RunTime:0.001109s ]
[ 2013-11-05T17:41:58+08:00 ] / | INFO: Tag[ view_template ] --END-- [ RunTime:-0.142283s ]
[ 2013-11-05T17:41:58+08:00 ] / | INFO: Tag[ view_parse ] --START--
[ 2013-11-05T17:41:58+08:00 ] / | INFO: Run ParseTemplate Behavior [ RunTime:0.011569s ]
[ 2013-11-05T17:41:58+08:00 ] / | INFO: Tag[ view_parse ] --END-- [ RunTime:-0.123963s ]
[ 2013-11-05T17:41:58+08:00 ] / | INFO: Tag[ view_filter ] --START--
[ 2013-11-05T17:41:58+08:00 ] / | INFO: Run ContentReplace Behavior [ RunTime:0.000351s ]
[ 2013-11-05T17:41:58+08:00 ] / | INFO: Run TokenBuild Behavior [ RunTime:0.000091s ]
[ 2013-11-05T17:41:58+08:00 ] / | INFO: Run WriteHtmlCache Behavior [ RunTime:0.000028s ]
[ 2013-11-05T17:41:58+08:00 ] / | INFO: Run ShowRuntime Behavior [ RunTime:0.000195s ]
[ 2013-11-05T17:41:58+08:00 ] / | INFO: Tag[ view_filter ] --END-- [ RunTime:-0.130211s ]
[ 2013-11-05T17:41:58+08:00 ] / | INFO: Tag[ view_template ] --START--
[ 2013-11-05T17:41:58+08:00 ] / | INFO: Run LocationTemplate Behavior [ RunTime:0.001075s ]
[ 2013-11-05T17:41:58+08:00 ] / | INFO: Tag[ view_template ] --END-- [ RunTime:-0.156242s ]
[ 2013-11-05T17:41:58+08:00 ] / | INFO: Tag[ view_parse ] --START--
[ 2013-11-05T17:41:58+08:00 ] / | INFO: Run ParseTemplate Behavior [ RunTime:0.004641s ]
[ 2013-11-05T17:41:58+08:00 ] / | INFO: Tag[ view_parse ] --END-- [ RunTime:-0.137866s ]
[ 2013-11-05T17:41:58+08:00 ] / | INFO: Tag[ view_filter ] --START--
[ 2013-11-05T17:41:58+08:00 ] / | INFO: Run ContentReplace Behavior [ RunTime:0.000098s ]
[ 2013-11-05T17:41:58+08:00 ] / | INFO: Run TokenBuild Behavior [ RunTime:0.000071s ]
[ 2013-11-05T17:41:58+08:00 ] / | INFO: Run WriteHtmlCache Behavior [ RunTime:0.000035s ]
[ 2013-11-05T17:41:58+08:00 ] / | INFO: Run ShowRuntime Behavior [ RunTime:0.000120s ]
[ 2013-11-05T17:41:58+08:00 ] / | INFO: Tag[ view_filter ] --END-- [ RunTime:-0.137160s ]
[ 2013-11-05T17:41:58+08:00 ] / | INFO: Tag[ view_template ] --START--
[ 2013-11-05T17:41:58+08:00 ] / | INFO: Run LocationTemplate Behavior [ RunTime:0.000802s ]
[ 2013-11-05T17:41:58+08:00 ] / | INFO: Tag[ view_template ] --END-- [ RunTime:-0.162792s ]
[ 2013-11-05T17:41:58+08:00 ] / | INFO: Tag[ view_parse ] --START--
[ 2013-11-05T17:41:58+08:00 ] / | INFO: Run ParseTemplate Behavior [ RunTime:0.004966s ]
[ 2013-11-05T17:41:58+08:00 ] / | INFO: Tag[ view_parse ] --END-- [ RunTime:-0.144110s ]
[ 2013-11-05T17:41:58+08:00 ] / | INFO: Tag[ view_filter ] --START--
[ 2013-11-05T17:41:58+08:00 ] / | INFO: Run ContentReplace Behavior [ RunTime:0.000303s ]
[ 2013-11-05T17:41:58+08:00 ] / | INFO: Run TokenBuild Behavior [ RunTime:0.000067s ]
[ 2013-11-05T17:41:58+08:00 ] / | INFO: Run WriteHtmlCache Behavior [ RunTime:0.000021s ]
[ 2013-11-05T17:41:58+08:00 ] / | INFO: Run ShowRuntime Behavior [ RunTime:0.000160s ]
[ 2013-11-05T17:41:58+08:00 ] / | INFO: Tag[ view_filter ] --END-- [ RunTime:-0.143732s ]
[ 2013-11-05T17:41:58+08:00 ] / | INFO: Tag[ view_end ] --START--
[ 2013-11-05T17:41:58+08:00 ] / | INFO: Run ShowPageTrace Behavior [ RunTime:0.001262s ]
[ 2013-11-05T17:41:58+08:00 ] / | INFO: Tag[ view_end ] --END-- [ RunTime:0.001325s ]
